<?xml version="1.0" encoding="UTF-8"?>
<robot generator="Robot 7.3 (Python 3.13.3 on win32)" generated="2025-06-05T22:18:50.316128" rpa="false" schemaversion="5">
<suite id="s1" name="Tests" source="C:\Users\cassi\OneDrive\Área de Trabalho\OneDrive\Compass\compass\entregas\sprint7\serverest\tests">
<suite id="s1-s1" name="Unit Tests" source="C:\Users\cassi\OneDrive\Área de Trabalho\OneDrive\Compass\compass\entregas\sprint7\serverest\tests\unit_tests">
<suite id="s1-s1-s1" name="Carrinho" source="C:\Users\cassi\OneDrive\Área de Trabalho\OneDrive\Compass\compass\entregas\sprint7\serverest\tests\unit_tests\carrinho">
<suite id="s1-s1-s1-s1" name="Delete Carrinho Test" source="C:\Users\cassi\OneDrive\Área de Trabalho\OneDrive\Compass\compass\entregas\sprint7\serverest\tests\unit_tests\carrinho\delete_carrinho_test.robot">
<kw name="Preparar Sessao para Rota Produtos" owner="utils" type="SETUP">
<kw name="Create Session on Serverest" owner="base">
<kw name="Create Dictionary" owner="BuiltIn">
<msg time="2025-06-05T22:18:51.564489" level="INFO">${headers} = {'Accept': 'application/json', 'Content-Type': 'application/json'}</msg>
<var>${headers}</var>
<arg>Accept=application/json</arg>
<arg>Content-Type=application/json</arg>
<doc>Creates and returns a dictionary based on the given ``items``.</doc>
<status status="PASS" start="2025-06-05T22:18:51.563792" elapsed="0.000745"/>
</kw>
<kw name="Create Session" owner="RequestsLibrary">
<msg time="2025-06-05T22:18:51.564992" level="INFO">Creating Session using : alias=Serverest, url=https://serverest.dev, headers={'Accept': 'application/json', 'Content-Type': 'application/json'},                     cookies={}, auth=None, timeout=None, proxies=None, verify=False,                     debug=0 </msg>
<arg>alias=Serverest</arg>
<arg>url=${BASE_URI}</arg>
<arg>headers=${headers}</arg>
<doc>Create Session: create a HTTP session to a server</doc>
<status status="PASS" start="2025-06-05T22:18:51.564704" elapsed="0.000506"/>
</kw>
<status status="PASS" start="2025-06-05T22:18:51.562837" elapsed="0.002457"/>
</kw>
<kw name="Cadastrar usuario valido" owner="create_user_keywords">
<kw name="Generate dynamic data for User" owner="dynamic">
<kw name="Name" owner="FakerLibrary">
<msg time="2025-06-05T22:18:51.566343" level="INFO">${nome} = Terry Williams</msg>
<var>${nome}</var>
<doc>:example: 'John Doe'</doc>
<status status="PASS" start="2025-06-05T22:18:51.565891" elapsed="0.000483"/>
</kw>
<kw name="Email" owner="FakerLibrary">
<msg time="2025-06-05T22:18:51.566911" level="INFO">${email} = reillychristy@example.org</msg>
<var>${email}</var>
<status status="PASS" start="2025-06-05T22:18:51.566508" elapsed="0.000434"/>
</kw>
<kw name="Password" owner="FakerLibrary">
<msg time="2025-06-05T22:18:51.567448" level="INFO">${password} = b+Y4Xn</msg>
<var>${password}</var>
<arg>length=6</arg>
<arg>special_chars=${True}</arg>
<arg>digits=${True}</arg>
<doc>Generate a random password of the specified ``length``.</doc>
<status status="PASS" start="2025-06-05T22:18:51.567065" elapsed="0.000415"/>
</kw>
<kw name="Create Dictionary" owner="BuiltIn">
<msg time="2025-06-05T22:18:51.567916" level="INFO">${usuario} = {'nome': 'Terry Williams', 'email': 'reillychristy@example.org', 'password': 'b+Y4Xn', 'administrador': 'true'}</msg>
<var>${usuario}</var>
<arg>nome=${nome}</arg>
<arg>email=${email}</arg>
<arg>password=${password}</arg>
<arg>administrador=true</arg>
<doc>Creates and returns a dictionary based on the given ``items``.</doc>
<status status="PASS" start="2025-06-05T22:18:51.567622" elapsed="0.000324"/>
</kw>
<return>
<value>${usuario}</value>
<status status="PASS" start="2025-06-05T22:18:51.568009" elapsed="0.000052"/>
</return>
<msg time="2025-06-05T22:18:51.568205" level="INFO">${valid_user} = {'nome': 'Terry Williams', 'email': 'reillychristy@example.org', 'password': 'b+Y4Xn', 'administrador': 'true'}</msg>
<var>${valid_user}</var>
<status status="PASS" start="2025-06-05T22:18:51.565714" elapsed="0.002519"/>
</kw>
<kw name="Set Global Variable" owner="BuiltIn">
<msg time="2025-06-05T22:18:51.568614" level="INFO">${valid_user} = {'nome': 'Terry Williams', 'email': 'reillychristy@example.org', 'password': 'b+Y4Xn', 'administrador': 'true'}</msg>
<arg>${valid_user}</arg>
<arg>${valid_user}</arg>
<doc>Makes a variable available globally in all tests and suites.</doc>
<status status="PASS" start="2025-06-05T22:18:51.568362" elapsed="0.000297"/>
</kw>
<kw name="POST On Session" owner="RequestsLibrary">
<msg time="2025-06-05T22:18:51.993562" level="INFO">POST Request : url=https://serverest.dev/usuarios 
 path_url=/usuarios 
 headers={'User-Agent': 'python-requests/2.32.3', 'Accept-Encoding': 'gzip, deflate', 'Accept': 'application/json', 'Connection': 'keep-alive', 'Content-Type': 'application/json', 'Content-Length': '111'} 
 body=b'{"nome": "Terry Williams", "email": "reillychristy@example.org", "password": "b+Y4Xn", "administrador": "true"}' 
 </msg>
<msg time="2025-06-05T22:18:51.994074" level="INFO">POST Response : url=https://serverest.dev/usuarios 
 status=201, reason=Created 
 headers={'access-control-allow-origin': '*', 'x-dns-prefetch-control': 'off', 'x-frame-options': 'SAMEORIGIN', 'strict-transport-security': 'max-age=15552000; includeSubDomains', 'x-download-options': 'noopen', 'x-content-type-options': 'nosniff', 'x-xss-protection': '1; mode=block', 'content-type': 'application/json; charset=utf-8', 'x-cloud-trace-context': 'f26ca2cba0e02daa7d00effe12936253', 'date': 'Fri, 06 Jun 2025 01:18:53 GMT', 'server': 'Google Frontend', 'Content-Length': '82'} 
 body={
    "message": "Cadastro realizado com sucesso",
    "_id": "0TvXLGjQNufVfCgi"
} 
 </msg>
<msg time="2025-06-05T22:18:51.994381" level="INFO">C:\Users\cassi\OneDrive\Área de Trabalho\OneDrive\Compass\compass\entregas\sprint7\serverest\.venv\Lib\site-packages\urllib3\connectionpool.py:1097: InsecureRequestWarning: Unverified HTTPS request is being made to host 'serverest.dev'. Adding certificate verification is strongly advised. See: https://urllib3.readthedocs.io/en/latest/advanced-usage.html#tls-warnings
  warnings.warn(</msg>
<msg time="2025-06-05T22:18:51.995643" level="INFO">${response} = &lt;Response [201]&gt;</msg>
<var>${response}</var>
<arg>alias=Serverest</arg>
<arg>url=/usuarios</arg>
<arg>json=${valid_user}</arg>
<arg>expected_status=${status_code_desejado}</arg>
<doc>Sends a POST request on a previously created HTTP Session.</doc>
<status status="PASS" start="2025-06-05T22:18:51.568781" elapsed="0.427031"/>
</kw>
<kw name="Set Global Variable" owner="BuiltIn">
<msg time="2025-06-05T22:18:52.000755" level="INFO">${user_id} = 0TvXLGjQNufVfCgi</msg>
<arg>${user_id}</arg>
<arg>${response.json()["_id"]}</arg>
<doc>Makes a variable available globally in all tests and suites.</doc>
<status status="PASS" start="2025-06-05T22:18:51.996519" elapsed="0.004435"/>
</kw>
<kw name="Get From Dictionary" owner="Collections">
<msg time="2025-06-05T22:18:52.002493" level="INFO">${user_email} = reillychristy@example.org</msg>
<var>${user_email}</var>
<arg>${valid_user}</arg>
<arg>email</arg>
<doc>Returns a value from the given ``dictionary`` based on the given ``key``.</doc>
<status status="PASS" start="2025-06-05T22:18:52.001633" elapsed="0.000976"/>
</kw>
<kw name="Set Global Variable" owner="BuiltIn">
<msg time="2025-06-05T22:18:52.004222" level="INFO">${user_email} = reillychristy@example.org</msg>
<arg>${user_email}</arg>
<doc>Makes a variable available globally in all tests and suites.</doc>
<status status="PASS" start="2025-06-05T22:18:52.003197" elapsed="0.001222"/>
</kw>
<kw name="Return From Keyword" owner="BuiltIn">
<msg time="2025-06-05T22:18:52.005384" level="INFO">Returning from the enclosing user keyword.</msg>
<arg>${response.json()}</arg>
<doc>Returns from the enclosing user keyword.</doc>
<status status="PASS" start="2025-06-05T22:18:52.005018" elapsed="0.000627"/>
</kw>
<arg>201</arg>
<status status="PASS" start="2025-06-05T22:18:51.565460" elapsed="0.441888"/>
</kw>
<kw name="Login com credenciais validas" owner="login_keyword">
<kw name="Create Dictionary" owner="BuiltIn">
<msg time="2025-06-05T22:18:52.012458" level="INFO">${payload} = {'email': 'reillychristy@example.org', 'password': 'b+Y4Xn'}</msg>
<var>${payload}</var>
<arg>email=${user["email"]}</arg>
<arg>password=${user["password"]}</arg>
<doc>Creates and returns a dictionary based on the given ``items``.</doc>
<status status="PASS" start="2025-06-05T22:18:52.010000" elapsed="0.002553"/>
</kw>
<kw name="POST On Session" owner="RequestsLibrary">
<msg time="2025-06-05T22:18:52.207145" level="INFO">POST Request : url=https://serverest.dev/login 
 path_url=/login 
 headers={'User-Agent': 'python-requests/2.32.3', 'Accept-Encoding': 'gzip, deflate', 'Accept': 'application/json', 'Connection': 'keep-alive', 'Content-Type': 'application/json', 'Content-Length': '60'} 
 body=b'{"email": "reillychristy@example.org", "password": "b+Y4Xn"}' 
 </msg>
<msg time="2025-06-05T22:18:52.207529" level="INFO">POST Response : url=https://serverest.dev/login 
 status=200, reason=OK 
 headers={'access-control-allow-origin': '*', 'x-dns-prefetch-control': 'off', 'x-frame-options': 'SAMEORIGIN', 'strict-transport-security': 'max-age=15552000; includeSubDomains', 'x-download-options': 'noopen', 'x-content-type-options': 'nosniff', 'x-xss-protection': '1; mode=block', 'content-type': 'application/json; charset=utf-8', 'x-cloud-trace-context': '1e2c2f7a0b4b6abc7d00effe12936519', 'date': 'Fri, 06 Jun 2025 01:18:53 GMT', 'server': 'Google Frontend', 'Content-Length': '283'} 
 body={
    "message": "Login realizado com sucesso",
    "authorization": "Bearer eyJhbGciOiJIUzI1NiIsInR5cCI6IkpXVCJ9.eyJlbWFpbCI6InJlaWxseWNocmlzdHlAZXhhbXBsZS5vcmciLCJwYXNzd29yZCI6ImIrWTRYbiIsImlhdCI6MTc0OTE3MjczMywiZXhwIjoxNzQ5MTczMzMzfQ.nt09DVgwG21Nl5kMqREeWTyrIyAokmT6Lds1NdvE2EI"
} 
 </msg>
<msg time="2025-06-05T22:18:52.207815" level="INFO">C:\Users\cassi\OneDrive\Área de Trabalho\OneDrive\Compass\compass\entregas\sprint7\serverest\.venv\Lib\site-packages\urllib3\connectionpool.py:1097: InsecureRequestWarning: Unverified HTTPS request is being made to host 'serverest.dev'. Adding certificate verification is strongly advised. See: https://urllib3.readthedocs.io/en/latest/advanced-usage.html#tls-warnings
  warnings.warn(</msg>
<msg time="2025-06-05T22:18:52.209064" level="INFO">${response} = &lt;Response [200]&gt;</msg>
<var>${response}</var>
<arg>alias=Serverest</arg>
<arg>url=/login</arg>
<arg>json=${payload}</arg>
<arg>expected_status=${status_code_desejado}</arg>
<doc>Sends a POST request on a previously created HTTP Session.</doc>
<status status="PASS" start="2025-06-05T22:18:52.012940" elapsed="0.196344"/>
</kw>
<kw name="Get From Dictionary" owner="Collections">
<msg time="2025-06-05T22:18:52.212173" level="INFO">${message} = Login realizado com sucesso</msg>
<var>${message}</var>
<arg>${response.json()}</arg>
<arg>message</arg>
<doc>Returns a value from the given ``dictionary`` based on the given ``key``.</doc>
<status status="PASS" start="2025-06-05T22:18:52.210094" elapsed="0.002210"/>
</kw>
<kw name="Should Be Equal As Strings" owner="BuiltIn">
<arg>${message}</arg>
<arg>Login realizado com sucesso</arg>
<doc>Fails if objects are unequal after converting them to strings.</doc>
<status status="PASS" start="2025-06-05T22:18:52.212914" elapsed="0.000725"/>
</kw>
<kw name="Get From Dictionary" owner="Collections">
<msg time="2025-06-05T22:18:52.216277" level="INFO">${authorization} = Bearer eyJhbGciOiJIUzI1NiIsInR5cCI6IkpXVCJ9.eyJlbWFpbCI6InJlaWxseWNocmlzdHlAZXhhbXBsZS5vcmciLCJwYXNzd29yZCI6ImIrWTRYbiIsImlhdCI6MTc0OTE3MjczMywiZXhwIjoxNzQ5MTczMzMzfQ.nt09DVgwG21Nl5kMqREeWTyrIyAokmT6L...</msg>
<var>${authorization}</var>
<arg>${response.json()}</arg>
<arg>authorization</arg>
<doc>Returns a value from the given ``dictionary`` based on the given ``key``.</doc>
<status status="PASS" start="2025-06-05T22:18:52.214163" elapsed="0.002343"/>
</kw>
<kw name="Replace String" owner="String">
<msg time="2025-06-05T22:18:52.219095" level="INFO">${token} =  eyJhbGciOiJIUzI1NiIsInR5cCI6IkpXVCJ9.eyJlbWFpbCI6InJlaWxseWNocmlzdHlAZXhhbXBsZS5vcmciLCJwYXNzd29yZCI6ImIrWTRYbiIsImlhdCI6MTc0OTE3MjczMywiZXhwIjoxNzQ5MTczMzMzfQ.nt09DVgwG21Nl5kMqREeWTyrIyAokmT6Lds1Ndv...</msg>
<var>${token}</var>
<arg>${authorization}</arg>
<arg>Bearer</arg>
<arg>${EMPTY}</arg>
<doc>Replaces ``search_for`` in the given ``string`` with ``replace_with``.</doc>
<status status="PASS" start="2025-06-05T22:18:52.217220" elapsed="0.001972"/>
</kw>
<kw name="Strip String" owner="String">
<msg time="2025-06-05T22:18:52.220414" level="INFO">${token} = eyJhbGciOiJIUzI1NiIsInR5cCI6IkpXVCJ9.eyJlbWFpbCI6InJlaWxseWNocmlzdHlAZXhhbXBsZS5vcmciLCJwYXNzd29yZCI6ImIrWTRYbiIsImlhdCI6MTc0OTE3MjczMywiZXhwIjoxNzQ5MTczMzMzfQ.nt09DVgwG21Nl5kMqREeWTyrIyAokmT6Lds1NdvE...</msg>
<var>${token}</var>
<arg>${token}</arg>
<doc>Remove leading and/or trailing whitespaces from the given string.</doc>
<status status="PASS" start="2025-06-05T22:18:52.219710" elapsed="0.000863"/>
</kw>
<kw name="Set Global Variable" owner="BuiltIn">
<msg time="2025-06-05T22:18:52.221801" level="INFO">${token} = eyJhbGciOiJIUzI1NiIsInR5cCI6IkpXVCJ9.eyJlbWFpbCI6InJlaWxseWNocmlzdHlAZXhhbXBsZS5vcmciLCJwYXNzd29yZCI6ImIrWTRYbiIsImlhdCI6MTc0OTE3MjczMywiZXhwIjoxNzQ5MTczMzMzfQ.nt09DVgwG21Nl5kMqREeWTyrIyAokmT6Lds1NdvE...</msg>
<arg>${token}</arg>
<doc>Makes a variable available globally in all tests and suites.</doc>
<status status="PASS" start="2025-06-05T22:18:52.221191" elapsed="0.000750"/>
</kw>
<kw name="Log To Console" owner="BuiltIn">
<arg>${token}</arg>
<doc>Logs the given message to the console.</doc>
<status status="PASS" start="2025-06-05T22:18:52.222298" elapsed="0.000857"/>
</kw>
<arg>200</arg>
<arg>${valid_user}</arg>
<status status="PASS" start="2025-06-05T22:18:52.008172" elapsed="0.215206"/>
</kw>
<status status="PASS" start="2025-06-05T22:18:51.562507" elapsed="0.661027"/>
</kw>
<test id="s1-s1-s1-s1-t1" name="CT050: Excluir carrinho existente" line="11">
<kw name="Cadastrar produto com usuario autenticado" owner="create_produto_keyword">
<kw name="Generate dynamic data for Product" owner="dynamic">
<kw name="Name Nonbinary" owner="FakerLibrary">
<msg time="2025-06-05T22:18:52.226869" level="INFO">${nome} = Brandon Mays</msg>
<var>${nome}</var>
<status status="PASS" start="2025-06-05T22:18:52.225999" elapsed="0.000936"/>
</kw>
<kw name="Pyint" owner="FakerLibrary">
<msg time="2025-06-05T22:18:52.227492" level="INFO">${preco} = 5056</msg>
<var>${preco}</var>
<status status="PASS" start="2025-06-05T22:18:52.227185" elapsed="0.000366"/>
</kw>
<kw name="Color Name" owner="FakerLibrary">
<msg time="2025-06-05T22:18:52.228052" level="INFO">${descricao} = LightSlateGray</msg>
<var>${descricao}</var>
<doc>Generate a color name.</doc>
<status status="PASS" start="2025-06-05T22:18:52.227779" elapsed="0.000318"/>
</kw>
<kw name="Random Int" owner="FakerLibrary">
<msg time="2025-06-05T22:18:52.228517" level="INFO">${quantidade} = 4017</msg>
<var>${quantidade}</var>
<doc>Generate a random integer between two integers ``min`` and ``max`` inclusive
while observing the provided ``step`` value.</doc>
<status status="PASS" start="2025-06-05T22:18:52.228291" elapsed="0.000269"/>
</kw>
<kw name="Create Dictionary" owner="BuiltIn">
<msg time="2025-06-05T22:18:52.229399" level="INFO">${produto} = {'nome': 'Brandon Mays', 'preco': 5056, 'descricao': 'LightSlateGray', 'quantidade': 4017}</msg>
<var>${produto}</var>
<arg>nome=${nome}</arg>
<arg>preco=${preco}</arg>
<arg>descricao=${descricao}</arg>
<arg>quantidade=${quantidade}</arg>
<doc>Creates and returns a dictionary based on the given ``items``.</doc>
<status status="PASS" start="2025-06-05T22:18:52.228778" elapsed="0.000670"/>
</kw>
<return>
<value>${produto}</value>
<status status="PASS" start="2025-06-05T22:18:52.229548" elapsed="0.000071"/>
</return>
<msg time="2025-06-05T22:18:52.229839" level="INFO">${produto} = {'nome': 'Brandon Mays', 'preco': 5056, 'descricao': 'LightSlateGray', 'quantidade': 4017}</msg>
<var>${produto}</var>
<status status="PASS" start="2025-06-05T22:18:52.225543" elapsed="0.004341"/>
</kw>
<kw name="Create Dictionary" owner="BuiltIn">
<msg time="2025-06-05T22:18:52.230645" level="INFO">${headers} = {'Authorization': 'Bearer eyJhbGciOiJIUzI1NiIsInR5cCI6IkpXVCJ9.eyJlbWFpbCI6InJlaWxseWNocmlzdHlAZXhhbXBsZS5vcmciLCJwYXNzd29yZCI6ImIrWTRYbiIsImlhdCI6MTc0OTE3MjczMywiZXhwIjoxNzQ5MTczMzMzfQ.nt09DVgwG21Nl5...</msg>
<var>${headers}</var>
<arg>Authorization=Bearer ${token}</arg>
<arg>Content-Type=application/json</arg>
<doc>Creates and returns a dictionary based on the given ``items``.</doc>
<status status="PASS" start="2025-06-05T22:18:52.230263" elapsed="0.000431"/>
</kw>
<kw name="POST On Session" owner="RequestsLibrary">
<msg time="2025-06-05T22:18:52.415858" level="INFO">POST Request : url=https://serverest.dev/produtos 
 path_url=/produtos 
 headers={'User-Agent': 'python-requests/2.32.3', 'Accept-Encoding': 'gzip, deflate', 'Accept': 'application/json', 'Connection': 'keep-alive', 'Content-Type': 'application/json', 'Authorization': 'Bearer eyJhbGciOiJIUzI1NiIsInR5cCI6IkpXVCJ9.eyJlbWFpbCI6InJlaWxseWNocmlzdHlAZXhhbXBsZS5vcmciLCJwYXNzd29yZCI6ImIrWTRYbiIsImlhdCI6MTc0OTE3MjczMywiZXhwIjoxNzQ5MTczMzMzfQ.nt09DVgwG21Nl5kMqREeWTyrIyAokmT6Lds1NdvE2EI', 'Content-Length': '90'} 
 body=b'{"nome": "Brandon Mays", "preco": 5056, "descricao": "LightSlateGray", "quantidade": 4017}' 
 </msg>
<msg time="2025-06-05T22:18:52.416174" level="INFO">POST Response : url=https://serverest.dev/produtos 
 status=201, reason=Created 
 headers={'access-control-allow-origin': '*', 'x-dns-prefetch-control': 'off', 'x-frame-options': 'SAMEORIGIN', 'strict-transport-security': 'max-age=15552000; includeSubDomains', 'x-download-options': 'noopen', 'x-content-type-options': 'nosniff', 'x-xss-protection': '1; mode=block', 'content-type': 'application/json; charset=utf-8', 'x-cloud-trace-context': 'bc850d4ba7f706177d00effe129364b0', 'date': 'Fri, 06 Jun 2025 01:18:54 GMT', 'server': 'Google Frontend', 'Content-Length': '82'} 
 body={
    "message": "Cadastro realizado com sucesso",
    "_id": "QgMnGgvjZ3A49QSI"
} 
 </msg>
<msg time="2025-06-05T22:18:52.416410" level="INFO">C:\Users\cassi\OneDrive\Área de Trabalho\OneDrive\Compass\compass\entregas\sprint7\serverest\.venv\Lib\site-packages\urllib3\connectionpool.py:1097: InsecureRequestWarning: Unverified HTTPS request is being made to host 'serverest.dev'. Adding certificate verification is strongly advised. See: https://urllib3.readthedocs.io/en/latest/advanced-usage.html#tls-warnings
  warnings.warn(</msg>
<msg time="2025-06-05T22:18:52.417456" level="INFO">${response} = &lt;Response [201]&gt;</msg>
<var>${response}</var>
<arg>alias=Serverest</arg>
<arg>url=/produtos</arg>
<arg>json=${produto}</arg>
<arg>headers=${headers}</arg>
<arg>expected_status=${status_code_desejado}</arg>
<doc>Sends a POST request on a previously created HTTP Session.</doc>
<status status="PASS" start="2025-06-05T22:18:52.230915" elapsed="0.186708"/>
</kw>
<kw name="Set Global Variable" owner="BuiltIn">
<msg time="2025-06-05T22:18:52.421844" level="INFO">${product_name} = Brandon Mays</msg>
<arg>${product_name}</arg>
<arg>${produto["nome"]}</arg>
<doc>Makes a variable available globally in all tests and suites.</doc>
<status status="PASS" start="2025-06-05T22:18:52.418264" elapsed="0.003794"/>
</kw>
<kw name="Set Global Variable" owner="BuiltIn">
<msg time="2025-06-05T22:18:52.426160" level="INFO">${product_qtd} = 4017</msg>
<arg>${product_qtd}</arg>
<arg>${produto["quantidade"]}</arg>
<doc>Makes a variable available globally in all tests and suites.</doc>
<status status="PASS" start="2025-06-05T22:18:52.422605" elapsed="0.003748"/>
</kw>
<kw name="Set Global Variable" owner="BuiltIn">
<msg time="2025-06-05T22:18:52.431016" level="INFO">${product_id} = QgMnGgvjZ3A49QSI</msg>
<arg>${product_id}</arg>
<arg>${response.json()["_id"]}</arg>
<doc>Makes a variable available globally in all tests and suites.</doc>
<status status="PASS" start="2025-06-05T22:18:52.426873" elapsed="0.004348"/>
</kw>
<arg>201</arg>
<status status="PASS" start="2025-06-05T22:18:52.224860" elapsed="0.206592"/>
</kw>
<kw name="Criar carrinho valido" owner="create_carrinho_keyword">
<kw name="Create Dictionary" owner="BuiltIn">
<msg time="2025-06-05T22:18:52.434109" level="INFO">${headers} = {'Authorization': 'Bearer eyJhbGciOiJIUzI1NiIsInR5cCI6IkpXVCJ9.eyJlbWFpbCI6InJlaWxseWNocmlzdHlAZXhhbXBsZS5vcmciLCJwYXNzd29yZCI6ImIrWTRYbiIsImlhdCI6MTc0OTE3MjczMywiZXhwIjoxNzQ5MTczMzMzfQ.nt09DVgwG21Nl5...</msg>
<var>${headers}</var>
<arg>Authorization=Bearer ${token}</arg>
<arg>Content-Type=application/json</arg>
<doc>Creates and returns a dictionary based on the given ``items``.</doc>
<status status="PASS" start="2025-06-05T22:18:52.433116" elapsed="0.001117"/>
</kw>
<kw name="Create Dictionary" owner="BuiltIn">
<msg time="2025-06-05T22:18:52.435689" level="INFO">${produto} = {'idProduto': 'QgMnGgvjZ3A49QSI', 'quantidade': '1'}</msg>
<var>${produto}</var>
<arg>idProduto=${id}</arg>
<arg>quantidade=1</arg>
<doc>Creates and returns a dictionary based on the given ``items``.</doc>
<status status="PASS" start="2025-06-05T22:18:52.434799" elapsed="0.000981"/>
</kw>
<kw name="Create List" owner="BuiltIn">
<msg time="2025-06-05T22:18:52.436822" level="INFO">${lista_produtos} = []</msg>
<var>${lista_produtos}</var>
<doc>Returns a list containing given items.</doc>
<status status="PASS" start="2025-06-05T22:18:52.436266" elapsed="0.000642"/>
</kw>
<kw name="Append To List" owner="Collections">
<arg>${lista_produtos}</arg>
<arg>${produto}</arg>
<doc>Adds ``values`` to the end of ``list``.</doc>
<status status="PASS" start="2025-06-05T22:18:52.437250" elapsed="0.000480"/>
</kw>
<kw name="Create Dictionary" owner="BuiltIn">
<msg time="2025-06-05T22:18:52.438790" level="INFO">${payload} = {'produtos': [{'idProduto': 'QgMnGgvjZ3A49QSI', 'quantidade': '1'}]}</msg>
<var>${payload}</var>
<arg>produtos=${lista_produtos}</arg>
<doc>Creates and returns a dictionary based on the given ``items``.</doc>
<status status="PASS" start="2025-06-05T22:18:52.438169" elapsed="0.000699"/>
</kw>
<kw name="POST On Session" owner="RequestsLibrary">
<msg time="2025-06-05T22:18:52.623974" level="INFO">POST Request : url=https://serverest.dev/carrinhos 
 path_url=/carrinhos 
 headers={'User-Agent': 'python-requests/2.32.3', 'Accept-Encoding': 'gzip, deflate', 'Accept': 'application/json', 'Connection': 'keep-alive', 'Content-Type': 'application/json', 'Authorization': 'Bearer eyJhbGciOiJIUzI1NiIsInR5cCI6IkpXVCJ9.eyJlbWFpbCI6InJlaWxseWNocmlzdHlAZXhhbXBsZS5vcmciLCJwYXNzd29yZCI6ImIrWTRYbiIsImlhdCI6MTc0OTE3MjczMywiZXhwIjoxNzQ5MTczMzMzfQ.nt09DVgwG21Nl5kMqREeWTyrIyAokmT6Lds1NdvE2EI', 'Content-Length': '68'} 
 body=b'{"produtos": [{"idProduto": "QgMnGgvjZ3A49QSI", "quantidade": "1"}]}' 
 </msg>
<msg time="2025-06-05T22:18:52.624297" level="INFO">POST Response : url=https://serverest.dev/carrinhos 
 status=201, reason=Created 
 headers={'access-control-allow-origin': '*', 'x-dns-prefetch-control': 'off', 'x-frame-options': 'SAMEORIGIN', 'strict-transport-security': 'max-age=15552000; includeSubDomains', 'x-download-options': 'noopen', 'x-content-type-options': 'nosniff', 'x-xss-protection': '1; mode=block', 'content-type': 'application/json; charset=utf-8', 'x-cloud-trace-context': 'ccf0ae4e584373157d00effe12936de9', 'date': 'Fri, 06 Jun 2025 01:18:54 GMT', 'server': 'Google Frontend', 'Content-Length': '82'} 
 body={
    "message": "Cadastro realizado com sucesso",
    "_id": "dQlEcCfAqUv90kwW"
} 
 </msg>
<msg time="2025-06-05T22:18:52.624599" level="INFO">C:\Users\cassi\OneDrive\Área de Trabalho\OneDrive\Compass\compass\entregas\sprint7\serverest\.venv\Lib\site-packages\urllib3\connectionpool.py:1097: InsecureRequestWarning: Unverified HTTPS request is being made to host 'serverest.dev'. Adding certificate verification is strongly advised. See: https://urllib3.readthedocs.io/en/latest/advanced-usage.html#tls-warnings
  warnings.warn(</msg>
<msg time="2025-06-05T22:18:52.625931" level="INFO">${response} = &lt;Response [201]&gt;</msg>
<var>${response}</var>
<arg>alias=Serverest</arg>
<arg>url=/carrinhos</arg>
<arg>json=${payload}</arg>
<arg>headers=${headers}</arg>
<arg>expected_status=${status_code_desejado}</arg>
<doc>Sends a POST request on a previously created HTTP Session.</doc>
<status status="PASS" start="2025-06-05T22:18:52.439240" elapsed="0.186910"/>
</kw>
<kw name="Set Global Variable" owner="BuiltIn">
<msg time="2025-06-05T22:18:52.631750" level="INFO">${carter_id} = dQlEcCfAqUv90kwW</msg>
<arg>${carter_id}</arg>
<arg>${response.json()["_id"]}</arg>
<doc>Makes a variable available globally in all tests and suites.</doc>
<status status="PASS" start="2025-06-05T22:18:52.627287" elapsed="0.004693"/>
</kw>
<kw name="Should Be Equal As Strings" owner="BuiltIn">
<arg>${response.json()["message"]}</arg>
<arg>Cadastro realizado com sucesso</arg>
<doc>Fails if objects are unequal after converting them to strings.</doc>
<status status="PASS" start="2025-06-05T22:18:52.632555" elapsed="0.002158"/>
</kw>
<arg>201</arg>
<arg>${product_id}</arg>
<status status="PASS" start="2025-06-05T22:18:52.432324" elapsed="0.202711"/>
</kw>
<kw name="Excluir carrinho" owner="delete_carrinho_keyword">
<kw name="Create Dictionary" owner="BuiltIn">
<msg time="2025-06-05T22:18:52.638276" level="INFO">${headers} = {'Authorization': 'Bearer eyJhbGciOiJIUzI1NiIsInR5cCI6IkpXVCJ9.eyJlbWFpbCI6InJlaWxseWNocmlzdHlAZXhhbXBsZS5vcmciLCJwYXNzd29yZCI6ImIrWTRYbiIsImlhdCI6MTc0OTE3MjczMywiZXhwIjoxNzQ5MTczMzMzfQ.nt09DVgwG21Nl5...</msg>
<var>${headers}</var>
<arg>Authorization=Bearer ${token}</arg>
<arg>Content-Type=application/json</arg>
<doc>Creates and returns a dictionary based on the given ``items``.</doc>
<status status="PASS" start="2025-06-05T22:18:52.637598" elapsed="0.000776"/>
</kw>
<kw name="DELETE On Session" owner="RequestsLibrary">
<msg time="2025-06-05T22:18:52.844000" level="INFO">DELETE Request : url=https://serverest.dev/carrinhos/concluir-compra 
 path_url=/carrinhos/concluir-compra 
 headers={'User-Agent': 'python-requests/2.32.3', 'Accept-Encoding': 'gzip, deflate', 'Accept': 'application/json', 'Connection': 'keep-alive', 'Content-Type': 'application/json', 'Authorization': 'Bearer eyJhbGciOiJIUzI1NiIsInR5cCI6IkpXVCJ9.eyJlbWFpbCI6InJlaWxseWNocmlzdHlAZXhhbXBsZS5vcmciLCJwYXNzd29yZCI6ImIrWTRYbiIsImlhdCI6MTc0OTE3MjczMywiZXhwIjoxNzQ5MTczMzMzfQ.nt09DVgwG21Nl5kMqREeWTyrIyAokmT6Lds1NdvE2EI', 'Content-Length': '0'} 
 body=None 
 </msg>
<msg time="2025-06-05T22:18:52.844320" level="INFO">DELETE Response : url=https://serverest.dev/carrinhos/concluir-compra 
 status=200, reason=OK 
 headers={'access-control-allow-origin': '*', 'x-dns-prefetch-control': 'off', 'x-frame-options': 'SAMEORIGIN', 'strict-transport-security': 'max-age=15552000; includeSubDomains', 'x-download-options': 'noopen', 'x-content-type-options': 'nosniff', 'x-xss-protection': '1; mode=block', 'content-type': 'application/json; charset=utf-8', 'x-cloud-trace-context': '806fddbe998e585f7d00effe12936730', 'date': 'Fri, 06 Jun 2025 01:18:54 GMT', 'server': 'Google Frontend', 'Content-Length': '51'} 
 body={
    "message": "Registro excluído com sucesso"
} 
 </msg>
<msg time="2025-06-05T22:18:52.844597" level="INFO">C:\Users\cassi\OneDrive\Área de Trabalho\OneDrive\Compass\compass\entregas\sprint7\serverest\.venv\Lib\site-packages\urllib3\connectionpool.py:1097: InsecureRequestWarning: Unverified HTTPS request is being made to host 'serverest.dev'. Adding certificate verification is strongly advised. See: https://urllib3.readthedocs.io/en/latest/advanced-usage.html#tls-warnings
  warnings.warn(</msg>
<msg time="2025-06-05T22:18:52.845834" level="INFO">${response} = &lt;Response [200]&gt;</msg>
<var>${response}</var>
<arg>alias=Serverest</arg>
<arg>url=/carrinhos/concluir-compra</arg>
<arg>headers=${headers}</arg>
<arg>expected_status=${status_code_desejado}</arg>
<doc>Sends a DELETE request on a previously created HTTP Session.</doc>
<status status="PASS" start="2025-06-05T22:18:52.638737" elapsed="0.207290"/>
</kw>
<kw name="Get From Dictionary" owner="Collections">
<msg time="2025-06-05T22:18:52.848878" level="INFO">${mensagem} = Registro excluído com sucesso</msg>
<var>${mensagem}</var>
<arg>${response.json()}</arg>
<arg>message</arg>
<doc>Returns a value from the given ``dictionary`` based on the given ``key``.</doc>
<status status="PASS" start="2025-06-05T22:18:52.846823" elapsed="0.002175"/>
</kw>
<kw name="Should Be Equal As Strings" owner="BuiltIn">
<arg>${mensagem}</arg>
<arg>Registro excluído com sucesso</arg>
<doc>Fails if objects are unequal after converting them to strings.</doc>
<status status="PASS" start="2025-06-05T22:18:52.849538" elapsed="0.000617"/>
</kw>
<arg>200</arg>
<status status="PASS" start="2025-06-05T22:18:52.636609" elapsed="0.213792"/>
</kw>
<tag>CT050</tag>
<status status="PASS" start="2025-06-05T22:18:52.223664" elapsed="0.627588"/>
</test>
<doc>Testing the /produtos endpoint of the Serverest API</doc>
<status status="PASS" start="2025-06-05T22:18:50.359570" elapsed="2.495322"/>
</suite>
<status status="PASS" start="2025-06-05T22:18:50.357249" elapsed="2.502203"/>
</suite>
<status status="PASS" start="2025-06-05T22:18:50.354353" elapsed="2.508013"/>
</suite>
<status status="PASS" start="2025-06-05T22:18:50.318834" elapsed="2.545915"/>
</suite>
<statistics>
<total>
<stat pass="1" fail="0" skip="0">All Tests</stat>
</total>
<tag>
<stat pass="1" fail="0" skip="0">CT050</stat>
</tag>
<suite>
<stat name="Tests" id="s1" pass="1" fail="0" skip="0">Tests</stat>
<stat name="Unit Tests" id="s1-s1" pass="1" fail="0" skip="0">Tests.Unit Tests</stat>
<stat name="Carrinho" id="s1-s1-s1" pass="1" fail="0" skip="0">Tests.Unit Tests.Carrinho</stat>
<stat name="Delete Carrinho Test" id="s1-s1-s1-s1" pass="1" fail="0" skip="0">Tests.Unit Tests.Carrinho.Delete Carrinho Test</stat>
</suite>
</statistics>
<errors>
<msg time="2025-06-05T22:18:51.507184" level="WARN">Error in file 'C:\Users\cassi\OneDrive\Área de Trabalho\OneDrive\Compass\compass\entregas\sprint7\serverest\support\common\utils.robot' on line 12: The '[Return]' setting is deprecated. Use the 'RETURN' statement instead.</msg>
<msg time="2025-06-05T22:18:51.507563" level="WARN">Error in file 'C:\Users\cassi\OneDrive\Área de Trabalho\OneDrive\Compass\compass\entregas\sprint7\serverest\support\common\utils.robot' on line 24: The '[Return]' setting is deprecated. Use the 'RETURN' statement instead.</msg>
<msg time="2025-06-05T22:18:51.507914" level="WARN">Error in file 'C:\Users\cassi\OneDrive\Área de Trabalho\OneDrive\Compass\compass\entregas\sprint7\serverest\support\common\utils.robot' on line 36: The '[Return]' setting is deprecated. Use the 'RETURN' statement instead.</msg>
<msg time="2025-06-05T22:18:51.508195" level="WARN">Error in file 'C:\Users\cassi\OneDrive\Área de Trabalho\OneDrive\Compass\compass\entregas\sprint7\serverest\support\common\utils.robot' on line 45: The '[Return]' setting is deprecated. Use the 'RETURN' statement instead.</msg>
</errors>
</robot>
