<?xml version="1.0" encoding="UTF-8"?>
<robot generator="Robot 7.3 (Python 3.13.3 on win32)" generated="2025-06-06T14:31:14.069487" rpa="false" schemaversion="5">
<suite id="s1" name="Tests" source="C:\Users\cassi\OneDrive\Área de Trabalho\OneDrive\Compass\compass\entregas\sprint7\serverest\tests">
<suite id="s1-s1" name="Unit Tests" source="C:\Users\cassi\OneDrive\Área de Trabalho\OneDrive\Compass\compass\entregas\sprint7\serverest\tests\unit_tests">
<suite id="s1-s1-s1" name="Carrinho" source="C:\Users\cassi\OneDrive\Área de Trabalho\OneDrive\Compass\compass\entregas\sprint7\serverest\tests\unit_tests\carrinho">
<suite id="s1-s1-s1-s1" name="Create Carrinho Test" source="C:\Users\cassi\OneDrive\Área de Trabalho\OneDrive\Compass\compass\entregas\sprint7\serverest\tests\unit_tests\carrinho\create_carrinho_test.robot">
<kw name="Preparar Sessao para Rota Produtos" owner="utils" type="SETUP">
<kw name="Create Session on Serverest" owner="base">
<kw name="Create Dictionary" owner="BuiltIn">
<msg time="2025-06-06T14:31:15.492727" level="INFO">${headers} = {'Accept': 'application/json', 'Content-Type': 'application/json'}</msg>
<var>${headers}</var>
<arg>Accept=application/json</arg>
<arg>Content-Type=application/json</arg>
<doc>Creates and returns a dictionary based on the given ``items``.</doc>
<status status="PASS" start="2025-06-06T14:31:15.492168" elapsed="0.000620"/>
</kw>
<kw name="Create Session" owner="RequestsLibrary">
<msg time="2025-06-06T14:31:15.493448" level="INFO">Creating Session using : alias=Serverest, url=https://serverest.dev, headers={'Accept': 'application/json', 'Content-Type': 'application/json'},                     cookies={}, auth=None, timeout=None, proxies=None, verify=False,                     debug=0 </msg>
<arg>alias=Serverest</arg>
<arg>url=${BASE_URI}</arg>
<arg>headers=${headers}</arg>
<doc>Create Session: create a HTTP session to a server</doc>
<status status="PASS" start="2025-06-06T14:31:15.493087" elapsed="0.000763"/>
</kw>
<status status="PASS" start="2025-06-06T14:31:15.491056" elapsed="0.002940"/>
</kw>
<kw name="Cadastrar usuario valido" owner="create_user_keywords">
<kw name="Generate dynamic data for User" owner="dynamic">
<kw name="Name" owner="FakerLibrary">
<msg time="2025-06-06T14:31:15.495729" level="INFO">${nome} = Sue Rogers</msg>
<var>${nome}</var>
<doc>:example: 'John Doe'</doc>
<status status="PASS" start="2025-06-06T14:31:15.495048" elapsed="0.000733"/>
</kw>
<kw name="Email" owner="FakerLibrary">
<msg time="2025-06-06T14:31:15.496230" level="INFO">${email} = jason32@example.net</msg>
<var>${email}</var>
<status status="PASS" start="2025-06-06T14:31:15.495911" elapsed="0.000356"/>
</kw>
<kw name="Password" owner="FakerLibrary">
<msg time="2025-06-06T14:31:15.497239" level="INFO">${password} = !3ByT#</msg>
<var>${password}</var>
<arg>length=6</arg>
<arg>special_chars=${True}</arg>
<arg>digits=${True}</arg>
<doc>Generate a random password of the specified ``length``.</doc>
<status status="PASS" start="2025-06-06T14:31:15.496494" elapsed="0.000813"/>
</kw>
<kw name="Create Dictionary" owner="BuiltIn">
<msg time="2025-06-06T14:31:15.498104" level="INFO">${usuario} = {'nome': 'Sue Rogers', 'email': 'jason32@example.net', 'password': '!3ByT#', 'administrador': 'true'}</msg>
<var>${usuario}</var>
<arg>nome=${nome}</arg>
<arg>email=${email}</arg>
<arg>password=${password}</arg>
<arg>administrador=true</arg>
<doc>Creates and returns a dictionary based on the given ``items``.</doc>
<status status="PASS" start="2025-06-06T14:31:15.497619" elapsed="0.000518"/>
</kw>
<return>
<value>${usuario}</value>
<status status="PASS" start="2025-06-06T14:31:15.498203" elapsed="0.000062"/>
</return>
<msg time="2025-06-06T14:31:15.498402" level="INFO">${valid_user} = {'nome': 'Sue Rogers', 'email': 'jason32@example.net', 'password': '!3ByT#', 'administrador': 'true'}</msg>
<var>${valid_user}</var>
<status status="PASS" start="2025-06-06T14:31:15.494422" elapsed="0.004003"/>
</kw>
<kw name="Set Global Variable" owner="BuiltIn">
<msg time="2025-06-06T14:31:15.498777" level="INFO">${valid_user} = {'nome': 'Sue Rogers', 'email': 'jason32@example.net', 'password': '!3ByT#', 'administrador': 'true'}</msg>
<arg>${valid_user}</arg>
<arg>${valid_user}</arg>
<doc>Makes a variable available globally in all tests and suites.</doc>
<status status="PASS" start="2025-06-06T14:31:15.498551" elapsed="0.000267"/>
</kw>
<kw name="POST On Session" owner="RequestsLibrary">
<msg time="2025-06-06T14:31:15.961826" level="INFO">POST Request : url=https://serverest.dev/usuarios 
 path_url=/usuarios 
 headers={'User-Agent': 'python-requests/2.32.3', 'Accept-Encoding': 'gzip, deflate', 'Accept': 'application/json', 'Connection': 'keep-alive', 'Content-Type': 'application/json', 'Content-Length': '101'} 
 body=b'{"nome": "Sue Rogers", "email": "jason32@example.net", "password": "!3ByT#", "administrador": "true"}' 
 </msg>
<msg time="2025-06-06T14:31:15.961999" level="INFO">POST Response : url=https://serverest.dev/usuarios 
 status=201, reason=Created 
 headers={'access-control-allow-origin': '*', 'x-dns-prefetch-control': 'off', 'x-frame-options': 'SAMEORIGIN', 'strict-transport-security': 'max-age=15552000; includeSubDomains', 'x-download-options': 'noopen', 'x-content-type-options': 'nosniff', 'x-xss-protection': '1; mode=block', 'content-type': 'application/json; charset=utf-8', 'x-cloud-trace-context': '8559891f182706fad3f4f0dc1a97a1fd;o=1', 'date': 'Fri, 06 Jun 2025 17:31:17 GMT', 'server': 'Google Frontend', 'Content-Length': '82'} 
 body={
    "message": "Cadastro realizado com sucesso",
    "_id": "YTEDeURHty2Z423q"
} 
 </msg>
<msg time="2025-06-06T14:31:15.962110" level="INFO">C:\Users\cassi\OneDrive\Área de Trabalho\OneDrive\Compass\compass\entregas\sprint7\serverest\.venv\Lib\site-packages\urllib3\connectionpool.py:1097: InsecureRequestWarning: Unverified HTTPS request is being made to host 'serverest.dev'. Adding certificate verification is strongly advised. See: https://urllib3.readthedocs.io/en/latest/advanced-usage.html#tls-warnings
  warnings.warn(</msg>
<msg time="2025-06-06T14:31:15.962569" level="INFO">${response} = &lt;Response [201]&gt;</msg>
<var>${response}</var>
<arg>alias=Serverest</arg>
<arg>url=/usuarios</arg>
<arg>json=${valid_user}</arg>
<arg>expected_status=${status_code_desejado}</arg>
<doc>Sends a POST request on a previously created HTTP Session.</doc>
<status status="PASS" start="2025-06-06T14:31:15.498927" elapsed="0.463711"/>
</kw>
<kw name="Set Global Variable" owner="BuiltIn">
<msg time="2025-06-06T14:31:15.964404" level="INFO">${user_id} = YTEDeURHty2Z423q</msg>
<arg>${user_id}</arg>
<arg>${response.json()["_id"]}</arg>
<doc>Makes a variable available globally in all tests and suites.</doc>
<status status="PASS" start="2025-06-06T14:31:15.962977" elapsed="0.001504"/>
</kw>
<kw name="Get From Dictionary" owner="Collections">
<msg time="2025-06-06T14:31:15.964951" level="INFO">${user_email} = jason32@example.net</msg>
<var>${user_email}</var>
<arg>${valid_user}</arg>
<arg>email</arg>
<doc>Returns a value from the given ``dictionary`` based on the given ``key``.</doc>
<status status="PASS" start="2025-06-06T14:31:15.964686" elapsed="0.000302"/>
</kw>
<kw name="Set Global Variable" owner="BuiltIn">
<msg time="2025-06-06T14:31:15.965442" level="INFO">${user_email} = jason32@example.net</msg>
<arg>${user_email}</arg>
<doc>Makes a variable available globally in all tests and suites.</doc>
<status status="PASS" start="2025-06-06T14:31:15.965174" elapsed="0.000325"/>
</kw>
<kw name="Return From Keyword" owner="BuiltIn">
<msg time="2025-06-06T14:31:15.965771" level="INFO">Returning from the enclosing user keyword.</msg>
<arg>${response.json()}</arg>
<doc>Returns from the enclosing user keyword.</doc>
<status status="PASS" start="2025-06-06T14:31:15.965679" elapsed="0.000175"/>
</kw>
<arg>201</arg>
<status status="PASS" start="2025-06-06T14:31:15.494165" elapsed="0.472201"/>
</kw>
<kw name="Login com credenciais validas" owner="login_keyword">
<kw name="Create Dictionary" owner="BuiltIn">
<msg time="2025-06-06T14:31:15.968095" level="INFO">${payload} = {'email': 'jason32@example.net', 'password': '!3ByT#'}</msg>
<var>${payload}</var>
<arg>email=${user["email"]}</arg>
<arg>password=${user["password"]}</arg>
<doc>Creates and returns a dictionary based on the given ``items``.</doc>
<status status="PASS" start="2025-06-06T14:31:15.967037" elapsed="0.001113"/>
</kw>
<kw name="POST On Session" owner="RequestsLibrary">
<msg time="2025-06-06T14:31:16.160286" level="INFO">POST Request : url=https://serverest.dev/login 
 path_url=/login 
 headers={'User-Agent': 'python-requests/2.32.3', 'Accept-Encoding': 'gzip, deflate', 'Accept': 'application/json', 'Connection': 'keep-alive', 'Content-Type': 'application/json', 'Content-Length': '54'} 
 body=b'{"email": "jason32@example.net", "password": "!3ByT#"}' 
 </msg>
<msg time="2025-06-06T14:31:16.160382" level="INFO">POST Response : url=https://serverest.dev/login 
 status=200, reason=OK 
 headers={'access-control-allow-origin': '*', 'x-dns-prefetch-control': 'off', 'x-frame-options': 'SAMEORIGIN', 'strict-transport-security': 'max-age=15552000; includeSubDomains', 'x-download-options': 'noopen', 'x-content-type-options': 'nosniff', 'x-xss-protection': '1; mode=block', 'content-type': 'application/json; charset=utf-8', 'x-cloud-trace-context': 'ccfc83b6af997480d3f4f0dc1a97a302', 'date': 'Fri, 06 Jun 2025 17:31:17 GMT', 'server': 'Google Frontend', 'Content-Length': '275'} 
 body={
    "message": "Login realizado com sucesso",
    "authorization": "Bearer eyJhbGciOiJIUzI1NiIsInR5cCI6IkpXVCJ9.eyJlbWFpbCI6Imphc29uMzJAZXhhbXBsZS5uZXQiLCJwYXNzd29yZCI6IiEzQnlUIyIsImlhdCI6MTc0OTIzMTA3NywiZXhwIjoxNzQ5MjMxNjc3fQ.KSp_1jSB6pPPoqi7JLTM3cUP3178hqmVo9XhV1em31w"
} 
 </msg>
<msg time="2025-06-06T14:31:16.160451" level="INFO">C:\Users\cassi\OneDrive\Área de Trabalho\OneDrive\Compass\compass\entregas\sprint7\serverest\.venv\Lib\site-packages\urllib3\connectionpool.py:1097: InsecureRequestWarning: Unverified HTTPS request is being made to host 'serverest.dev'. Adding certificate verification is strongly advised. See: https://urllib3.readthedocs.io/en/latest/advanced-usage.html#tls-warnings
  warnings.warn(</msg>
<msg time="2025-06-06T14:31:16.160887" level="INFO">${response} = &lt;Response [200]&gt;</msg>
<var>${response}</var>
<arg>alias=Serverest</arg>
<arg>url=/login</arg>
<arg>json=${payload}</arg>
<arg>expected_status=${status_code_desejado}</arg>
<doc>Sends a POST request on a previously created HTTP Session.</doc>
<status status="PASS" start="2025-06-06T14:31:15.968374" elapsed="0.192589"/>
</kw>
<kw name="Get From Dictionary" owner="Collections">
<msg time="2025-06-06T14:31:16.161811" level="INFO">${message} = Login realizado com sucesso</msg>
<var>${message}</var>
<arg>${response.json()}</arg>
<arg>message</arg>
<doc>Returns a value from the given ``dictionary`` based on the given ``key``.</doc>
<status status="PASS" start="2025-06-06T14:31:16.161221" elapsed="0.000641"/>
</kw>
<kw name="Should Be Equal As Strings" owner="BuiltIn">
<arg>${message}</arg>
<arg>Login realizado com sucesso</arg>
<doc>Fails if objects are unequal after converting them to strings.</doc>
<status status="PASS" start="2025-06-06T14:31:16.162059" elapsed="0.000170"/>
</kw>
<kw name="Get From Dictionary" owner="Collections">
<msg time="2025-06-06T14:31:16.162857" level="INFO">${authorization} = Bearer eyJhbGciOiJIUzI1NiIsInR5cCI6IkpXVCJ9.eyJlbWFpbCI6Imphc29uMzJAZXhhbXBsZS5uZXQiLCJwYXNzd29yZCI6IiEzQnlUIyIsImlhdCI6MTc0OTIzMTA3NywiZXhwIjoxNzQ5MjMxNjc3fQ.KSp_1jSB6pPPoqi7JLTM3cUP3178hqmVo9XhV1em3...</msg>
<var>${authorization}</var>
<arg>${response.json()}</arg>
<arg>authorization</arg>
<doc>Returns a value from the given ``dictionary`` based on the given ``key``.</doc>
<status status="PASS" start="2025-06-06T14:31:16.162361" elapsed="0.000530"/>
</kw>
<kw name="Replace String" owner="String">
<msg time="2025-06-06T14:31:16.163543" level="INFO">${token} =  eyJhbGciOiJIUzI1NiIsInR5cCI6IkpXVCJ9.eyJlbWFpbCI6Imphc29uMzJAZXhhbXBsZS5uZXQiLCJwYXNzd29yZCI6IiEzQnlUIyIsImlhdCI6MTc0OTIzMTA3NywiZXhwIjoxNzQ5MjMxNjc3fQ.KSp_1jSB6pPPoqi7JLTM3cUP3178hqmVo9XhV1em31w</msg>
<var>${token}</var>
<arg>${authorization}</arg>
<arg>Bearer</arg>
<arg>${EMPTY}</arg>
<doc>Replaces ``search_for`` in the given ``string`` with ``replace_with``.</doc>
<status status="PASS" start="2025-06-06T14:31:16.163046" elapsed="0.000546"/>
</kw>
<kw name="Strip String" owner="String">
<msg time="2025-06-06T14:31:16.164017" level="INFO">${token} = eyJhbGciOiJIUzI1NiIsInR5cCI6IkpXVCJ9.eyJlbWFpbCI6Imphc29uMzJAZXhhbXBsZS5uZXQiLCJwYXNzd29yZCI6IiEzQnlUIyIsImlhdCI6MTc0OTIzMTA3NywiZXhwIjoxNzQ5MjMxNjc3fQ.KSp_1jSB6pPPoqi7JLTM3cUP3178hqmVo9XhV1em31w</msg>
<var>${token}</var>
<arg>${token}</arg>
<doc>Remove leading and/or trailing whitespaces from the given string.</doc>
<status status="PASS" start="2025-06-06T14:31:16.163792" elapsed="0.000265"/>
</kw>
<kw name="Set Global Variable" owner="BuiltIn">
<msg time="2025-06-06T14:31:16.164496" level="INFO">${token} = eyJhbGciOiJIUzI1NiIsInR5cCI6IkpXVCJ9.eyJlbWFpbCI6Imphc29uMzJAZXhhbXBsZS5uZXQiLCJwYXNzd29yZCI6IiEzQnlUIyIsImlhdCI6MTc0OTIzMTA3NywiZXhwIjoxNzQ5MjMxNjc3fQ.KSp_1jSB6pPPoqi7JLTM3cUP3178hqmVo9XhV1em31w</msg>
<arg>${token}</arg>
<doc>Makes a variable available globally in all tests and suites.</doc>
<status status="PASS" start="2025-06-06T14:31:16.164267" elapsed="0.000271"/>
</kw>
<kw name="Log To Console" owner="BuiltIn">
<arg>${token}</arg>
<doc>Logs the given message to the console.</doc>
<status status="PASS" start="2025-06-06T14:31:16.164695" elapsed="0.000561"/>
</kw>
<arg>200</arg>
<arg>${valid_user}</arg>
<status status="PASS" start="2025-06-06T14:31:15.966652" elapsed="0.198724"/>
</kw>
<status status="PASS" start="2025-06-06T14:31:15.490738" elapsed="0.674776"/>
</kw>
<test id="s1-s1-s1-s1-t1" name="CT042: Criar carrinho com um ou mais produtos válidos" line="10">
<kw name="Cadastrar produto com usuario autenticado" owner="create_produto_keyword">
<kw name="Generate dynamic data for Product" owner="dynamic">
<kw name="Name Nonbinary" owner="FakerLibrary">
<msg time="2025-06-06T14:31:16.167522" level="INFO">${nome} = David Wheeler</msg>
<var>${nome}</var>
<status status="PASS" start="2025-06-06T14:31:16.167124" elapsed="0.000427"/>
</kw>
<kw name="Pyint" owner="FakerLibrary">
<msg time="2025-06-06T14:31:16.167783" level="INFO">${preco} = 9189</msg>
<var>${preco}</var>
<status status="PASS" start="2025-06-06T14:31:16.167655" elapsed="0.000151"/>
</kw>
<kw name="Color Name" owner="FakerLibrary">
<msg time="2025-06-06T14:31:16.168031" level="INFO">${descricao} = Snow</msg>
<var>${descricao}</var>
<doc>Generate a color name.</doc>
<status status="PASS" start="2025-06-06T14:31:16.167902" elapsed="0.000151"/>
</kw>
<kw name="Random Int" owner="FakerLibrary">
<msg time="2025-06-06T14:31:16.168277" level="INFO">${quantidade} = 857</msg>
<var>${quantidade}</var>
<doc>Generate a random integer between two integers ``min`` and ``max`` inclusive
while observing the provided ``step`` value.</doc>
<status status="PASS" start="2025-06-06T14:31:16.168150" elapsed="0.000149"/>
</kw>
<kw name="Create Dictionary" owner="BuiltIn">
<msg time="2025-06-06T14:31:16.168724" level="INFO">${produto} = {'nome': 'David Wheeler', 'preco': 9189, 'descricao': 'Snow', 'quantidade': 857}</msg>
<var>${produto}</var>
<arg>nome=${nome}</arg>
<arg>preco=${preco}</arg>
<arg>descricao=${descricao}</arg>
<arg>quantidade=${quantidade}</arg>
<doc>Creates and returns a dictionary based on the given ``items``.</doc>
<status status="PASS" start="2025-06-06T14:31:16.168413" elapsed="0.000337"/>
</kw>
<return>
<value>${produto}</value>
<status status="PASS" start="2025-06-06T14:31:16.168804" elapsed="0.000037"/>
</return>
<msg time="2025-06-06T14:31:16.168953" level="INFO">${produto} = {'nome': 'David Wheeler', 'preco': 9189, 'descricao': 'Snow', 'quantidade': 857}</msg>
<var>${produto}</var>
<status status="PASS" start="2025-06-06T14:31:16.166926" elapsed="0.002049"/>
</kw>
<kw name="Create Dictionary" owner="BuiltIn">
<msg time="2025-06-06T14:31:16.169293" level="INFO">${headers} = {'Authorization': 'Bearer eyJhbGciOiJIUzI1NiIsInR5cCI6IkpXVCJ9.eyJlbWFpbCI6Imphc29uMzJAZXhhbXBsZS5uZXQiLCJwYXNzd29yZCI6IiEzQnlUIyIsImlhdCI6MTc0OTIzMTA3NywiZXhwIjoxNzQ5MjMxNjc3fQ.KSp_1jSB6pPPoqi7JLTM3c...</msg>
<var>${headers}</var>
<arg>Authorization=Bearer ${token}</arg>
<arg>Content-Type=application/json</arg>
<doc>Creates and returns a dictionary based on the given ``items``.</doc>
<status status="PASS" start="2025-06-06T14:31:16.169079" elapsed="0.000351"/>
</kw>
<kw name="POST On Session" owner="RequestsLibrary">
<msg time="2025-06-06T14:31:16.368264" level="INFO">POST Request : url=https://serverest.dev/produtos 
 path_url=/produtos 
 headers={'User-Agent': 'python-requests/2.32.3', 'Accept-Encoding': 'gzip, deflate', 'Accept': 'application/json', 'Connection': 'keep-alive', 'Content-Type': 'application/json', 'Authorization': 'Bearer eyJhbGciOiJIUzI1NiIsInR5cCI6IkpXVCJ9.eyJlbWFpbCI6Imphc29uMzJAZXhhbXBsZS5uZXQiLCJwYXNzd29yZCI6IiEzQnlUIyIsImlhdCI6MTc0OTIzMTA3NywiZXhwIjoxNzQ5MjMxNjc3fQ.KSp_1jSB6pPPoqi7JLTM3cUP3178hqmVo9XhV1em31w', 'Content-Length': '80'} 
 body=b'{"nome": "David Wheeler", "preco": 9189, "descricao": "Snow", "quantidade": 857}' 
 </msg>
<msg time="2025-06-06T14:31:16.368360" level="INFO">POST Response : url=https://serverest.dev/produtos 
 status=201, reason=Created 
 headers={'access-control-allow-origin': '*', 'x-dns-prefetch-control': 'off', 'x-frame-options': 'SAMEORIGIN', 'strict-transport-security': 'max-age=15552000; includeSubDomains', 'x-download-options': 'noopen', 'x-content-type-options': 'nosniff', 'x-xss-protection': '1; mode=block', 'content-type': 'application/json; charset=utf-8', 'x-cloud-trace-context': 'ea9c1a30cddb5ea9d3f4f0dc1a97a14b', 'date': 'Fri, 06 Jun 2025 17:31:17 GMT', 'server': 'Google Frontend', 'Content-Length': '82'} 
 body={
    "message": "Cadastro realizado com sucesso",
    "_id": "ho4D8bHebac7dl2e"
} 
 </msg>
<msg time="2025-06-06T14:31:16.368424" level="INFO">C:\Users\cassi\OneDrive\Área de Trabalho\OneDrive\Compass\compass\entregas\sprint7\serverest\.venv\Lib\site-packages\urllib3\connectionpool.py:1097: InsecureRequestWarning: Unverified HTTPS request is being made to host 'serverest.dev'. Adding certificate verification is strongly advised. See: https://urllib3.readthedocs.io/en/latest/advanced-usage.html#tls-warnings
  warnings.warn(</msg>
<msg time="2025-06-06T14:31:16.368813" level="INFO">${response} = &lt;Response [201]&gt;</msg>
<var>${response}</var>
<arg>alias=Serverest</arg>
<arg>url=/produtos</arg>
<arg>json=${produto}</arg>
<arg>headers=${headers}</arg>
<arg>expected_status=${status_code_desejado}</arg>
<doc>Sends a POST request on a previously created HTTP Session.</doc>
<status status="PASS" start="2025-06-06T14:31:16.169554" elapsed="0.199323"/>
</kw>
<kw name="Set Global Variable" owner="BuiltIn">
<msg time="2025-06-06T14:31:16.371000" level="INFO">${product_name} = David Wheeler</msg>
<arg>${product_name}</arg>
<arg>${produto["nome"]}</arg>
<doc>Makes a variable available globally in all tests and suites.</doc>
<status status="PASS" start="2025-06-06T14:31:16.369215" elapsed="0.001901"/>
</kw>
<kw name="Set Global Variable" owner="BuiltIn">
<msg time="2025-06-06T14:31:16.373128" level="INFO">${product_qtd} = 857</msg>
<arg>${product_qtd}</arg>
<arg>${produto["quantidade"]}</arg>
<doc>Makes a variable available globally in all tests and suites.</doc>
<status status="PASS" start="2025-06-06T14:31:16.371385" elapsed="0.001901"/>
</kw>
<kw name="Set Global Variable" owner="BuiltIn">
<msg time="2025-06-06T14:31:16.375053" level="INFO">${product_id} = ho4D8bHebac7dl2e</msg>
<arg>${product_id}</arg>
<arg>${response.json()["_id"]}</arg>
<doc>Makes a variable available globally in all tests and suites.</doc>
<status status="PASS" start="2025-06-06T14:31:16.373509" elapsed="0.001617"/>
</kw>
<arg>201</arg>
<status status="PASS" start="2025-06-06T14:31:16.166499" elapsed="0.208707"/>
</kw>
<kw name="Criar carrinho valido" owner="create_carrinho_keyword">
<kw name="Create Dictionary" owner="BuiltIn">
<msg time="2025-06-06T14:31:16.376206" level="INFO">${headers} = {'Authorization': 'Bearer eyJhbGciOiJIUzI1NiIsInR5cCI6IkpXVCJ9.eyJlbWFpbCI6Imphc29uMzJAZXhhbXBsZS5uZXQiLCJwYXNzd29yZCI6IiEzQnlUIyIsImlhdCI6MTc0OTIzMTA3NywiZXhwIjoxNzQ5MjMxNjc3fQ.KSp_1jSB6pPPoqi7JLTM3c...</msg>
<var>${headers}</var>
<arg>Authorization=Bearer ${token}</arg>
<arg>Content-Type=application/json</arg>
<doc>Creates and returns a dictionary based on the given ``items``.</doc>
<status status="PASS" start="2025-06-06T14:31:16.375988" elapsed="0.000246"/>
</kw>
<kw name="Create Dictionary" owner="BuiltIn">
<msg time="2025-06-06T14:31:16.376544" level="INFO">${produto} = {'idProduto': 'ho4D8bHebac7dl2e', 'quantidade': '1'}</msg>
<var>${produto}</var>
<arg>idProduto=${id}</arg>
<arg>quantidade=1</arg>
<doc>Creates and returns a dictionary based on the given ``items``.</doc>
<status status="PASS" start="2025-06-06T14:31:16.376350" elapsed="0.000219"/>
</kw>
<kw name="Create List" owner="BuiltIn">
<msg time="2025-06-06T14:31:16.376790" level="INFO">${lista_produtos} = []</msg>
<var>${lista_produtos}</var>
<doc>Returns a list containing given items.</doc>
<status status="PASS" start="2025-06-06T14:31:16.376675" elapsed="0.000138"/>
</kw>
<kw name="Append To List" owner="Collections">
<arg>${lista_produtos}</arg>
<arg>${produto}</arg>
<doc>Adds ``values`` to the end of ``list``.</doc>
<status status="PASS" start="2025-06-06T14:31:16.376910" elapsed="0.000139"/>
</kw>
<kw name="Create Dictionary" owner="BuiltIn">
<msg time="2025-06-06T14:31:16.377341" level="INFO">${payload} = {'produtos': [{'idProduto': 'ho4D8bHebac7dl2e', 'quantidade': '1'}]}</msg>
<var>${payload}</var>
<arg>produtos=${lista_produtos}</arg>
<doc>Creates and returns a dictionary based on the given ``items``.</doc>
<status status="PASS" start="2025-06-06T14:31:16.377159" elapsed="0.000210"/>
</kw>
<kw name="POST On Session" owner="RequestsLibrary">
<msg time="2025-06-06T14:31:16.587474" level="INFO">POST Request : url=https://serverest.dev/carrinhos 
 path_url=/carrinhos 
 headers={'User-Agent': 'python-requests/2.32.3', 'Accept-Encoding': 'gzip, deflate', 'Accept': 'application/json', 'Connection': 'keep-alive', 'Content-Type': 'application/json', 'Authorization': 'Bearer eyJhbGciOiJIUzI1NiIsInR5cCI6IkpXVCJ9.eyJlbWFpbCI6Imphc29uMzJAZXhhbXBsZS5uZXQiLCJwYXNzd29yZCI6IiEzQnlUIyIsImlhdCI6MTc0OTIzMTA3NywiZXhwIjoxNzQ5MjMxNjc3fQ.KSp_1jSB6pPPoqi7JLTM3cUP3178hqmVo9XhV1em31w', 'Content-Length': '68'} 
 body=b'{"produtos": [{"idProduto": "ho4D8bHebac7dl2e", "quantidade": "1"}]}' 
 </msg>
<msg time="2025-06-06T14:31:16.587571" level="INFO">POST Response : url=https://serverest.dev/carrinhos 
 status=201, reason=Created 
 headers={'access-control-allow-origin': '*', 'x-dns-prefetch-control': 'off', 'x-frame-options': 'SAMEORIGIN', 'strict-transport-security': 'max-age=15552000; includeSubDomains', 'x-download-options': 'noopen', 'x-content-type-options': 'nosniff', 'x-xss-protection': '1; mode=block', 'content-type': 'application/json; charset=utf-8', 'x-cloud-trace-context': '05259db5815ca0c3d3f4f0dc1a97a187', 'date': 'Fri, 06 Jun 2025 17:31:17 GMT', 'server': 'Google Frontend', 'Content-Length': '82'} 
 body={
    "message": "Cadastro realizado com sucesso",
    "_id": "MFILhSqKtvYJmY5c"
} 
 </msg>
<msg time="2025-06-06T14:31:16.587647" level="INFO">C:\Users\cassi\OneDrive\Área de Trabalho\OneDrive\Compass\compass\entregas\sprint7\serverest\.venv\Lib\site-packages\urllib3\connectionpool.py:1097: InsecureRequestWarning: Unverified HTTPS request is being made to host 'serverest.dev'. Adding certificate verification is strongly advised. See: https://urllib3.readthedocs.io/en/latest/advanced-usage.html#tls-warnings
  warnings.warn(</msg>
<msg time="2025-06-06T14:31:16.587992" level="INFO">${response} = &lt;Response [201]&gt;</msg>
<var>${response}</var>
<arg>alias=Serverest</arg>
<arg>url=/carrinhos</arg>
<arg>json=${payload}</arg>
<arg>headers=${headers}</arg>
<arg>expected_status=${status_code_desejado}</arg>
<doc>Sends a POST request on a previously created HTTP Session.</doc>
<status status="PASS" start="2025-06-06T14:31:16.377476" elapsed="0.210554"/>
</kw>
<kw name="Set Global Variable" owner="BuiltIn">
<msg time="2025-06-06T14:31:16.589547" level="INFO">${carter_id} = MFILhSqKtvYJmY5c</msg>
<arg>${carter_id}</arg>
<arg>${response.json()["_id"]}</arg>
<doc>Makes a variable available globally in all tests and suites.</doc>
<status status="PASS" start="2025-06-06T14:31:16.588306" elapsed="0.001320"/>
</kw>
<kw name="Should Be Equal As Strings" owner="BuiltIn">
<arg>${response.json()["message"]}</arg>
<arg>Cadastro realizado com sucesso</arg>
<doc>Fails if objects are unequal after converting them to strings.</doc>
<status status="PASS" start="2025-06-06T14:31:16.589841" elapsed="0.000701"/>
</kw>
<arg>201</arg>
<arg>${product_id}</arg>
<status status="PASS" start="2025-06-06T14:31:16.375658" elapsed="0.214958"/>
</kw>
<tag>CT042</tag>
<status status="PASS" start="2025-06-06T14:31:16.165652" elapsed="0.425277"/>
</test>
<test id="s1-s1-s1-s1-t2" name="CT043: Criar carrinho sem estar autenticado" line="14">
<kw name="Cadastrar produto com usuario autenticado" owner="create_produto_keyword">
<kw name="Generate dynamic data for Product" owner="dynamic">
<kw name="Name Nonbinary" owner="FakerLibrary">
<msg time="2025-06-06T14:31:16.593696" level="INFO">${nome} = Dr. Jason Hanson</msg>
<var>${nome}</var>
<status status="PASS" start="2025-06-06T14:31:16.593312" elapsed="0.000417"/>
</kw>
<kw name="Pyint" owner="FakerLibrary">
<msg time="2025-06-06T14:31:16.594080" level="INFO">${preco} = 1174</msg>
<var>${preco}</var>
<status status="PASS" start="2025-06-06T14:31:16.593869" elapsed="0.000255"/>
</kw>
<kw name="Color Name" owner="FakerLibrary">
<msg time="2025-06-06T14:31:16.594457" level="INFO">${descricao} = Pink</msg>
<var>${descricao}</var>
<doc>Generate a color name.</doc>
<status status="PASS" start="2025-06-06T14:31:16.594266" elapsed="0.000215"/>
</kw>
<kw name="Random Int" owner="FakerLibrary">
<msg time="2025-06-06T14:31:16.594891" level="INFO">${quantidade} = 4316</msg>
<var>${quantidade}</var>
<doc>Generate a random integer between two integers ``min`` and ``max`` inclusive
while observing the provided ``step`` value.</doc>
<status status="PASS" start="2025-06-06T14:31:16.594653" elapsed="0.000268"/>
</kw>
<kw name="Create Dictionary" owner="BuiltIn">
<msg time="2025-06-06T14:31:16.595592" level="INFO">${produto} = {'nome': 'Dr. Jason Hanson', 'preco': 1174, 'descricao': 'Pink', 'quantidade': 4316}</msg>
<var>${produto}</var>
<arg>nome=${nome}</arg>
<arg>preco=${preco}</arg>
<arg>descricao=${descricao}</arg>
<arg>quantidade=${quantidade}</arg>
<doc>Creates and returns a dictionary based on the given ``items``.</doc>
<status status="PASS" start="2025-06-06T14:31:16.595137" elapsed="0.000485"/>
</kw>
<return>
<value>${produto}</value>
<status status="PASS" start="2025-06-06T14:31:16.595684" elapsed="0.000036"/>
</return>
<msg time="2025-06-06T14:31:16.595846" level="INFO">${produto} = {'nome': 'Dr. Jason Hanson', 'preco': 1174, 'descricao': 'Pink', 'quantidade': 4316}</msg>
<var>${produto}</var>
<status status="PASS" start="2025-06-06T14:31:16.593046" elapsed="0.002823"/>
</kw>
<kw name="Create Dictionary" owner="BuiltIn">
<msg time="2025-06-06T14:31:16.596247" level="INFO">${headers} = {'Authorization': 'Bearer eyJhbGciOiJIUzI1NiIsInR5cCI6IkpXVCJ9.eyJlbWFpbCI6Imphc29uMzJAZXhhbXBsZS5uZXQiLCJwYXNzd29yZCI6IiEzQnlUIyIsImlhdCI6MTc0OTIzMTA3NywiZXhwIjoxNzQ5MjMxNjc3fQ.KSp_1jSB6pPPoqi7JLTM3c...</msg>
<var>${headers}</var>
<arg>Authorization=Bearer ${token}</arg>
<arg>Content-Type=application/json</arg>
<doc>Creates and returns a dictionary based on the given ``items``.</doc>
<status status="PASS" start="2025-06-06T14:31:16.596000" elapsed="0.000278"/>
</kw>
<kw name="POST On Session" owner="RequestsLibrary">
<msg time="2025-06-06T14:31:16.798654" level="INFO">POST Request : url=https://serverest.dev/produtos 
 path_url=/produtos 
 headers={'User-Agent': 'python-requests/2.32.3', 'Accept-Encoding': 'gzip, deflate', 'Accept': 'application/json', 'Connection': 'keep-alive', 'Content-Type': 'application/json', 'Authorization': 'Bearer eyJhbGciOiJIUzI1NiIsInR5cCI6IkpXVCJ9.eyJlbWFpbCI6Imphc29uMzJAZXhhbXBsZS5uZXQiLCJwYXNzd29yZCI6IiEzQnlUIyIsImlhdCI6MTc0OTIzMTA3NywiZXhwIjoxNzQ5MjMxNjc3fQ.KSp_1jSB6pPPoqi7JLTM3cUP3178hqmVo9XhV1em31w', 'Content-Length': '84'} 
 body=b'{"nome": "Dr. Jason Hanson", "preco": 1174, "descricao": "Pink", "quantidade": 4316}' 
 </msg>
<msg time="2025-06-06T14:31:16.798736" level="INFO">POST Response : url=https://serverest.dev/produtos 
 status=201, reason=Created 
 headers={'access-control-allow-origin': '*', 'x-dns-prefetch-control': 'off', 'x-frame-options': 'SAMEORIGIN', 'strict-transport-security': 'max-age=15552000; includeSubDomains', 'x-download-options': 'noopen', 'x-content-type-options': 'nosniff', 'x-xss-protection': '1; mode=block', 'content-type': 'application/json; charset=utf-8', 'x-cloud-trace-context': '14b8891816adb9bcd3f4f0dc1a97a8a8', 'date': 'Fri, 06 Jun 2025 17:31:18 GMT', 'server': 'Google Frontend', 'Content-Length': '82'} 
 body={
    "message": "Cadastro realizado com sucesso",
    "_id": "0vxNbwvxk4ux3W1V"
} 
 </msg>
<msg time="2025-06-06T14:31:16.798799" level="INFO">C:\Users\cassi\OneDrive\Área de Trabalho\OneDrive\Compass\compass\entregas\sprint7\serverest\.venv\Lib\site-packages\urllib3\connectionpool.py:1097: InsecureRequestWarning: Unverified HTTPS request is being made to host 'serverest.dev'. Adding certificate verification is strongly advised. See: https://urllib3.readthedocs.io/en/latest/advanced-usage.html#tls-warnings
  warnings.warn(</msg>
<msg time="2025-06-06T14:31:16.799123" level="INFO">${response} = &lt;Response [201]&gt;</msg>
<var>${response}</var>
<arg>alias=Serverest</arg>
<arg>url=/produtos</arg>
<arg>json=${produto}</arg>
<arg>headers=${headers}</arg>
<arg>expected_status=${status_code_desejado}</arg>
<doc>Sends a POST request on a previously created HTTP Session.</doc>
<status status="PASS" start="2025-06-06T14:31:16.596443" elapsed="0.202759"/>
</kw>
<kw name="Set Global Variable" owner="BuiltIn">
<msg time="2025-06-06T14:31:16.799993" level="INFO">${product_name} = Dr. Jason Hanson</msg>
<arg>${product_name}</arg>
<arg>${produto["nome"]}</arg>
<doc>Makes a variable available globally in all tests and suites.</doc>
<status status="PASS" start="2025-06-06T14:31:16.799439" elapsed="0.000602"/>
</kw>
<kw name="Set Global Variable" owner="BuiltIn">
<msg time="2025-06-06T14:31:16.800737" level="INFO">${product_qtd} = 4316</msg>
<arg>${product_qtd}</arg>
<arg>${produto["quantidade"]}</arg>
<doc>Makes a variable available globally in all tests and suites.</doc>
<status status="PASS" start="2025-06-06T14:31:16.800223" elapsed="0.000559"/>
</kw>
<kw name="Set Global Variable" owner="BuiltIn">
<msg time="2025-06-06T14:31:16.801400" level="INFO">${product_id} = 0vxNbwvxk4ux3W1V</msg>
<arg>${product_id}</arg>
<arg>${response.json()["_id"]}</arg>
<doc>Makes a variable available globally in all tests and suites.</doc>
<status status="PASS" start="2025-06-06T14:31:16.800906" elapsed="0.000541"/>
</kw>
<arg>201</arg>
<status status="PASS" start="2025-06-06T14:31:16.592547" elapsed="0.208964"/>
</kw>
<kw name="Criar carrinho sem estar autenticado" owner="create_carrinho_keyword">
<kw name="Create Dictionary" owner="BuiltIn">
<msg time="2025-06-06T14:31:16.802617" level="INFO">${produto} = {'idProduto': '0vxNbwvxk4ux3W1V', 'quantidade': '1'}</msg>
<var>${produto}</var>
<arg>idProduto=${id}</arg>
<arg>quantidade=1</arg>
<doc>Creates and returns a dictionary based on the given ``items``.</doc>
<status status="PASS" start="2025-06-06T14:31:16.802401" elapsed="0.000245"/>
</kw>
<kw name="Create List" owner="BuiltIn">
<msg time="2025-06-06T14:31:16.802895" level="INFO">${lista_produtos} = []</msg>
<var>${lista_produtos}</var>
<doc>Returns a list containing given items.</doc>
<status status="PASS" start="2025-06-06T14:31:16.802769" elapsed="0.000152"/>
</kw>
<kw name="Append To List" owner="Collections">
<arg>${lista_produtos}</arg>
<arg>${produto}</arg>
<doc>Adds ``values`` to the end of ``list``.</doc>
<status status="PASS" start="2025-06-06T14:31:16.803020" elapsed="0.000202"/>
</kw>
<kw name="Create Dictionary" owner="BuiltIn">
<msg time="2025-06-06T14:31:16.803755" level="INFO">${payload} = {'produtos': [{'idProduto': '0vxNbwvxk4ux3W1V', 'quantidade': '1'}]}</msg>
<var>${payload}</var>
<arg>produtos=${lista_produtos}</arg>
<doc>Creates and returns a dictionary based on the given ``items``.</doc>
<status status="PASS" start="2025-06-06T14:31:16.803515" elapsed="0.000266"/>
</kw>
<kw name="POST On Session" owner="RequestsLibrary">
<msg time="2025-06-06T14:31:16.997442" level="INFO">POST Request : url=https://serverest.dev/carrinhos 
 path_url=/carrinhos 
 headers={'User-Agent': 'python-requests/2.32.3', 'Accept-Encoding': 'gzip, deflate', 'Accept': 'application/json', 'Connection': 'keep-alive', 'Content-Type': 'application/json', 'Content-Length': '68'} 
 body=b'{"produtos": [{"idProduto": "0vxNbwvxk4ux3W1V", "quantidade": "1"}]}' 
 </msg>
<msg time="2025-06-06T14:31:16.997567" level="INFO">POST Response : url=https://serverest.dev/carrinhos 
 status=401, reason=Unauthorized 
 headers={'access-control-allow-origin': '*', 'x-dns-prefetch-control': 'off', 'x-frame-options': 'SAMEORIGIN', 'strict-transport-security': 'max-age=15552000; includeSubDomains', 'x-download-options': 'noopen', 'x-content-type-options': 'nosniff', 'x-xss-protection': '1; mode=block', 'content-type': 'application/json; charset=utf-8', 'x-cloud-trace-context': 'ab37a33f180d03fed3f4f0dc1a97a285', 'date': 'Fri, 06 Jun 2025 17:31:18 GMT', 'server': 'Google Frontend', 'Content-Length': '103'} 
 body={
    "message": "Token de acesso ausente, inválido, expirado ou usuário do token não existe mais"
} 
 </msg>
<msg time="2025-06-06T14:31:16.997634" level="INFO">C:\Users\cassi\OneDrive\Área de Trabalho\OneDrive\Compass\compass\entregas\sprint7\serverest\.venv\Lib\site-packages\urllib3\connectionpool.py:1097: InsecureRequestWarning: Unverified HTTPS request is being made to host 'serverest.dev'. Adding certificate verification is strongly advised. See: https://urllib3.readthedocs.io/en/latest/advanced-usage.html#tls-warnings
  warnings.warn(</msg>
<msg time="2025-06-06T14:31:16.998006" level="INFO">${response} = &lt;Response [401]&gt;</msg>
<var>${response}</var>
<arg>alias=Serverest</arg>
<arg>url=/carrinhos</arg>
<arg>json=${payload}</arg>
<arg>expected_status=${status_code_desejado}</arg>
<doc>Sends a POST request on a previously created HTTP Session.</doc>
<status status="PASS" start="2025-06-06T14:31:16.803899" elapsed="0.194142"/>
</kw>
<kw name="Should Be Equal As Strings" owner="BuiltIn">
<arg>${response.json()["message"]}</arg>
<arg>Token de acesso ausente, inválido, expirado ou usuário do token não existe mais</arg>
<doc>Fails if objects are unequal after converting them to strings.</doc>
<status status="PASS" start="2025-06-06T14:31:16.998346" elapsed="0.000557"/>
</kw>
<arg>401</arg>
<arg>${product_id}</arg>
<status status="PASS" start="2025-06-06T14:31:16.801911" elapsed="0.197064"/>
</kw>
<tag>CT043</tag>
<status status="PASS" start="2025-06-06T14:31:16.591755" elapsed="0.407475"/>
</test>
<test id="s1-s1-s1-s1-t3" name="CT044: Criar carrinho com produto inexistente" line="18">
<kw name="Criar carrinho com produto inexistente" owner="create_carrinho_keyword">
<kw name="Generate dynamic ID" owner="dynamic">
<kw name="Password" owner="FakerLibrary">
<msg time="2025-06-06T14:31:17.001378" level="INFO">${id} = bhwmv0kef7gz0v8x</msg>
<var>${id}</var>
<arg>length=16</arg>
<arg>special_chars=${False}</arg>
<arg>upper_case=${False}</arg>
<arg>lower_case=${True}</arg>
<doc>Generate a random password of the specified ``length``.</doc>
<status status="PASS" start="2025-06-06T14:31:17.001006" elapsed="0.000402"/>
</kw>
<return>
<value>${id}</value>
<status status="PASS" start="2025-06-06T14:31:17.001463" elapsed="0.000035"/>
</return>
<msg time="2025-06-06T14:31:17.001613" level="INFO">${id} = bhwmv0kef7gz0v8x</msg>
<var>${id}</var>
<status status="PASS" start="2025-06-06T14:31:17.000775" elapsed="0.000862"/>
</kw>
<kw name="Create Dictionary" owner="BuiltIn">
<msg time="2025-06-06T14:31:17.001995" level="INFO">${produto} = {'idProduto': 'bhwmv0kef7gz0v8x', 'quantidade': '1'}</msg>
<var>${produto}</var>
<arg>idProduto=${id}</arg>
<arg>quantidade=1</arg>
<doc>Creates and returns a dictionary based on the given ``items``.</doc>
<status status="PASS" start="2025-06-06T14:31:17.001761" elapsed="0.000277"/>
</kw>
<kw name="Create List" owner="BuiltIn">
<msg time="2025-06-06T14:31:17.002257" level="INFO">${lista_produtos} = []</msg>
<var>${lista_produtos}</var>
<doc>Returns a list containing given items.</doc>
<status status="PASS" start="2025-06-06T14:31:17.002151" elapsed="0.000129"/>
</kw>
<kw name="Append To List" owner="Collections">
<arg>${lista_produtos}</arg>
<arg>${produto}</arg>
<doc>Adds ``values`` to the end of ``list``.</doc>
<status status="PASS" start="2025-06-06T14:31:17.002388" elapsed="0.000137"/>
</kw>
<kw name="Create Dictionary" owner="BuiltIn">
<msg time="2025-06-06T14:31:17.002805" level="INFO">${payload} = {'produtos': [{'idProduto': 'bhwmv0kef7gz0v8x', 'quantidade': '1'}]}</msg>
<var>${payload}</var>
<arg>produtos=${lista_produtos}</arg>
<doc>Creates and returns a dictionary based on the given ``items``.</doc>
<status status="PASS" start="2025-06-06T14:31:17.002630" elapsed="0.000232"/>
</kw>
<kw name="Create Dictionary" owner="BuiltIn">
<msg time="2025-06-06T14:31:17.003202" level="INFO">${headers} = {'Authorization': 'Bearer eyJhbGciOiJIUzI1NiIsInR5cCI6IkpXVCJ9.eyJlbWFpbCI6Imphc29uMzJAZXhhbXBsZS5uZXQiLCJwYXNzd29yZCI6IiEzQnlUIyIsImlhdCI6MTc0OTIzMTA3NywiZXhwIjoxNzQ5MjMxNjc3fQ.KSp_1jSB6pPPoqi7JLTM3c...</msg>
<var>${headers}</var>
<arg>Authorization=Bearer ${token}</arg>
<arg>Content-Type=application/json</arg>
<doc>Creates and returns a dictionary based on the given ``items``.</doc>
<status status="PASS" start="2025-06-06T14:31:17.002990" elapsed="0.000237"/>
</kw>
<kw name="POST On Session" owner="RequestsLibrary">
<msg time="2025-06-06T14:31:17.210578" level="INFO">POST Request : url=https://serverest.dev/carrinhos 
 path_url=/carrinhos 
 headers={'User-Agent': 'python-requests/2.32.3', 'Accept-Encoding': 'gzip, deflate', 'Accept': 'application/json', 'Connection': 'keep-alive', 'Content-Type': 'application/json', 'Authorization': 'Bearer eyJhbGciOiJIUzI1NiIsInR5cCI6IkpXVCJ9.eyJlbWFpbCI6Imphc29uMzJAZXhhbXBsZS5uZXQiLCJwYXNzd29yZCI6IiEzQnlUIyIsImlhdCI6MTc0OTIzMTA3NywiZXhwIjoxNzQ5MjMxNjc3fQ.KSp_1jSB6pPPoqi7JLTM3cUP3178hqmVo9XhV1em31w', 'Content-Length': '68'} 
 body=b'{"produtos": [{"idProduto": "bhwmv0kef7gz0v8x", "quantidade": "1"}]}' 
 </msg>
<msg time="2025-06-06T14:31:17.210692" level="INFO">POST Response : url=https://serverest.dev/carrinhos 
 status=400, reason=Bad Request 
 headers={'access-control-allow-origin': '*', 'x-dns-prefetch-control': 'off', 'x-frame-options': 'SAMEORIGIN', 'strict-transport-security': 'max-age=15552000; includeSubDomains', 'x-download-options': 'noopen', 'x-content-type-options': 'nosniff', 'x-xss-protection': '1; mode=block', 'content-type': 'application/json; charset=utf-8', 'x-cloud-trace-context': '362846113e0a5bbed3f4f0dc1a97a770', 'date': 'Fri, 06 Jun 2025 17:31:18 GMT', 'server': 'Google Frontend', 'Content-Length': '61'} 
 body={
    "message": "Não é permitido ter mais de 1 carrinho"
} 
 </msg>
<msg time="2025-06-06T14:31:17.210805" level="INFO">C:\Users\cassi\OneDrive\Área de Trabalho\OneDrive\Compass\compass\entregas\sprint7\serverest\.venv\Lib\site-packages\urllib3\connectionpool.py:1097: InsecureRequestWarning: Unverified HTTPS request is being made to host 'serverest.dev'. Adding certificate verification is strongly advised. See: https://urllib3.readthedocs.io/en/latest/advanced-usage.html#tls-warnings
  warnings.warn(</msg>
<msg time="2025-06-06T14:31:17.211276" level="INFO">${response} = &lt;Response [400]&gt;</msg>
<var>${response}</var>
<arg>alias=Serverest</arg>
<arg>url=/carrinhos</arg>
<arg>json=${payload}</arg>
<arg>headers=${headers}</arg>
<arg>expected_status=${status_code_desejado}</arg>
<doc>Sends a POST request on a previously created HTTP Session.</doc>
<status status="PASS" start="2025-06-06T14:31:17.003347" elapsed="0.207981"/>
</kw>
<kw name="Should Be Equal As Strings" owner="BuiltIn">
<msg time="2025-06-06T14:31:17.212465" level="FAIL">Não é permitido ter mais de 1 carrinho != Produto não encontrado</msg>
<arg>${response.json()["message"]}</arg>
<arg>Produto não encontrado</arg>
<doc>Fails if objects are unequal after converting them to strings.</doc>
<status status="FAIL" start="2025-06-06T14:31:17.211648" elapsed="0.001064">Não é permitido ter mais de 1 carrinho != Produto não encontrado</status>
</kw>
<arg>400</arg>
<status status="FAIL" start="2025-06-06T14:31:17.000407" elapsed="0.212537">Não é permitido ter mais de 1 carrinho != Produto não encontrado</status>
</kw>
<tag>CT044</tag>
<status status="FAIL" start="2025-06-06T14:31:16.999886" elapsed="0.213612">Não é permitido ter mais de 1 carrinho != Produto não encontrado</status>
</test>
<test id="s1-s1-s1-s1-t4" name="CT045: Criar carrinho quando o usuário já possui carrinho ativo" line="21">
<kw name="Cadastrar produto com usuario autenticado" owner="create_produto_keyword">
<kw name="Generate dynamic data for Product" owner="dynamic">
<kw name="Name Nonbinary" owner="FakerLibrary">
<msg time="2025-06-06T14:31:17.216509" level="INFO">${nome} = Michelle Smith</msg>
<var>${nome}</var>
<status status="PASS" start="2025-06-06T14:31:17.216071" elapsed="0.000478"/>
</kw>
<kw name="Pyint" owner="FakerLibrary">
<msg time="2025-06-06T14:31:17.216862" level="INFO">${preco} = 5363</msg>
<var>${preco}</var>
<status status="PASS" start="2025-06-06T14:31:17.216690" elapsed="0.000205"/>
</kw>
<kw name="Color Name" owner="FakerLibrary">
<msg time="2025-06-06T14:31:17.217211" level="INFO">${descricao} = LightCyan</msg>
<var>${descricao}</var>
<doc>Generate a color name.</doc>
<status status="PASS" start="2025-06-06T14:31:17.217028" elapsed="0.000215"/>
</kw>
<kw name="Random Int" owner="FakerLibrary">
<msg time="2025-06-06T14:31:17.217535" level="INFO">${quantidade} = 2309</msg>
<var>${quantidade}</var>
<doc>Generate a random integer between two integers ``min`` and ``max`` inclusive
while observing the provided ``step`` value.</doc>
<status status="PASS" start="2025-06-06T14:31:17.217377" elapsed="0.000189"/>
</kw>
<kw name="Create Dictionary" owner="BuiltIn">
<msg time="2025-06-06T14:31:17.218083" level="INFO">${produto} = {'nome': 'Michelle Smith', 'preco': 5363, 'descricao': 'LightCyan', 'quantidade': 2309}</msg>
<var>${produto}</var>
<arg>nome=${nome}</arg>
<arg>preco=${preco}</arg>
<arg>descricao=${descricao}</arg>
<arg>quantidade=${quantidade}</arg>
<doc>Creates and returns a dictionary based on the given ``items``.</doc>
<status status="PASS" start="2025-06-06T14:31:17.217717" elapsed="0.000402"/>
</kw>
<return>
<value>${produto}</value>
<status status="PASS" start="2025-06-06T14:31:17.218192" elapsed="0.000060"/>
</return>
<msg time="2025-06-06T14:31:17.218491" level="INFO">${produto} = {'nome': 'Michelle Smith', 'preco': 5363, 'descricao': 'LightCyan', 'quantidade': 2309}</msg>
<var>${produto}</var>
<status status="PASS" start="2025-06-06T14:31:17.215801" elapsed="0.002740"/>
</kw>
<kw name="Create Dictionary" owner="BuiltIn">
<msg time="2025-06-06T14:31:17.219176" level="INFO">${headers} = {'Authorization': 'Bearer eyJhbGciOiJIUzI1NiIsInR5cCI6IkpXVCJ9.eyJlbWFpbCI6Imphc29uMzJAZXhhbXBsZS5uZXQiLCJwYXNzd29yZCI6IiEzQnlUIyIsImlhdCI6MTc0OTIzMTA3NywiZXhwIjoxNzQ5MjMxNjc3fQ.KSp_1jSB6pPPoqi7JLTM3c...</msg>
<var>${headers}</var>
<arg>Authorization=Bearer ${token}</arg>
<arg>Content-Type=application/json</arg>
<doc>Creates and returns a dictionary based on the given ``items``.</doc>
<status status="PASS" start="2025-06-06T14:31:17.218803" elapsed="0.000422"/>
</kw>
<kw name="POST On Session" owner="RequestsLibrary">
<msg time="2025-06-06T14:31:17.484085" level="INFO">POST Request : url=https://serverest.dev/produtos 
 path_url=/produtos 
 headers={'User-Agent': 'python-requests/2.32.3', 'Accept-Encoding': 'gzip, deflate', 'Accept': 'application/json', 'Connection': 'keep-alive', 'Content-Type': 'application/json', 'Authorization': 'Bearer eyJhbGciOiJIUzI1NiIsInR5cCI6IkpXVCJ9.eyJlbWFpbCI6Imphc29uMzJAZXhhbXBsZS5uZXQiLCJwYXNzd29yZCI6IiEzQnlUIyIsImlhdCI6MTc0OTIzMTA3NywiZXhwIjoxNzQ5MjMxNjc3fQ.KSp_1jSB6pPPoqi7JLTM3cUP3178hqmVo9XhV1em31w', 'Content-Length': '87'} 
 body=b'{"nome": "Michelle Smith", "preco": 5363, "descricao": "LightCyan", "quantidade": 2309}' 
 </msg>
<msg time="2025-06-06T14:31:17.484169" level="INFO">POST Response : url=https://serverest.dev/produtos 
 status=201, reason=Created 
 headers={'access-control-allow-origin': '*', 'x-dns-prefetch-control': 'off', 'x-frame-options': 'SAMEORIGIN', 'strict-transport-security': 'max-age=15552000; includeSubDomains', 'x-download-options': 'noopen', 'x-content-type-options': 'nosniff', 'x-xss-protection': '1; mode=block', 'content-type': 'application/json; charset=utf-8', 'x-cloud-trace-context': 'aa7df5c19dc03383e61c9952210529e3', 'date': 'Fri, 06 Jun 2025 17:31:18 GMT', 'server': 'Google Frontend', 'Content-Length': '82'} 
 body={
    "message": "Cadastro realizado com sucesso",
    "_id": "BKSJgqs0L6DCuysF"
} 
 </msg>
<msg time="2025-06-06T14:31:17.484235" level="INFO">C:\Users\cassi\OneDrive\Área de Trabalho\OneDrive\Compass\compass\entregas\sprint7\serverest\.venv\Lib\site-packages\urllib3\connectionpool.py:1097: InsecureRequestWarning: Unverified HTTPS request is being made to host 'serverest.dev'. Adding certificate verification is strongly advised. See: https://urllib3.readthedocs.io/en/latest/advanced-usage.html#tls-warnings
  warnings.warn(</msg>
<msg time="2025-06-06T14:31:17.484608" level="INFO">${response} = &lt;Response [201]&gt;</msg>
<var>${response}</var>
<arg>alias=Serverest</arg>
<arg>url=/produtos</arg>
<arg>json=${produto}</arg>
<arg>headers=${headers}</arg>
<arg>expected_status=${status_code_desejado}</arg>
<doc>Sends a POST request on a previously created HTTP Session.</doc>
<status status="PASS" start="2025-06-06T14:31:17.219501" elapsed="0.265150"/>
</kw>
<kw name="Set Global Variable" owner="BuiltIn">
<msg time="2025-06-06T14:31:17.485436" level="INFO">${product_name} = Michelle Smith</msg>
<arg>${product_name}</arg>
<arg>${produto["nome"]}</arg>
<doc>Makes a variable available globally in all tests and suites.</doc>
<status status="PASS" start="2025-06-06T14:31:17.484861" elapsed="0.000629"/>
</kw>
<kw name="Set Global Variable" owner="BuiltIn">
<msg time="2025-06-06T14:31:17.486128" level="INFO">${product_qtd} = 2309</msg>
<arg>${product_qtd}</arg>
<arg>${produto["quantidade"]}</arg>
<doc>Makes a variable available globally in all tests and suites.</doc>
<status status="PASS" start="2025-06-06T14:31:17.485626" elapsed="0.000554"/>
</kw>
<kw name="Set Global Variable" owner="BuiltIn">
<msg time="2025-06-06T14:31:17.486834" level="INFO">${product_id} = BKSJgqs0L6DCuysF</msg>
<arg>${product_id}</arg>
<arg>${response.json()["_id"]}</arg>
<doc>Makes a variable available globally in all tests and suites.</doc>
<status status="PASS" start="2025-06-06T14:31:17.486313" elapsed="0.000571"/>
</kw>
<arg>201</arg>
<status status="PASS" start="2025-06-06T14:31:17.215397" elapsed="0.271556"/>
</kw>
<kw name="Criar carrinho valido" owner="create_carrinho_keyword">
<kw name="Create Dictionary" owner="BuiltIn">
<msg time="2025-06-06T14:31:17.487880" level="INFO">${headers} = {'Authorization': 'Bearer eyJhbGciOiJIUzI1NiIsInR5cCI6IkpXVCJ9.eyJlbWFpbCI6Imphc29uMzJAZXhhbXBsZS5uZXQiLCJwYXNzd29yZCI6IiEzQnlUIyIsImlhdCI6MTc0OTIzMTA3NywiZXhwIjoxNzQ5MjMxNjc3fQ.KSp_1jSB6pPPoqi7JLTM3c...</msg>
<var>${headers}</var>
<arg>Authorization=Bearer ${token}</arg>
<arg>Content-Type=application/json</arg>
<doc>Creates and returns a dictionary based on the given ``items``.</doc>
<status status="PASS" start="2025-06-06T14:31:17.487654" elapsed="0.000256"/>
</kw>
<kw name="Create Dictionary" owner="BuiltIn">
<msg time="2025-06-06T14:31:17.488370" level="INFO">${produto} = {'idProduto': 'BKSJgqs0L6DCuysF', 'quantidade': '1'}</msg>
<var>${produto}</var>
<arg>idProduto=${id}</arg>
<arg>quantidade=1</arg>
<doc>Creates and returns a dictionary based on the given ``items``.</doc>
<status status="PASS" start="2025-06-06T14:31:17.488037" elapsed="0.000362"/>
</kw>
<kw name="Create List" owner="BuiltIn">
<msg time="2025-06-06T14:31:17.488640" level="INFO">${lista_produtos} = []</msg>
<var>${lista_produtos}</var>
<doc>Returns a list containing given items.</doc>
<status status="PASS" start="2025-06-06T14:31:17.488521" elapsed="0.000145"/>
</kw>
<kw name="Append To List" owner="Collections">
<arg>${lista_produtos}</arg>
<arg>${produto}</arg>
<doc>Adds ``values`` to the end of ``list``.</doc>
<status status="PASS" start="2025-06-06T14:31:17.488774" elapsed="0.000165"/>
</kw>
<kw name="Create Dictionary" owner="BuiltIn">
<msg time="2025-06-06T14:31:17.489270" level="INFO">${payload} = {'produtos': [{'idProduto': 'BKSJgqs0L6DCuysF', 'quantidade': '1'}]}</msg>
<var>${payload}</var>
<arg>produtos=${lista_produtos}</arg>
<doc>Creates and returns a dictionary based on the given ``items``.</doc>
<status status="PASS" start="2025-06-06T14:31:17.489064" elapsed="0.000234"/>
</kw>
<kw name="POST On Session" owner="RequestsLibrary">
<msg time="2025-06-06T14:31:17.708063" level="INFO">POST Request : url=https://serverest.dev/carrinhos 
 path_url=/carrinhos 
 headers={'User-Agent': 'python-requests/2.32.3', 'Accept-Encoding': 'gzip, deflate', 'Accept': 'application/json', 'Connection': 'keep-alive', 'Content-Type': 'application/json', 'Authorization': 'Bearer eyJhbGciOiJIUzI1NiIsInR5cCI6IkpXVCJ9.eyJlbWFpbCI6Imphc29uMzJAZXhhbXBsZS5uZXQiLCJwYXNzd29yZCI6IiEzQnlUIyIsImlhdCI6MTc0OTIzMTA3NywiZXhwIjoxNzQ5MjMxNjc3fQ.KSp_1jSB6pPPoqi7JLTM3cUP3178hqmVo9XhV1em31w', 'Content-Length': '68'} 
 body=b'{"produtos": [{"idProduto": "BKSJgqs0L6DCuysF", "quantidade": "1"}]}' 
 </msg>
<msg time="2025-06-06T14:31:17.708139" level="INFO">POST Response : url=https://serverest.dev/carrinhos 
 status=400, reason=Bad Request 
 headers={'access-control-allow-origin': '*', 'x-dns-prefetch-control': 'off', 'x-frame-options': 'SAMEORIGIN', 'strict-transport-security': 'max-age=15552000; includeSubDomains', 'x-download-options': 'noopen', 'x-content-type-options': 'nosniff', 'x-xss-protection': '1; mode=block', 'content-type': 'application/json; charset=utf-8', 'x-cloud-trace-context': 'f1762f87cc48ebdbe61c995221052bb8', 'date': 'Fri, 06 Jun 2025 17:31:19 GMT', 'server': 'Google Frontend', 'Content-Length': '61'} 
 body={
    "message": "Não é permitido ter mais de 1 carrinho"
} 
 </msg>
<msg time="2025-06-06T14:31:17.708209" level="INFO">C:\Users\cassi\OneDrive\Área de Trabalho\OneDrive\Compass\compass\entregas\sprint7\serverest\.venv\Lib\site-packages\urllib3\connectionpool.py:1097: InsecureRequestWarning: Unverified HTTPS request is being made to host 'serverest.dev'. Adding certificate verification is strongly advised. See: https://urllib3.readthedocs.io/en/latest/advanced-usage.html#tls-warnings
  warnings.warn(</msg>
<msg time="2025-06-06T14:31:17.708665" level="FAIL">Url: https://serverest.dev/carrinhos Expected status: 400 != 201</msg>
<var>${response}</var>
<arg>alias=Serverest</arg>
<arg>url=/carrinhos</arg>
<arg>json=${payload}</arg>
<arg>headers=${headers}</arg>
<arg>expected_status=${status_code_desejado}</arg>
<doc>Sends a POST request on a previously created HTTP Session.</doc>
<status status="FAIL" start="2025-06-06T14:31:17.489414" elapsed="0.244792">Url: https://serverest.dev/carrinhos Expected status: 400 != 201</status>
</kw>
<kw name="Set Global Variable" owner="BuiltIn">
<arg>${carter_id}</arg>
<arg>${response.json()["_id"]}</arg>
<doc>Makes a variable available globally in all tests and suites.</doc>
<status status="NOT RUN" start="2025-06-06T14:31:17.734909" elapsed="0.000092"/>
</kw>
<kw name="Should Be Equal As Strings" owner="BuiltIn">
<arg>${response.json()["message"]}</arg>
<arg>Cadastro realizado com sucesso</arg>
<doc>Fails if objects are unequal after converting them to strings.</doc>
<status status="NOT RUN" start="2025-06-06T14:31:17.735472" elapsed="0.000071"/>
</kw>
<arg>201</arg>
<arg>${product_id}</arg>
<status status="FAIL" start="2025-06-06T14:31:17.487339" elapsed="0.248480">Url: https://serverest.dev/carrinhos Expected status: 400 != 201</status>
</kw>
<kw name="Cadastrar produto com usuario autenticado" owner="create_produto_keyword">
<arg>201</arg>
<status status="NOT RUN" start="2025-06-06T14:31:17.736415" elapsed="0.000083"/>
</kw>
<kw name="Criar carrinho duplicado" owner="create_carrinho_keyword">
<arg>400</arg>
<arg>${product_id}</arg>
<status status="NOT RUN" start="2025-06-06T14:31:17.737071" elapsed="0.000042"/>
</kw>
<tag>CT045</tag>
<status status="FAIL" start="2025-06-06T14:31:17.214706" elapsed="0.522790">Url: https://serverest.dev/carrinhos Expected status: 400 != 201</status>
</test>
<test id="s1-s1-s1-s1-t5" name="CT046: Criar carrinho e verificar redução no estoque" line="27">
<kw name="Cadastrar produto com usuario autenticado" owner="create_produto_keyword">
<kw name="Generate dynamic data for Product" owner="dynamic">
<kw name="Name Nonbinary" owner="FakerLibrary">
<msg time="2025-06-06T14:31:17.740248" level="INFO">${nome} = David Whitaker</msg>
<var>${nome}</var>
<status status="PASS" start="2025-06-06T14:31:17.739855" elapsed="0.000448"/>
</kw>
<kw name="Pyint" owner="FakerLibrary">
<msg time="2025-06-06T14:31:17.740588" level="INFO">${preco} = 185</msg>
<var>${preco}</var>
<status status="PASS" start="2025-06-06T14:31:17.740448" elapsed="0.000186"/>
</kw>
<kw name="Color Name" owner="FakerLibrary">
<msg time="2025-06-06T14:31:17.740918" level="INFO">${descricao} = LemonChiffon</msg>
<var>${descricao}</var>
<doc>Generate a color name.</doc>
<status status="PASS" start="2025-06-06T14:31:17.740753" elapsed="0.000188"/>
</kw>
<kw name="Random Int" owner="FakerLibrary">
<msg time="2025-06-06T14:31:17.741149" level="INFO">${quantidade} = 6903</msg>
<var>${quantidade}</var>
<doc>Generate a random integer between two integers ``min`` and ``max`` inclusive
while observing the provided ``step`` value.</doc>
<status status="PASS" start="2025-06-06T14:31:17.741037" elapsed="0.000134"/>
</kw>
<kw name="Create Dictionary" owner="BuiltIn">
<msg time="2025-06-06T14:31:17.741594" level="INFO">${produto} = {'nome': 'David Whitaker', 'preco': 185, 'descricao': 'LemonChiffon', 'quantidade': 6903}</msg>
<var>${produto}</var>
<arg>nome=${nome}</arg>
<arg>preco=${preco}</arg>
<arg>descricao=${descricao}</arg>
<arg>quantidade=${quantidade}</arg>
<doc>Creates and returns a dictionary based on the given ``items``.</doc>
<status status="PASS" start="2025-06-06T14:31:17.741308" elapsed="0.000310"/>
</kw>
<return>
<value>${produto}</value>
<status status="PASS" start="2025-06-06T14:31:17.741667" elapsed="0.000054"/>
</return>
<msg time="2025-06-06T14:31:17.741865" level="INFO">${produto} = {'nome': 'David Whitaker', 'preco': 185, 'descricao': 'LemonChiffon', 'quantidade': 6903}</msg>
<var>${produto}</var>
<status status="PASS" start="2025-06-06T14:31:17.739630" elapsed="0.002283"/>
</kw>
<kw name="Create Dictionary" owner="BuiltIn">
<msg time="2025-06-06T14:31:17.742265" level="INFO">${headers} = {'Authorization': 'Bearer eyJhbGciOiJIUzI1NiIsInR5cCI6IkpXVCJ9.eyJlbWFpbCI6Imphc29uMzJAZXhhbXBsZS5uZXQiLCJwYXNzd29yZCI6IiEzQnlUIyIsImlhdCI6MTc0OTIzMTA3NywiZXhwIjoxNzQ5MjMxNjc3fQ.KSp_1jSB6pPPoqi7JLTM3c...</msg>
<var>${headers}</var>
<arg>Authorization=Bearer ${token}</arg>
<arg>Content-Type=application/json</arg>
<doc>Creates and returns a dictionary based on the given ``items``.</doc>
<status status="PASS" start="2025-06-06T14:31:17.742043" elapsed="0.000246"/>
</kw>
<kw name="POST On Session" owner="RequestsLibrary">
<msg time="2025-06-06T14:31:17.950810" level="INFO">POST Request : url=https://serverest.dev/produtos 
 path_url=/produtos 
 headers={'User-Agent': 'python-requests/2.32.3', 'Accept-Encoding': 'gzip, deflate', 'Accept': 'application/json', 'Connection': 'keep-alive', 'Content-Type': 'application/json', 'Authorization': 'Bearer eyJhbGciOiJIUzI1NiIsInR5cCI6IkpXVCJ9.eyJlbWFpbCI6Imphc29uMzJAZXhhbXBsZS5uZXQiLCJwYXNzd29yZCI6IiEzQnlUIyIsImlhdCI6MTc0OTIzMTA3NywiZXhwIjoxNzQ5MjMxNjc3fQ.KSp_1jSB6pPPoqi7JLTM3cUP3178hqmVo9XhV1em31w', 'Content-Length': '89'} 
 body=b'{"nome": "David Whitaker", "preco": 185, "descricao": "LemonChiffon", "quantidade": 6903}' 
 </msg>
<msg time="2025-06-06T14:31:17.950980" level="INFO">POST Response : url=https://serverest.dev/produtos 
 status=201, reason=Created 
 headers={'access-control-allow-origin': '*', 'x-dns-prefetch-control': 'off', 'x-frame-options': 'SAMEORIGIN', 'strict-transport-security': 'max-age=15552000; includeSubDomains', 'x-download-options': 'noopen', 'x-content-type-options': 'nosniff', 'x-xss-protection': '1; mode=block', 'content-type': 'application/json; charset=utf-8', 'x-cloud-trace-context': 'cbd25ae2c577cc82e61c99522105292c', 'date': 'Fri, 06 Jun 2025 17:31:19 GMT', 'server': 'Google Frontend', 'Content-Length': '82'} 
 body={
    "message": "Cadastro realizado com sucesso",
    "_id": "8NoEyqJXSuCfQQma"
} 
 </msg>
<msg time="2025-06-06T14:31:17.951078" level="INFO">C:\Users\cassi\OneDrive\Área de Trabalho\OneDrive\Compass\compass\entregas\sprint7\serverest\.venv\Lib\site-packages\urllib3\connectionpool.py:1097: InsecureRequestWarning: Unverified HTTPS request is being made to host 'serverest.dev'. Adding certificate verification is strongly advised. See: https://urllib3.readthedocs.io/en/latest/advanced-usage.html#tls-warnings
  warnings.warn(</msg>
<msg time="2025-06-06T14:31:17.951389" level="INFO">${response} = &lt;Response [201]&gt;</msg>
<var>${response}</var>
<arg>alias=Serverest</arg>
<arg>url=/produtos</arg>
<arg>json=${produto}</arg>
<arg>headers=${headers}</arg>
<arg>expected_status=${status_code_desejado}</arg>
<doc>Sends a POST request on a previously created HTTP Session.</doc>
<status status="PASS" start="2025-06-06T14:31:17.742393" elapsed="0.209035"/>
</kw>
<kw name="Set Global Variable" owner="BuiltIn">
<msg time="2025-06-06T14:31:17.952335" level="INFO">${product_name} = David Whitaker</msg>
<arg>${product_name}</arg>
<arg>${produto["nome"]}</arg>
<doc>Makes a variable available globally in all tests and suites.</doc>
<status status="PASS" start="2025-06-06T14:31:17.951668" elapsed="0.000768"/>
</kw>
<kw name="Set Global Variable" owner="BuiltIn">
<msg time="2025-06-06T14:31:17.953287" level="INFO">${product_qtd} = 6903</msg>
<arg>${product_qtd}</arg>
<arg>${produto["quantidade"]}</arg>
<doc>Makes a variable available globally in all tests and suites.</doc>
<status status="PASS" start="2025-06-06T14:31:17.952628" elapsed="0.000709"/>
</kw>
<kw name="Set Global Variable" owner="BuiltIn">
<msg time="2025-06-06T14:31:17.953957" level="INFO">${product_id} = 8NoEyqJXSuCfQQma</msg>
<arg>${product_id}</arg>
<arg>${response.json()["_id"]}</arg>
<doc>Makes a variable available globally in all tests and suites.</doc>
<status status="PASS" start="2025-06-06T14:31:17.953474" elapsed="0.000551"/>
</kw>
<arg>201</arg>
<status status="PASS" start="2025-06-06T14:31:17.739132" elapsed="0.214956"/>
</kw>
<kw name="Listar produto por ID" owner="get_produto_keyword">
<kw name="GET On Session" owner="RequestsLibrary">
<msg time="2025-06-06T14:31:18.149259" level="INFO">GET Request : url=https://serverest.dev/produtos/8NoEyqJXSuCfQQma 
 path_url=/produtos/8NoEyqJXSuCfQQma 
 headers={'User-Agent': 'python-requests/2.32.3', 'Accept-Encoding': 'gzip, deflate', 'Accept': 'application/json', 'Connection': 'keep-alive', 'Content-Type': 'application/json'} 
 body=None 
 </msg>
<msg time="2025-06-06T14:31:18.149341" level="INFO">GET Response : url=https://serverest.dev/produtos/8NoEyqJXSuCfQQma 
 status=200, reason=OK 
 headers={'access-control-allow-origin': '*', 'x-dns-prefetch-control': 'off', 'x-frame-options': 'SAMEORIGIN', 'strict-transport-security': 'max-age=15552000; includeSubDomains', 'x-download-options': 'noopen', 'x-content-type-options': 'nosniff', 'x-xss-protection': '1; mode=block', 'content-type': 'application/json; charset=utf-8', 'x-cloud-trace-context': '89073f51d25bfd01e61c995221052ec0', 'date': 'Fri, 06 Jun 2025 17:31:19 GMT', 'server': 'Google Frontend', 'Content-Length': '138'} 
 body={
    "nome": "David Whitaker",
    "preco": 185,
    "descricao": "LemonChiffon",
    "quantidade": 6903,
    "_id": "8NoEyqJXSuCfQQma"
} 
 </msg>
<msg time="2025-06-06T14:31:18.149399" level="INFO">C:\Users\cassi\OneDrive\Área de Trabalho\OneDrive\Compass\compass\entregas\sprint7\serverest\.venv\Lib\site-packages\urllib3\connectionpool.py:1097: InsecureRequestWarning: Unverified HTTPS request is being made to host 'serverest.dev'. Adding certificate verification is strongly advised. See: https://urllib3.readthedocs.io/en/latest/advanced-usage.html#tls-warnings
  warnings.warn(</msg>
<msg time="2025-06-06T14:31:18.149771" level="INFO">${response} = &lt;Response [200]&gt;</msg>
<var>${response}</var>
<arg>alias=Serverest</arg>
<arg>url=/produtos/${id}</arg>
<arg>expected_status=${status_code_desejado}</arg>
<doc>Sends a GET request on a previously created HTTP Session.</doc>
<status status="PASS" start="2025-06-06T14:31:17.954715" elapsed="0.195104"/>
</kw>
<kw name="Set Global Variable" owner="BuiltIn">
<msg time="2025-06-06T14:31:18.151588" level="INFO">${produto} = {'nome': 'David Whitaker', 'preco': 185, 'descricao': 'LemonChiffon', 'quantidade': 6903, '_id': '8NoEyqJXSuCfQQma'}</msg>
<arg>${produto}</arg>
<arg>${response.json()}</arg>
<doc>Makes a variable available globally in all tests and suites.</doc>
<status status="PASS" start="2025-06-06T14:31:18.150061" elapsed="0.001585"/>
</kw>
<arg>200</arg>
<arg>${product_id}</arg>
<status status="PASS" start="2025-06-06T14:31:17.954432" elapsed="0.197307"/>
</kw>
<kw name="Criar carrinho valido" owner="create_carrinho_keyword">
<kw name="Create Dictionary" owner="BuiltIn">
<msg time="2025-06-06T14:31:18.153520" level="INFO">${headers} = {'Authorization': 'Bearer eyJhbGciOiJIUzI1NiIsInR5cCI6IkpXVCJ9.eyJlbWFpbCI6Imphc29uMzJAZXhhbXBsZS5uZXQiLCJwYXNzd29yZCI6IiEzQnlUIyIsImlhdCI6MTc0OTIzMTA3NywiZXhwIjoxNzQ5MjMxNjc3fQ.KSp_1jSB6pPPoqi7JLTM3c...</msg>
<var>${headers}</var>
<arg>Authorization=Bearer ${token}</arg>
<arg>Content-Type=application/json</arg>
<doc>Creates and returns a dictionary based on the given ``items``.</doc>
<status status="PASS" start="2025-06-06T14:31:18.153129" elapsed="0.000422"/>
</kw>
<kw name="Create Dictionary" owner="BuiltIn">
<msg time="2025-06-06T14:31:18.153916" level="INFO">${produto} = {'idProduto': '8NoEyqJXSuCfQQma', 'quantidade': '1'}</msg>
<var>${produto}</var>
<arg>idProduto=${id}</arg>
<arg>quantidade=1</arg>
<doc>Creates and returns a dictionary based on the given ``items``.</doc>
<status status="PASS" start="2025-06-06T14:31:18.153728" elapsed="0.000210"/>
</kw>
<kw name="Create List" owner="BuiltIn">
<msg time="2025-06-06T14:31:18.154133" level="INFO">${lista_produtos} = []</msg>
<var>${lista_produtos}</var>
<doc>Returns a list containing given items.</doc>
<status status="PASS" start="2025-06-06T14:31:18.154037" elapsed="0.000117"/>
</kw>
<kw name="Append To List" owner="Collections">
<arg>${lista_produtos}</arg>
<arg>${produto}</arg>
<doc>Adds ``values`` to the end of ``list``.</doc>
<status status="PASS" start="2025-06-06T14:31:18.154251" elapsed="0.000141"/>
</kw>
<kw name="Create Dictionary" owner="BuiltIn">
<msg time="2025-06-06T14:31:18.154739" level="INFO">${payload} = {'produtos': [{'idProduto': '8NoEyqJXSuCfQQma', 'quantidade': '1'}]}</msg>
<var>${payload}</var>
<arg>produtos=${lista_produtos}</arg>
<doc>Creates and returns a dictionary based on the given ``items``.</doc>
<status status="PASS" start="2025-06-06T14:31:18.154514" elapsed="0.000248"/>
</kw>
<kw name="POST On Session" owner="RequestsLibrary">
<msg time="2025-06-06T14:31:18.341131" level="INFO">POST Request : url=https://serverest.dev/carrinhos 
 path_url=/carrinhos 
 headers={'User-Agent': 'python-requests/2.32.3', 'Accept-Encoding': 'gzip, deflate', 'Accept': 'application/json', 'Connection': 'keep-alive', 'Content-Type': 'application/json', 'Authorization': 'Bearer eyJhbGciOiJIUzI1NiIsInR5cCI6IkpXVCJ9.eyJlbWFpbCI6Imphc29uMzJAZXhhbXBsZS5uZXQiLCJwYXNzd29yZCI6IiEzQnlUIyIsImlhdCI6MTc0OTIzMTA3NywiZXhwIjoxNzQ5MjMxNjc3fQ.KSp_1jSB6pPPoqi7JLTM3cUP3178hqmVo9XhV1em31w', 'Content-Length': '68'} 
 body=b'{"produtos": [{"idProduto": "8NoEyqJXSuCfQQma", "quantidade": "1"}]}' 
 </msg>
<msg time="2025-06-06T14:31:18.341273" level="INFO">POST Response : url=https://serverest.dev/carrinhos 
 status=400, reason=Bad Request 
 headers={'access-control-allow-origin': '*', 'x-dns-prefetch-control': 'off', 'x-frame-options': 'SAMEORIGIN', 'strict-transport-security': 'max-age=15552000; includeSubDomains', 'x-download-options': 'noopen', 'x-content-type-options': 'nosniff', 'x-xss-protection': '1; mode=block', 'content-type': 'application/json; charset=utf-8', 'x-cloud-trace-context': '26a5bdd6e98d8a72e61c995221052d38', 'date': 'Fri, 06 Jun 2025 17:31:19 GMT', 'server': 'Google Frontend', 'Content-Length': '61'} 
 body={
    "message": "Não é permitido ter mais de 1 carrinho"
} 
 </msg>
<msg time="2025-06-06T14:31:18.341363" level="INFO">C:\Users\cassi\OneDrive\Área de Trabalho\OneDrive\Compass\compass\entregas\sprint7\serverest\.venv\Lib\site-packages\urllib3\connectionpool.py:1097: InsecureRequestWarning: Unverified HTTPS request is being made to host 'serverest.dev'. Adding certificate verification is strongly advised. See: https://urllib3.readthedocs.io/en/latest/advanced-usage.html#tls-warnings
  warnings.warn(</msg>
<msg time="2025-06-06T14:31:18.341696" level="FAIL">Url: https://serverest.dev/carrinhos Expected status: 400 != 201</msg>
<var>${response}</var>
<arg>alias=Serverest</arg>
<arg>url=/carrinhos</arg>
<arg>json=${payload}</arg>
<arg>headers=${headers}</arg>
<arg>expected_status=${status_code_desejado}</arg>
<doc>Sends a POST request on a previously created HTTP Session.</doc>
<status status="FAIL" start="2025-06-06T14:31:18.154888" elapsed="0.188253">Url: https://serverest.dev/carrinhos Expected status: 400 != 201</status>
</kw>
<kw name="Set Global Variable" owner="BuiltIn">
<arg>${carter_id}</arg>
<arg>${response.json()["_id"]}</arg>
<doc>Makes a variable available globally in all tests and suites.</doc>
<status status="NOT RUN" start="2025-06-06T14:31:18.343371" elapsed="0.000028"/>
</kw>
<kw name="Should Be Equal As Strings" owner="BuiltIn">
<arg>${response.json()["message"]}</arg>
<arg>Cadastro realizado com sucesso</arg>
<doc>Fails if objects are unequal after converting them to strings.</doc>
<status status="NOT RUN" start="2025-06-06T14:31:18.343519" elapsed="0.000019"/>
</kw>
<arg>201</arg>
<arg>${product_id}</arg>
<status status="FAIL" start="2025-06-06T14:31:18.152345" elapsed="0.191293">Url: https://serverest.dev/carrinhos Expected status: 400 != 201</status>
</kw>
<kw name="Listar produto por ID" owner="get_produto_keyword">
<arg>200</arg>
<arg>${product_id}</arg>
<status status="NOT RUN" start="2025-06-06T14:31:18.343933" elapsed="0.000029"/>
</kw>
<kw name="Verificar reducao de estoque" owner="create_carrinho_keyword">
<arg>200</arg>
<arg>${product_qtd}</arg>
<status status="NOT RUN" start="2025-06-06T14:31:18.344167" elapsed="0.000025"/>
</kw>
<tag>CT046</tag>
<status status="FAIL" start="2025-06-06T14:31:17.738496" elapsed="0.605902">Url: https://serverest.dev/carrinhos Expected status: 400 != 201</status>
</test>
<doc>Testing the /produtos endpoint of the Serverest API</doc>
<status status="FAIL" start="2025-06-06T14:31:14.117559" elapsed="4.227688"/>
</suite>
<suite id="s1-s1-s1-s2" name="Delete Carrinho Test" source="C:\Users\cassi\OneDrive\Área de Trabalho\OneDrive\Compass\compass\entregas\sprint7\serverest\tests\unit_tests\carrinho\delete_carrinho_test.robot">
<kw name="Preparar Sessao para Rota Produtos" owner="utils" type="SETUP">
<kw name="Create Session on Serverest" owner="base">
<kw name="Create Dictionary" owner="BuiltIn">
<msg time="2025-06-06T14:31:18.406836" level="INFO">${headers} = {'Accept': 'application/json', 'Content-Type': 'application/json'}</msg>
<var>${headers}</var>
<arg>Accept=application/json</arg>
<arg>Content-Type=application/json</arg>
<doc>Creates and returns a dictionary based on the given ``items``.</doc>
<status status="PASS" start="2025-06-06T14:31:18.406576" elapsed="0.000317"/>
</kw>
<kw name="Create Session" owner="RequestsLibrary">
<msg time="2025-06-06T14:31:18.407348" level="INFO">Creating Session using : alias=Serverest, url=https://serverest.dev, headers={'Accept': 'application/json', 'Content-Type': 'application/json'},                     cookies={}, auth=None, timeout=None, proxies=None, verify=False,                     debug=0 </msg>
<arg>alias=Serverest</arg>
<arg>url=${BASE_URI}</arg>
<arg>headers=${headers}</arg>
<doc>Create Session: create a HTTP session to a server</doc>
<status status="PASS" start="2025-06-06T14:31:18.407088" elapsed="0.000404"/>
</kw>
<status status="PASS" start="2025-06-06T14:31:18.406353" elapsed="0.001200"/>
</kw>
<kw name="Cadastrar usuario valido" owner="create_user_keywords">
<kw name="Generate dynamic data for User" owner="dynamic">
<kw name="Name" owner="FakerLibrary">
<msg time="2025-06-06T14:31:18.408381" level="INFO">${nome} = Meghan Mccoy</msg>
<var>${nome}</var>
<doc>:example: 'John Doe'</doc>
<status status="PASS" start="2025-06-06T14:31:18.408063" elapsed="0.000343"/>
</kw>
<kw name="Email" owner="FakerLibrary">
<msg time="2025-06-06T14:31:18.408806" level="INFO">${email} = melissajordan@example.com</msg>
<var>${email}</var>
<status status="PASS" start="2025-06-06T14:31:18.408502" elapsed="0.000330"/>
</kw>
<kw name="Password" owner="FakerLibrary">
<msg time="2025-06-06T14:31:18.409210" level="INFO">${password} = &amp;87O&amp;w</msg>
<var>${password}</var>
<arg>length=6</arg>
<arg>special_chars=${True}</arg>
<arg>digits=${True}</arg>
<doc>Generate a random password of the specified ``length``.</doc>
<status status="PASS" start="2025-06-06T14:31:18.408928" elapsed="0.000307"/>
</kw>
<kw name="Create Dictionary" owner="BuiltIn">
<msg time="2025-06-06T14:31:18.409590" level="INFO">${usuario} = {'nome': 'Meghan Mccoy', 'email': 'melissajordan@example.com', 'password': '&amp;87O&amp;w', 'administrador': 'true'}</msg>
<var>${usuario}</var>
<arg>nome=${nome}</arg>
<arg>email=${email}</arg>
<arg>password=${password}</arg>
<arg>administrador=true</arg>
<doc>Creates and returns a dictionary based on the given ``items``.</doc>
<status status="PASS" start="2025-06-06T14:31:18.409350" elapsed="0.000265"/>
</kw>
<return>
<value>${usuario}</value>
<status status="PASS" start="2025-06-06T14:31:18.409666" elapsed="0.000033"/>
</return>
<msg time="2025-06-06T14:31:18.409807" level="INFO">${valid_user} = {'nome': 'Meghan Mccoy', 'email': 'melissajordan@example.com', 'password': '&amp;87O&amp;w', 'administrador': 'true'}</msg>
<var>${valid_user}</var>
<status status="PASS" start="2025-06-06T14:31:18.407921" elapsed="0.001916"/>
</kw>
<kw name="Set Global Variable" owner="BuiltIn">
<msg time="2025-06-06T14:31:18.410153" level="INFO">${valid_user} = {'nome': 'Meghan Mccoy', 'email': 'melissajordan@example.com', 'password': '&amp;87O&amp;w', 'administrador': 'true'}</msg>
<arg>${valid_user}</arg>
<arg>${valid_user}</arg>
<doc>Makes a variable available globally in all tests and suites.</doc>
<status status="PASS" start="2025-06-06T14:31:18.409940" elapsed="0.000255"/>
</kw>
<kw name="POST On Session" owner="RequestsLibrary">
<msg time="2025-06-06T14:31:18.846770" level="INFO">POST Request : url=https://serverest.dev/usuarios 
 path_url=/usuarios 
 headers={'User-Agent': 'python-requests/2.32.3', 'Accept-Encoding': 'gzip, deflate', 'Accept': 'application/json', 'Connection': 'keep-alive', 'Content-Type': 'application/json', 'Content-Length': '109'} 
 body=b'{"nome": "Meghan Mccoy", "email": "melissajordan@example.com", "password": "&amp;87O&amp;w", "administrador": "true"}' 
 </msg>
<msg time="2025-06-06T14:31:18.847054" level="INFO">POST Response : url=https://serverest.dev/usuarios 
 status=201, reason=Created 
 headers={'access-control-allow-origin': '*', 'x-dns-prefetch-control': 'off', 'x-frame-options': 'SAMEORIGIN', 'strict-transport-security': 'max-age=15552000; includeSubDomains', 'x-download-options': 'noopen', 'x-content-type-options': 'nosniff', 'x-xss-protection': '1; mode=block', 'content-type': 'application/json; charset=utf-8', 'x-cloud-trace-context': '0ed368ddf601c2a210a499c494de5e65', 'date': 'Fri, 06 Jun 2025 17:31:20 GMT', 'server': 'Google Frontend', 'Content-Length': '82'} 
 body={
    "message": "Cadastro realizado com sucesso",
    "_id": "nmgot0yS2QXNN1IE"
} 
 </msg>
<msg time="2025-06-06T14:31:18.847611" level="INFO">C:\Users\cassi\OneDrive\Área de Trabalho\OneDrive\Compass\compass\entregas\sprint7\serverest\.venv\Lib\site-packages\urllib3\connectionpool.py:1097: InsecureRequestWarning: Unverified HTTPS request is being made to host 'serverest.dev'. Adding certificate verification is strongly advised. See: https://urllib3.readthedocs.io/en/latest/advanced-usage.html#tls-warnings
  warnings.warn(</msg>
<msg time="2025-06-06T14:31:18.848564" level="INFO">${response} = &lt;Response [201]&gt;</msg>
<var>${response}</var>
<arg>alias=Serverest</arg>
<arg>url=/usuarios</arg>
<arg>json=${valid_user}</arg>
<arg>expected_status=${status_code_desejado}</arg>
<doc>Sends a POST request on a previously created HTTP Session.</doc>
<status status="PASS" start="2025-06-06T14:31:18.410361" elapsed="0.438343"/>
</kw>
<kw name="Set Global Variable" owner="BuiltIn">
<msg time="2025-06-06T14:31:18.850719" level="INFO">${user_id} = nmgot0yS2QXNN1IE</msg>
<arg>${user_id}</arg>
<arg>${response.json()["_id"]}</arg>
<doc>Makes a variable available globally in all tests and suites.</doc>
<status status="PASS" start="2025-06-06T14:31:18.849190" elapsed="0.001696"/>
</kw>
<kw name="Get From Dictionary" owner="Collections">
<msg time="2025-06-06T14:31:18.851797" level="INFO">${user_email} = melissajordan@example.com</msg>
<var>${user_email}</var>
<arg>${valid_user}</arg>
<arg>email</arg>
<doc>Returns a value from the given ``dictionary`` based on the given ``key``.</doc>
<status status="PASS" start="2025-06-06T14:31:18.851274" elapsed="0.000602"/>
</kw>
<kw name="Set Global Variable" owner="BuiltIn">
<msg time="2025-06-06T14:31:18.852925" level="INFO">${user_email} = melissajordan@example.com</msg>
<arg>${user_email}</arg>
<doc>Makes a variable available globally in all tests and suites.</doc>
<status status="PASS" start="2025-06-06T14:31:18.852264" elapsed="0.000812"/>
</kw>
<kw name="Return From Keyword" owner="BuiltIn">
<msg time="2025-06-06T14:31:18.853713" level="INFO">Returning from the enclosing user keyword.</msg>
<arg>${response.json()}</arg>
<doc>Returns from the enclosing user keyword.</doc>
<status status="PASS" start="2025-06-06T14:31:18.853485" elapsed="0.000357"/>
</kw>
<arg>201</arg>
<status status="PASS" start="2025-06-06T14:31:18.407695" elapsed="0.446980"/>
</kw>
<kw name="Login com credenciais validas" owner="login_keyword">
<kw name="Create Dictionary" owner="BuiltIn">
<msg time="2025-06-06T14:31:18.857368" level="INFO">${payload} = {'email': 'melissajordan@example.com', 'password': '&amp;87O&amp;w'}</msg>
<var>${payload}</var>
<arg>email=${user["email"]}</arg>
<arg>password=${user["password"]}</arg>
<doc>Creates and returns a dictionary based on the given ``items``.</doc>
<status status="PASS" start="2025-06-06T14:31:18.855638" elapsed="0.001787"/>
</kw>
<kw name="POST On Session" owner="RequestsLibrary">
<msg time="2025-06-06T14:31:19.047221" level="INFO">POST Request : url=https://serverest.dev/login 
 path_url=/login 
 headers={'User-Agent': 'python-requests/2.32.3', 'Accept-Encoding': 'gzip, deflate', 'Accept': 'application/json', 'Connection': 'keep-alive', 'Content-Type': 'application/json', 'Content-Length': '60'} 
 body=b'{"email": "melissajordan@example.com", "password": "&amp;87O&amp;w"}' 
 </msg>
<msg time="2025-06-06T14:31:19.047311" level="INFO">POST Response : url=https://serverest.dev/login 
 status=200, reason=OK 
 headers={'access-control-allow-origin': '*', 'x-dns-prefetch-control': 'off', 'x-frame-options': 'SAMEORIGIN', 'strict-transport-security': 'max-age=15552000; includeSubDomains', 'x-download-options': 'noopen', 'x-content-type-options': 'nosniff', 'x-xss-protection': '1; mode=block', 'content-type': 'application/json; charset=utf-8', 'x-cloud-trace-context': '9b481a71ead39c2410a499c494de5a92', 'date': 'Fri, 06 Jun 2025 17:31:20 GMT', 'server': 'Google Frontend', 'Content-Length': '283'} 
 body={
    "message": "Login realizado com sucesso",
    "authorization": "Bearer eyJhbGciOiJIUzI1NiIsInR5cCI6IkpXVCJ9.eyJlbWFpbCI6Im1lbGlzc2Fqb3JkYW5AZXhhbXBsZS5jb20iLCJwYXNzd29yZCI6IiY4N08mdyIsImlhdCI6MTc0OTIzMTA4MCwiZXhwIjoxNzQ5MjMxNjgwfQ.QWcIWhwJ4S7UhFyRuinD3DUTVf2MoKkyXYzK2l2sVZo"
} 
 </msg>
<msg time="2025-06-06T14:31:19.047387" level="INFO">C:\Users\cassi\OneDrive\Área de Trabalho\OneDrive\Compass\compass\entregas\sprint7\serverest\.venv\Lib\site-packages\urllib3\connectionpool.py:1097: InsecureRequestWarning: Unverified HTTPS request is being made to host 'serverest.dev'. Adding certificate verification is strongly advised. See: https://urllib3.readthedocs.io/en/latest/advanced-usage.html#tls-warnings
  warnings.warn(</msg>
<msg time="2025-06-06T14:31:19.047804" level="INFO">${response} = &lt;Response [200]&gt;</msg>
<var>${response}</var>
<arg>alias=Serverest</arg>
<arg>url=/login</arg>
<arg>json=${payload}</arg>
<arg>expected_status=${status_code_desejado}</arg>
<doc>Sends a POST request on a previously created HTTP Session.</doc>
<status status="PASS" start="2025-06-06T14:31:18.857665" elapsed="0.190207"/>
</kw>
<kw name="Get From Dictionary" owner="Collections">
<msg time="2025-06-06T14:31:19.048990" level="INFO">${message} = Login realizado com sucesso</msg>
<var>${message}</var>
<arg>${response.json()}</arg>
<arg>message</arg>
<doc>Returns a value from the given ``dictionary`` based on the given ``key``.</doc>
<status status="PASS" start="2025-06-06T14:31:19.048185" elapsed="0.000841"/>
</kw>
<kw name="Should Be Equal As Strings" owner="BuiltIn">
<arg>${message}</arg>
<arg>Login realizado com sucesso</arg>
<doc>Fails if objects are unequal after converting them to strings.</doc>
<status status="PASS" start="2025-06-06T14:31:19.049199" elapsed="0.000203"/>
</kw>
<kw name="Get From Dictionary" owner="Collections">
<msg time="2025-06-06T14:31:19.050048" level="INFO">${authorization} = Bearer eyJhbGciOiJIUzI1NiIsInR5cCI6IkpXVCJ9.eyJlbWFpbCI6Im1lbGlzc2Fqb3JkYW5AZXhhbXBsZS5jb20iLCJwYXNzd29yZCI6IiY4N08mdyIsImlhdCI6MTc0OTIzMTA4MCwiZXhwIjoxNzQ5MjMxNjgwfQ.QWcIWhwJ4S7UhFyRuinD3DUTVf2MoKkyX...</msg>
<var>${authorization}</var>
<arg>${response.json()}</arg>
<arg>authorization</arg>
<doc>Returns a value from the given ``dictionary`` based on the given ``key``.</doc>
<status status="PASS" start="2025-06-06T14:31:19.049545" elapsed="0.000536"/>
</kw>
<kw name="Replace String" owner="String">
<msg time="2025-06-06T14:31:19.050720" level="INFO">${token} =  eyJhbGciOiJIUzI1NiIsInR5cCI6IkpXVCJ9.eyJlbWFpbCI6Im1lbGlzc2Fqb3JkYW5AZXhhbXBsZS5jb20iLCJwYXNzd29yZCI6IiY4N08mdyIsImlhdCI6MTc0OTIzMTA4MCwiZXhwIjoxNzQ5MjMxNjgwfQ.QWcIWhwJ4S7UhFyRuinD3DUTVf2MoKkyXYzK2l2...</msg>
<var>${token}</var>
<arg>${authorization}</arg>
<arg>Bearer</arg>
<arg>${EMPTY}</arg>
[...]
</kw>
<kw name="Atualizar usuario com ID inexistente" owner="update_user_keywords">
<kw name="PUT On Session" owner="RequestsLibrary">
<msg time="2025-06-06T14:31:39.479805" level="INFO">PUT Request : url=https://serverest.dev/usuarios/123456789abcdefg 
 path_url=/usuarios/123456789abcdefg 
 headers={'User-Agent': 'python-requests/2.32.3', 'Accept-Encoding': 'gzip, deflate', 'Accept': 'application/json', 'Connection': 'keep-alive', 'Content-Type': 'application/json', 'Content-Length': '109'} 
 body=b'{"nome": "Samuel Greene", "email": "jennifer21@example.com", "password": "a@wC5K%x", "administrador": "true"}' 
 </msg>
<msg time="2025-06-06T14:31:39.479882" level="INFO">PUT Response : url=https://serverest.dev/usuarios/123456789abcdefg 
 status=201, reason=Created 
 headers={'access-control-allow-origin': '*', 'x-dns-prefetch-control': 'off', 'x-frame-options': 'SAMEORIGIN', 'strict-transport-security': 'max-age=15552000; includeSubDomains', 'x-download-options': 'noopen', 'x-content-type-options': 'nosniff', 'x-xss-protection': '1; mode=block', 'content-type': 'application/json; charset=utf-8', 'x-cloud-trace-context': 'dfeb1ecfcceeca29cac1501b272fa145', 'date': 'Fri, 06 Jun 2025 17:31:40 GMT', 'server': 'Google Frontend', 'Content-Length': '82'} 
 body={
    "message": "Cadastro realizado com sucesso",
    "_id": "Q28ZSvGrGvAcITXM"
} 
 </msg>
<msg time="2025-06-06T14:31:39.479943" level="INFO">C:\Users\cassi\OneDrive\Área de Trabalho\OneDrive\Compass\compass\entregas\sprint7\serverest\.venv\Lib\site-packages\urllib3\connectionpool.py:1097: InsecureRequestWarning: Unverified HTTPS request is being made to host 'serverest.dev'. Adding certificate verification is strongly advised. See: https://urllib3.readthedocs.io/en/latest/advanced-usage.html#tls-warnings
  warnings.warn(</msg>
<msg time="2025-06-06T14:31:39.480361" level="INFO">${response} = &lt;Response [201]&gt;</msg>
<var>${response}</var>
<arg>alias=Serverest</arg>
<arg>url=/usuarios/123456789abcdefg</arg>
<arg>json=${user}</arg>
<arg>expected_status=${status_code_desejado}</arg>
<doc>Sends a PUT request on a previously created HTTP Session.</doc>
<status status="PASS" start="2025-06-06T14:31:39.285994" elapsed="0.194403"/>
</kw>
<kw name="Get From Dictionary" owner="Collections">
<msg time="2025-06-06T14:31:39.481058" level="INFO">${message} = Cadastro realizado com sucesso</msg>
<var>${message}</var>
<arg>${response.json()}</arg>
<arg>message</arg>
<doc>Returns a value from the given ``dictionary`` based on the given ``key``.</doc>
<status status="PASS" start="2025-06-06T14:31:39.480583" elapsed="0.000501"/>
</kw>
<kw name="Should Be Equal As Strings" owner="BuiltIn">
<arg>${message}</arg>
<arg>Cadastro realizado com sucesso</arg>
<doc>Fails if objects are unequal after converting them to strings.</doc>
<status status="PASS" start="2025-06-06T14:31:39.481204" elapsed="0.000156"/>
</kw>
<arg>201</arg>
<arg>${user_updated}</arg>
<status status="PASS" start="2025-06-06T14:31:39.285070" elapsed="0.196352"/>
</kw>
<tag>CT013</tag>
<status status="PASS" start="2025-06-06T14:31:39.279652" elapsed="0.202086"/>
</test>
<test id="s1-s1-s4-s4-t3" name="CT014: Atualizar usuario com e-mail ja existente" line="18">
<kw name="Cadastrar usuario valido" owner="create_user_keywords">
<kw name="Generate dynamic data for User" owner="dynamic">
<kw name="Name" owner="FakerLibrary">
<msg time="2025-06-06T14:31:39.484667" level="INFO">${nome} = Linda Rollins</msg>
<var>${nome}</var>
<doc>:example: 'John Doe'</doc>
<status status="PASS" start="2025-06-06T14:31:39.484219" elapsed="0.000504"/>
</kw>
<kw name="Email" owner="FakerLibrary">
<msg time="2025-06-06T14:31:39.485142" level="INFO">${email} = danielle03@example.org</msg>
<var>${email}</var>
<status status="PASS" start="2025-06-06T14:31:39.484891" elapsed="0.000277"/>
</kw>
<kw name="Password" owner="FakerLibrary">
<msg time="2025-06-06T14:31:39.485579" level="INFO">${password} = _21LYq</msg>
<var>${password}</var>
<arg>length=6</arg>
<arg>special_chars=${True}</arg>
<arg>digits=${True}</arg>
<doc>Generate a random password of the specified ``length``.</doc>
<status status="PASS" start="2025-06-06T14:31:39.485269" elapsed="0.000336"/>
</kw>
<kw name="Create Dictionary" owner="BuiltIn">
<msg time="2025-06-06T14:31:39.486283" level="INFO">${usuario} = {'nome': 'Linda Rollins', 'email': 'danielle03@example.org', 'password': '_21LYq', 'administrador': 'true'}</msg>
<var>${usuario}</var>
<arg>nome=${nome}</arg>
<arg>email=${email}</arg>
<arg>password=${password}</arg>
<arg>administrador=true</arg>
<doc>Creates and returns a dictionary based on the given ``items``.</doc>
<status status="PASS" start="2025-06-06T14:31:39.485781" elapsed="0.000557"/>
</kw>
<return>
<value>${usuario}</value>
<status status="PASS" start="2025-06-06T14:31:39.486417" elapsed="0.000061"/>
</return>
<msg time="2025-06-06T14:31:39.486725" level="INFO">${valid_user} = {'nome': 'Linda Rollins', 'email': 'danielle03@example.org', 'password': '_21LYq', 'administrador': 'true'}</msg>
<var>${valid_user}</var>
<status status="PASS" start="2025-06-06T14:31:39.483886" elapsed="0.002873"/>
</kw>
<kw name="Set Global Variable" owner="BuiltIn">
<msg time="2025-06-06T14:31:39.487200" level="INFO">${valid_user} = {'nome': 'Linda Rollins', 'email': 'danielle03@example.org', 'password': '_21LYq', 'administrador': 'true'}</msg>
<arg>${valid_user}</arg>
<arg>${valid_user}</arg>
<doc>Makes a variable available globally in all tests and suites.</doc>
<status status="PASS" start="2025-06-06T14:31:39.486936" elapsed="0.000303"/>
</kw>
<kw name="POST On Session" owner="RequestsLibrary">
<msg time="2025-06-06T14:31:39.678120" level="INFO">POST Request : url=https://serverest.dev/usuarios 
 path_url=/usuarios 
 headers={'User-Agent': 'python-requests/2.32.3', 'Accept-Encoding': 'gzip, deflate', 'Accept': 'application/json', 'Connection': 'keep-alive', 'Content-Type': 'application/json', 'Content-Length': '107'} 
 body=b'{"nome": "Linda Rollins", "email": "danielle03@example.org", "password": "_21LYq", "administrador": "true"}' 
 </msg>
<msg time="2025-06-06T14:31:39.678231" level="INFO">POST Response : url=https://serverest.dev/usuarios 
 status=201, reason=Created 
 headers={'access-control-allow-origin': '*', 'x-dns-prefetch-control': 'off', 'x-frame-options': 'SAMEORIGIN', 'strict-transport-security': 'max-age=15552000; includeSubDomains', 'x-download-options': 'noopen', 'x-content-type-options': 'nosniff', 'x-xss-protection': '1; mode=block', 'content-type': 'application/json; charset=utf-8', 'x-cloud-trace-context': 'e089fd612a6d7cd7cac1501b272fa7ce', 'date': 'Fri, 06 Jun 2025 17:31:41 GMT', 'server': 'Google Frontend', 'Content-Length': '82'} 
 body={
    "message": "Cadastro realizado com sucesso",
    "_id": "ucosWycrNW42ULcz"
} 
 </msg>
<msg time="2025-06-06T14:31:39.678312" level="INFO">C:\Users\cassi\OneDrive\Área de Trabalho\OneDrive\Compass\compass\entregas\sprint7\serverest\.venv\Lib\site-packages\urllib3\connectionpool.py:1097: InsecureRequestWarning: Unverified HTTPS request is being made to host 'serverest.dev'. Adding certificate verification is strongly advised. See: https://urllib3.readthedocs.io/en/latest/advanced-usage.html#tls-warnings
  warnings.warn(</msg>
<msg time="2025-06-06T14:31:39.678763" level="INFO">${response} = &lt;Response [201]&gt;</msg>
<var>${response}</var>
<arg>alias=Serverest</arg>
<arg>url=/usuarios</arg>
<arg>json=${valid_user}</arg>
<arg>expected_status=${status_code_desejado}</arg>
<doc>Sends a POST request on a previously created HTTP Session.</doc>
<status status="PASS" start="2025-06-06T14:31:39.487346" elapsed="0.191493"/>
</kw>
<kw name="Set Global Variable" owner="BuiltIn">
<msg time="2025-06-06T14:31:39.680086" level="INFO">${user_id} = ucosWycrNW42ULcz</msg>
<arg>${user_id}</arg>
<arg>${response.json()["_id"]}</arg>
<doc>Makes a variable available globally in all tests and suites.</doc>
<status status="PASS" start="2025-06-06T14:31:39.679123" elapsed="0.001270"/>
</kw>
<kw name="Get From Dictionary" owner="Collections">
<msg time="2025-06-06T14:31:39.680931" level="INFO">${user_email} = danielle03@example.org</msg>
<var>${user_email}</var>
<arg>${valid_user}</arg>
<arg>email</arg>
<doc>Returns a value from the given ``dictionary`` based on the given ``key``.</doc>
<status status="PASS" start="2025-06-06T14:31:39.680639" elapsed="0.000335"/>
</kw>
<kw name="Set Global Variable" owner="BuiltIn">
<msg time="2025-06-06T14:31:39.681507" level="INFO">${user_email} = danielle03@example.org</msg>
<arg>${user_email}</arg>
<doc>Makes a variable available globally in all tests and suites.</doc>
<status status="PASS" start="2025-06-06T14:31:39.681184" elapsed="0.000390"/>
</kw>
<kw name="Return From Keyword" owner="BuiltIn">
<msg time="2025-06-06T14:31:39.681864" level="INFO">Returning from the enclosing user keyword.</msg>
<arg>${response.json()}</arg>
<doc>Returns from the enclosing user keyword.</doc>
<status status="PASS" start="2025-06-06T14:31:39.681762" elapsed="0.000186"/>
</kw>
<arg>201</arg>
<status status="PASS" start="2025-06-06T14:31:39.483543" elapsed="0.199085"/>
</kw>
<kw name="Gerar novo usuario com mesmo email" owner="utils">
<kw name="Name" owner="FakerLibrary">
<msg time="2025-06-06T14:31:39.683821" level="INFO">${novo_nome} = Robin Collier</msg>
<var>${novo_nome}</var>
<doc>:example: 'John Doe'</doc>
<status status="PASS" start="2025-06-06T14:31:39.683407" elapsed="0.000450"/>
</kw>
<kw name="Password" owner="FakerLibrary">
<msg time="2025-06-06T14:31:39.684299" level="INFO">${nova_senha} = )*5U#Xjg</msg>
<var>${nova_senha}</var>
<arg>8</arg>
<arg>True</arg>
<arg>True</arg>
<arg>True</arg>
<doc>Generate a random password of the specified ``length``.</doc>
<status status="PASS" start="2025-06-06T14:31:39.683996" elapsed="0.000337"/>
</kw>
<kw name="Create Dictionary" owner="BuiltIn">
<msg time="2025-06-06T14:31:39.684915" level="INFO">${new_user} = {'nome': 'Robin Collier', 'password': ')*5U#Xjg', 'email': 'danielle03@example.org', 'administrador': 'true'}</msg>
<var>${new_user}</var>
<arg>nome=${novo_nome}</arg>
<arg>password=${nova_senha}</arg>
<arg>email=${user_email}</arg>
<arg>administrador=true</arg>
<doc>Creates and returns a dictionary based on the given ``items``.</doc>
<status status="PASS" start="2025-06-06T14:31:39.684498" elapsed="0.000468"/>
</kw>
<kw name="Log To Console" owner="BuiltIn">
<arg>${new_user}</arg>
<doc>Logs the given message to the console.</doc>
<status status="PASS" start="2025-06-06T14:31:39.685208" elapsed="0.000517"/>
</kw>
<return>
<value>${new_user}</value>
<status status="PASS" start="2025-06-06T14:31:39.685862" elapsed="0.000069"/>
</return>
<msg time="2025-06-06T14:31:39.686161" level="INFO">${user_updated} = {'nome': 'Robin Collier', 'password': ')*5U#Xjg', 'email': 'danielle03@example.org', 'administrador': 'true'}</msg>
<var>${user_updated}</var>
<arg>${user_email}</arg>
<status status="PASS" start="2025-06-06T14:31:39.683077" elapsed="0.003121"/>
</kw>
<kw name="Atualizar usuario com mesmo e-mail" owner="update_user_keywords">
<kw name="PUT On Session" owner="RequestsLibrary">
<msg time="2025-06-06T14:31:39.899987" level="INFO">PUT Request : url=https://serverest.dev/usuarios/123456789abcdefh 
 path_url=/usuarios/123456789abcdefh 
 headers={'User-Agent': 'python-requests/2.32.3', 'Accept-Encoding': 'gzip, deflate', 'Accept': 'application/json', 'Connection': 'keep-alive', 'Content-Type': 'application/json', 'Content-Length': '109'} 
 body=b'{"nome": "Robin Collier", "password": ")*5U#Xjg", "email": "danielle03@example.org", "administrador": "true"}' 
 </msg>
<msg time="2025-06-06T14:31:39.900074" level="INFO">PUT Response : url=https://serverest.dev/usuarios/123456789abcdefh 
 status=400, reason=Bad Request 
 headers={'access-control-allow-origin': '*', 'x-dns-prefetch-control': 'off', 'x-frame-options': 'SAMEORIGIN', 'strict-transport-security': 'max-age=15552000; includeSubDomains', 'x-download-options': 'noopen', 'x-content-type-options': 'nosniff', 'x-xss-protection': '1; mode=block', 'content-type': 'application/json; charset=utf-8', 'x-cloud-trace-context': '4f7baf2a72ea42f4cac1501b272fa3ab', 'date': 'Fri, 06 Jun 2025 17:31:41 GMT', 'server': 'Google Frontend', 'Content-Length': '53'} 
 body={
    "message": "Este email já está sendo usado"
} 
 </msg>
<msg time="2025-06-06T14:31:39.900144" level="INFO">C:\Users\cassi\OneDrive\Área de Trabalho\OneDrive\Compass\compass\entregas\sprint7\serverest\.venv\Lib\site-packages\urllib3\connectionpool.py:1097: InsecureRequestWarning: Unverified HTTPS request is being made to host 'serverest.dev'. Adding certificate verification is strongly advised. See: https://urllib3.readthedocs.io/en/latest/advanced-usage.html#tls-warnings
  warnings.warn(</msg>
<msg time="2025-06-06T14:31:39.900522" level="INFO">${response} = &lt;Response [400]&gt;</msg>
<var>${response}</var>
<arg>alias=Serverest</arg>
<arg>url=/usuarios/123456789abcdefh</arg>
<arg>json=${user}</arg>
<arg>expected_status=${status_code_desejado}</arg>
<doc>Sends a PUT request on a previously created HTTP Session.</doc>
<status status="PASS" start="2025-06-06T14:31:39.687051" elapsed="0.213510"/>
</kw>
<kw name="Get From Dictionary" owner="Collections">
<msg time="2025-06-06T14:31:39.901289" level="INFO">${message} = Este email já está sendo usado</msg>
<var>${message}</var>
<arg>${response.json()}</arg>
<arg>message</arg>
<doc>Returns a value from the given ``dictionary`` based on the given ``key``.</doc>
<status status="PASS" start="2025-06-06T14:31:39.900743" elapsed="0.000576"/>
</kw>
<kw name="Should Be Equal As Strings" owner="BuiltIn">
<arg>${message}</arg>
<arg>Este email já está sendo usado</arg>
<doc>Fails if objects are unequal after converting them to strings.</doc>
<status status="PASS" start="2025-06-06T14:31:39.901450" elapsed="0.000161"/>
</kw>
<arg>400</arg>
<arg>${user_updated}</arg>
<arg>${user_id}</arg>
<status status="PASS" start="2025-06-06T14:31:39.686619" elapsed="0.215062"/>
</kw>
<tag>CT014</tag>
<status status="PASS" start="2025-06-06T14:31:39.482942" elapsed="0.419043"/>
</test>
<doc>Testing the /users endpoint of the Serverest API</doc>
<status status="PASS" start="2025-06-06T14:31:38.213533" elapsed="1.689308"/>
</suite>
<status status="FAIL" start="2025-06-06T14:31:32.802640" elapsed="7.101500"/>
</suite>
<status status="FAIL" start="2025-06-06T14:31:14.112462" elapsed="25.793012"/>
</suite>
<status status="FAIL" start="2025-06-06T14:31:14.071673" elapsed="25.835478"/>
</suite>
<statistics>
<total>
<stat pass="36" fail="11" skip="0">All Tests</stat>
</total>
<tag>
<stat pass="1" fail="0" skip="0">CT001</stat>
<stat pass="1" fail="0" skip="0">CT002</stat>
<stat pass="0" fail="1" skip="0">CT003</stat>
<stat pass="0" fail="1" skip="0">CT004</stat>
<stat pass="1" fail="0" skip="0">CT005</stat>
<stat pass="0" fail="1" skip="0">CT006</stat>
<stat pass="0" fail="1" skip="0">CT007</stat>
<stat pass="1" fail="0" skip="0">CT008</stat>
<stat pass="1" fail="0" skip="0">CT009</stat>
<stat pass="1" fail="0" skip="0">CT011</stat>
<stat pass="1" fail="0" skip="0">CT012</stat>
<stat pass="1" fail="0" skip="0">CT013</stat>
<stat pass="1" fail="0" skip="0">CT014</stat>
<stat pass="1" fail="0" skip="0">CT015</stat>
<stat pass="1" fail="0" skip="0">CT016</stat>
<stat pass="1" fail="0" skip="0">CT017</stat>
<stat pass="1" fail="0" skip="0">CT018</stat>
<stat pass="1" fail="0" skip="0">CT019</stat>
<stat pass="1" fail="0" skip="0">CT020</stat>
<stat pass="1" fail="0" skip="0">CT021</stat>
<stat pass="1" fail="0" skip="0">CT022</stat>
<stat pass="1" fail="0" skip="0">CT023</stat>
<stat pass="1" fail="0" skip="0">CT024</stat>
<stat pass="1" fail="0" skip="0">CT025</stat>
<stat pass="1" fail="0" skip="0">CT028</stat>
<stat pass="1" fail="0" skip="0">CT030</stat>
<stat pass="1" fail="0" skip="0">CT031</stat>
<stat pass="0" fail="1" skip="0">CT032</stat>
<stat pass="1" fail="0" skip="0">CT033</stat>
<stat pass="1" fail="0" skip="0">CT034</stat>
<stat pass="1" fail="0" skip="0">CT035</stat>
<stat pass="1" fail="0" skip="0">CT036</stat>
<stat pass="1" fail="0" skip="0">CT037</stat>
<stat pass="1" fail="0" skip="0">CT038</stat>
<stat pass="1" fail="0" skip="0">CT039</stat>
<stat pass="1" fail="0" skip="0">CT040</stat>
<stat pass="1" fail="0" skip="0">CT042</stat>
<stat pass="1" fail="0" skip="0">CT043</stat>
<stat pass="0" fail="1" skip="0">CT044</stat>
<stat pass="0" fail="1" skip="0">CT045</stat>
<stat pass="0" fail="1" skip="0">CT046</stat>
<stat pass="1" fail="0" skip="0">CT047</stat>
<stat pass="0" fail="1" skip="0">CT048</stat>
<stat pass="0" fail="1" skip="0">CT049</stat>
<stat pass="1" fail="0" skip="0">CT050</stat>
<stat pass="1" fail="0" skip="0">CT051</stat>
<stat pass="0" fail="1" skip="0">CT052</stat>
</tag>
<suite>
<stat name="Tests" id="s1" pass="36" fail="11" skip="0">Tests</stat>
<stat name="Unit Tests" id="s1-s1" pass="36" fail="11" skip="0">Tests.Unit Tests</stat>
<stat name="Carrinho" id="s1-s1-s1" pass="5" fail="6" skip="0">Tests.Unit Tests.Carrinho</stat>
<stat name="Create Carrinho Test" id="s1-s1-s1-s1" pass="2" fail="3" skip="0">Tests.Unit Tests.Carrinho.Create Carrinho Test</stat>
<stat name="Delete Carrinho Test" id="s1-s1-s1-s2" pass="2" fail="1" skip="0">Tests.Unit Tests.Carrinho.Delete Carrinho Test</stat>
<stat name="Get Carrinho Test" id="s1-s1-s1-s3" pass="1" fail="2" skip="0">Tests.Unit Tests.Carrinho.Get Carrinho Test</stat>
<stat name="Login" id="s1-s1-s2" pass="6" fail="0" skip="0">Tests.Unit Tests.Login</stat>
<stat name="Login Test" id="s1-s1-s2-s1" pass="6" fail="0" skip="0">Tests.Unit Tests.Login.Login Test</stat>
<stat name="Produto" id="s1-s1-s3" pass="11" fail="1" skip="0">Tests.Unit Tests.Produto</stat>
<stat name="Create Produto Test" id="s1-s1-s3-s1" pass="3" fail="0" skip="0">Tests.Unit Tests.Produto.Create Produto Test</stat>
<stat name="Delete Produto Test" id="s1-s1-s3-s2" pass="3" fail="0" skip="0">Tests.Unit Tests.Produto.Delete Produto Test</stat>
<stat name="Get Produto Test" id="s1-s1-s3-s3" pass="3" fail="0" skip="0">Tests.Unit Tests.Produto.Get Produto Test</stat>
<stat name="Update Produto Test" id="s1-s1-s3-s4" pass="2" fail="1" skip="0">Tests.Unit Tests.Produto.Update Produto Test</stat>
<stat name="User" id="s1-s1-s4" pass="14" fail="4" skip="0">Tests.Unit Tests.User</stat>
<stat name="Test User Create" id="s1-s1-s4-s1" pass="6" fail="4" skip="0">Tests.Unit Tests.User.Test User Create</stat>
<stat name="Test User Delete" id="s1-s1-s4-s2" pass="2" fail="0" skip="0">Tests.Unit Tests.User.Test User Delete</stat>
<stat name="Test User Get" id="s1-s1-s4-s3" pass="3" fail="0" skip="0">Tests.Unit Tests.User.Test User Get</stat>
<stat name="Test User Update" id="s1-s1-s4-s4" pass="3" fail="0" skip="0">Tests.Unit Tests.User.Test User Update</stat>
</suite>
</statistics>
<errors>
<msg time="2025-06-06T14:31:15.438394" level="WARN">Error in file 'C:\Users\cassi\OneDrive\Área de Trabalho\OneDrive\Compass\compass\entregas\sprint7\serverest\support\common\utils.robot' on line 12: The '[Return]' setting is deprecated. Use the 'RETURN' statement instead.</msg>
<msg time="2025-06-06T14:31:15.438763" level="WARN">Error in file 'C:\Users\cassi\OneDrive\Área de Trabalho\OneDrive\Compass\compass\entregas\sprint7\serverest\support\common\utils.robot' on line 24: The '[Return]' setting is deprecated. Use the 'RETURN' statement instead.</msg>
<msg time="2025-06-06T14:31:15.439520" level="WARN">Error in file 'C:\Users\cassi\OneDrive\Área de Trabalho\OneDrive\Compass\compass\entregas\sprint7\serverest\support\common\utils.robot' on line 36: The '[Return]' setting is deprecated. Use the 'RETURN' statement instead.</msg>
<msg time="2025-06-06T14:31:15.439858" level="WARN">Error in file 'C:\Users\cassi\OneDrive\Área de Trabalho\OneDrive\Compass\compass\entregas\sprint7\serverest\support\common\utils.robot' on line 45: The '[Return]' setting is deprecated. Use the 'RETURN' statement instead.</msg>
</errors>
</robot>
