<?xml version="1.0" encoding="UTF-8"?>
<robot generator="Robot 7.2.2 (Python 3.13.3 on win32)" generated="2025-05-20T18:16:59.153654" rpa="false" schemaversion="5">
<suite id="s1" name="Api Testing Auth" source="C:\Users\cassi\OneDrive\Área de Trabalho\OneDrive\Compass\compass\entregas\sprint5\robotFramework\tests\api_testing_auth.robot">
<test id="s1-t1" name="Cenario 01: Criar um novo token para acessar as rotas PUT e DELETE /booking" line="5">
<kw name="Realizar o login como administrador" owner="api_testing_auth">
<kw name="Create Dictionary" owner="BuiltIn">
<msg time="2025-05-20T18:16:59.658986" level="INFO">${body} = {'username': 'admin', 'password': 'password123'}</msg>
<var>${body}</var>
<arg>username=admin</arg>
<arg>password=password123</arg>
<doc>Creates and returns a dictionary based on the given ``items``.</doc>
<status status="PASS" start="2025-05-20T18:16:59.658707" elapsed="0.000316"/>
</kw>
<kw name="Criar Sessão no Restful Broker" owner="api_testing_auth">
<kw name="Create Dictionary" owner="BuiltIn">
<msg time="2025-05-20T18:16:59.659540" level="INFO">${headers} = {'Content-Type': 'application/json'}</msg>
<var>${headers}</var>
<arg>Content-Type=application/json</arg>
<doc>Creates and returns a dictionary based on the given ``items``.</doc>
<status status="PASS" start="2025-05-20T18:16:59.659383" elapsed="0.000187"/>
</kw>
<kw name="Create Session" owner="RequestsLibrary">
<msg time="2025-05-20T18:16:59.659850" level="INFO">Creating Session using : alias=RestfulBroker, url=https://restful-booker.herokuapp.com, headers={'Content-Type': 'application/json'},                     cookies={}, auth=None, timeout=None, proxies=None, verify=False,                     debug=0 </msg>
<arg>alias=RestfulBroker</arg>
<arg>url=https://restful-booker.herokuapp.com</arg>
<arg>headers=${headers}</arg>
<doc>Create Session: create a HTTP session to a server</doc>
<status status="PASS" start="2025-05-20T18:16:59.659661" elapsed="0.000364"/>
</kw>
<status status="PASS" start="2025-05-20T18:16:59.659178" elapsed="0.000911"/>
</kw>
<kw name="POST On Session" owner="RequestsLibrary">
<msg time="2025-05-20T18:17:00.371619" level="INFO">POST Request : url=https://restful-booker.herokuapp.com/auth 
 path_url=/auth 
 headers={'User-Agent': 'python-requests/2.32.3', 'Accept-Encoding': 'gzip, deflate', 'Accept': '*/*', 'Connection': 'keep-alive', 'Content-Type': 'application/json', 'Content-Length': '48'} 
 body=b'{"username": "admin", "password": "password123"}' 
 </msg>
<msg time="2025-05-20T18:17:00.372277" level="INFO">POST Response : url=https://restful-booker.herokuapp.com/auth 
 status=200, reason=OK 
 headers={'Server': 'Cowboy', 'Report-To': '{"group":"heroku-nel","max_age":3600,"endpoints":[{"url":"https://nel.heroku.com/reports?ts=1747775824&amp;sid=c46efe9b-d3d2-4a0c-8c76-bfafa16c5add&amp;s=TKNs7RFB66N2wwyw%2FKBao%2Fqgk0Goo5MH9e4dBvubv5w%3D"}]}', 'Reporting-Endpoints': 'heroku-nel=https://nel.heroku.com/reports?ts=1747775824&amp;sid=c46efe9b-d3d2-4a0c-8c76-bfafa16c5add&amp;s=TKNs7RFB66N2wwyw%2FKBao%2Fqgk0Goo5MH9e4dBvubv5w%3D', 'Nel': '{"report_to":"heroku-nel","max_age":3600,"success_fraction":0.005,"failure_fraction":0.05,"response_headers":["Via"]}', 'Connection': 'keep-alive', 'X-Powered-By': 'Express', 'Content-Type': 'application/json; charset=utf-8', 'Content-Length': '27', 'Etag': 'W/"1b-8uOCuGf1MR0SocfsXknG2PxT9MA"', 'Date': 'Tue, 20 May 2025 21:17:04 GMT', 'Via': '1.1 vegur'} 
 body={"token":"4098dbeebf9daf8"} 
 </msg>
<msg time="2025-05-20T18:17:00.372670" level="INFO">c:\Users\cassi\OneDrive\Área de Trabalho\OneDrive\Compass\compass\entregas\sprint5\robotFramework\.venv\Lib\site-packages\urllib3\connectionpool.py:1097: InsecureRequestWarning: Unverified HTTPS request is being made to host 'restful-booker.herokuapp.com'. Adding certificate verification is strongly advised. See: https://urllib3.readthedocs.io/en/latest/advanced-usage.html#tls-warnings
  warnings.warn(</msg>
<msg time="2025-05-20T18:17:00.373812" level="INFO">${resposta} = &lt;Response [200]&gt;</msg>
<var>${resposta}</var>
<arg>alias=RestfulBroker</arg>
<arg>url=/auth</arg>
<arg>json=${body}</arg>
<arg>expected_status=${status_code_desejado}</arg>
<doc>Sends a POST request on a previously created HTTP Session.</doc>
<status status="PASS" start="2025-05-20T18:16:59.660169" elapsed="0.713851"/>
</kw>
<kw name="Set Global Variable" owner="BuiltIn">
<msg time="2025-05-20T18:17:00.378869" level="INFO">${token} = 4098dbeebf9daf8</msg>
<arg>${token}</arg>
<arg>${resposta.json()["token"]}</arg>
<doc>Makes a variable available globally in all tests and suites.</doc>
<status status="PASS" start="2025-05-20T18:17:00.374876" elapsed="0.004145"/>
</kw>
<kw name="Log To Console" owner="BuiltIn">
<arg>${token}</arg>
<doc>Logs the given message to the console.</doc>
<status status="PASS" start="2025-05-20T18:17:00.379347" elapsed="0.000812"/>
</kw>
<arg>status_code_desejado=200</arg>
<status status="PASS" start="2025-05-20T18:16:59.657906" elapsed="0.722485"/>
</kw>
<status status="PASS" start="2025-05-20T18:16:59.657063" elapsed="0.724128"/>
</test>
<status status="PASS" start="2025-05-20T18:16:59.155747" elapsed="1.227747"/>
</suite>
<statistics>
<total>
<stat pass="1" fail="0" skip="0">All Tests</stat>
</total>
<tag>
</tag>
<suite>
<stat name="Api Testing Auth" id="s1" pass="1" fail="0" skip="0">Api Testing Auth</stat>
</suite>
</statistics>
<errors>
</errors>
</robot>
