<?xml version="1.0" encoding="UTF-8"?>
<robot generator="Robot 7.2.2 (Python 3.13.3 on win32)" generated="2025-06-02T16:23:32.983010" rpa="false" schemaversion="5">
<suite id="s1" name="Tests" source="C:\Users\cassi\OneDrive\Área de Trabalho\OneDrive\Compass\compass\entregas\serverest\tests">
<suite id="s1-s1" name="User" source="C:\Users\cassi\OneDrive\Área de Trabalho\OneDrive\Compass\compass\entregas\serverest\tests\user">
<suite id="s1-s1-s1" name="Test User Create" source="C:\Users\cassi\OneDrive\Área de Trabalho\OneDrive\Compass\compass\entregas\serverest\tests\user\test_user_create.robot">
<kw name="Create Session on Serverest" owner="base" type="SETUP">
<kw name="Create Dictionary" owner="BuiltIn">
<msg time="2025-06-02T16:23:34.530136" level="INFO">${headers} = {'Accept': 'application/json', 'Content-Type': 'application/json'}</msg>
<var>${headers}</var>
<arg>Accept=application/json</arg>
<arg>Content-Type=application/json</arg>
<doc>Creates and returns a dictionary based on the given ``items``.</doc>
<status status="PASS" start="2025-06-02T16:23:34.529729" elapsed="0.000458"/>
</kw>
<kw name="Create Session" owner="RequestsLibrary">
<msg time="2025-06-02T16:23:34.530666" level="INFO">Creating Session using : alias=Serverest, url=https://serverest.dev, headers={'Accept': 'application/json', 'Content-Type': 'application/json'},                     cookies={}, auth=None, timeout=None, proxies=None, verify=False,                     debug=0 </msg>
<arg>alias=Serverest</arg>
<arg>url=${BASE_URI}</arg>
<arg>headers=${headers}</arg>
<doc>Create Session: create a HTTP session to a server</doc>
<status status="PASS" start="2025-06-02T16:23:34.530367" elapsed="0.000539"/>
</kw>
<status status="PASS" start="2025-06-02T16:23:34.528362" elapsed="0.002637"/>
</kw>
<test id="s1-s1-s1-t1" name="CT007: Criar usuário com senha maior que 10 caracteres" line="31">
<kw name="Cadastrar usuario com senha maior que 10 caracteres" owner="user_keywords">
<kw name="Get File" owner="OperatingSystem">
<msg time="2025-06-02T16:23:34.532529" level="INFO" html="true">Getting file '&lt;a href="file://C:\Users\cassi\OneDrive\Área de Trabalho\OneDrive\Compass\compass\entregas\serverest\support\fixtures\static\json\user.json"&gt;C:\Users\cassi\OneDrive\Área de Trabalho\OneDrive\Compass\compass\entregas\serverest\support\fixtures\static\json\user.json&lt;/a&gt;'.</msg>
<msg time="2025-06-02T16:23:34.533131" level="INFO">${json_string} = {
    "user": {
        "valid_user": {
            "nome": "Maria Teste 4",
            "email": "teste4@gmail.com",
            "password": "123456",
            "administrador": "true"
        },
 ...</msg>
<var>${json_string}</var>
<arg>./support/fixtures/static/json/user.json</arg>
<doc>Returns the contents of a specified file.</doc>
<status status="PASS" start="2025-06-02T16:23:34.532355" elapsed="0.000825"/>
</kw>
<kw name="Evaluate" owner="BuiltIn">
<msg time="2025-06-02T16:23:34.533999" level="INFO">${json} = {'user': {'valid_user': {'nome': 'Maria Teste 4', 'email': 'teste4@gmail.com', 'password': '123456', 'administrador': 'true'}, 'duplicate_email': {'nome': 'João Teste', 'email': 'teste4@gmail.com', 'p...</msg>
<var>${json}</var>
<arg>__import__('json').loads("""${json_string}""")</arg>
<doc>Evaluates the given expression in Python and returns the result.</doc>
<status status="PASS" start="2025-06-02T16:23:34.533422" elapsed="0.000622"/>
</kw>
<kw name="Set Variable" owner="BuiltIn">
<msg time="2025-06-02T16:23:34.534801" level="INFO">${more_then_10_password} = {'nome': 'Maria Teste', 'email': 'teste13@qa.com', 'password': '123456789101112', 'administrador': 'true'}</msg>
<var>${more_then_10_password}</var>
<arg>${json["user"]["more_then_10_password"]}</arg>
<doc>Returns the given values which can then be assigned to a variables.</doc>
<status status="PASS" start="2025-06-02T16:23:34.534200" elapsed="0.000636"/>
</kw>
<kw name="POST On Session" owner="RequestsLibrary">
<msg time="2025-06-02T16:23:34.970892" level="INFO">POST Request : url=https://serverest.dev/usuarios 
 path_url=/usuarios 
 headers={'User-Agent': 'python-requests/2.32.3', 'Accept-Encoding': 'gzip, deflate', 'Accept': 'application/json', 'Connection': 'keep-alive', 'Content-Type': 'application/json', 'Content-Length': '106'} 
 body=b'{"nome": "Maria Teste", "email": "teste13@qa.com", "password": "123456789101112", "administrador": "true"}' 
 </msg>
<msg time="2025-06-02T16:23:34.971012" level="INFO">POST Response : url=https://serverest.dev/usuarios 
 status=201, reason=Created 
 headers={'access-control-allow-origin': '*', 'x-dns-prefetch-control': 'off', 'x-frame-options': 'SAMEORIGIN', 'strict-transport-security': 'max-age=15552000; includeSubDomains', 'x-download-options': 'noopen', 'x-content-type-options': 'nosniff', 'x-xss-protection': '1; mode=block', 'content-type': 'application/json; charset=utf-8', 'x-cloud-trace-context': '087f4708f891c457e58fa84ed723b63d', 'date': 'Mon, 02 Jun 2025 19:23:39 GMT', 'server': 'Google Frontend', 'Content-Length': '82'} 
 body={
    "message": "Cadastro realizado com sucesso",
    "_id": "t4fPMZVpB3QwTwqv"
} 
 </msg>
<msg time="2025-06-02T16:23:34.971097" level="INFO">C:\Users\cassi\OneDrive\Área de Trabalho\OneDrive\Compass\compass\entregas\serverest\venv\Lib\site-packages\urllib3\connectionpool.py:1097: InsecureRequestWarning: Unverified HTTPS request is being made to host 'serverest.dev'. Adding certificate verification is strongly advised. See: https://urllib3.readthedocs.io/en/latest/advanced-usage.html#tls-warnings
  warnings.warn(</msg>
<msg time="2025-06-02T16:23:34.971456" level="FAIL">Url: https://serverest.dev/usuarios Expected status: 201 != 400</msg>
<var>${response}</var>
<arg>alias=Serverest</arg>
<arg>url=/usuarios</arg>
<arg>json=${more_then_10_password}</arg>
<arg>expected_status=${status_code_desejado}</arg>
<doc>Sends a POST request on a previously created HTTP Session.</doc>
<status status="FAIL" start="2025-06-02T16:23:34.534985" elapsed="0.441438">Url: https://serverest.dev/usuarios Expected status: 201 != 400</status>
</kw>
<kw name="Get From Dictionary" owner="Collections">
<var>${message}</var>
<arg>${response.json()}</arg>
<arg>password</arg>
<doc>Returns a value from the given ``dictionary`` based on the given ``key``.</doc>
<status status="NOT RUN" start="2025-06-02T16:23:34.976620" elapsed="0.000028"/>
</kw>
<kw name="Should Be Equal As Strings" owner="BuiltIn">
<arg>${message}</arg>
<arg>Senha deve possuir de 5 a 10 caracteres</arg>
<doc>Fails if objects are unequal after converting them to strings.</doc>
<status status="NOT RUN" start="2025-06-02T16:23:34.976758" elapsed="0.000021"/>
</kw>
<arg>400</arg>
<status status="FAIL" start="2025-06-02T16:23:34.532032" elapsed="0.444871">Url: https://serverest.dev/usuarios Expected status: 201 != 400</status>
</kw>
<tag>CT007</tag>
<status status="FAIL" start="2025-06-02T16:23:34.531072" elapsed="0.446219">Url: https://serverest.dev/usuarios Expected status: 201 != 400</status>
</test>
<doc>Testing the /users endpoint of the Serverest API</doc>
<status status="FAIL" start="2025-06-02T16:23:33.055945" elapsed="1.922594"/>
</suite>
<status status="FAIL" start="2025-06-02T16:23:33.052828" elapsed="1.927044"/>
</suite>
<status status="FAIL" start="2025-06-02T16:23:32.988550" elapsed="1.992384"/>
</suite>
<statistics>
<total>
<stat pass="0" fail="1" skip="0">All Tests</stat>
</total>
<tag>
<stat pass="0" fail="1" skip="0">CT007</stat>
</tag>
<suite>
<stat name="Tests" id="s1" pass="0" fail="1" skip="0">Tests</stat>
<stat name="User" id="s1-s1" pass="0" fail="1" skip="0">Tests.User</stat>
<stat name="Test User Create" id="s1-s1-s1" pass="0" fail="1" skip="0">Tests.User.Test User Create</stat>
</suite>
</statistics>
<errors>
</errors>
</robot>
