<?xml version="1.0" encoding="UTF-8"?>
<robot generator="Robot 7.2.2 (Python 3.13.3 on win32)" generated="2025-06-11T16:43:02.503701" rpa="false" schemaversion="5">
<suite id="s1" name="Login" source="C:\QAx\projects\mark85-robot-express\tests\login.robot">
<test id="s1-t1" name="Deve poder logar com um usuário pré-cadastrado" line="9">
<kw name="Start Session" owner="base" type="SETUP">
<kw name="New Browser" owner="Browser">
<msg time="2025-06-11T16:43:20.227405" level="INFO">{"browser": "chromium", "headless": false, "chromiumSandbox": false, "devtools": false, "handleSIGHUP": true, "handleSIGINT": true, "handleSIGTERM": true, "slowMo": 0.0, "timeout": 30000.0, "tracesDir": "C:\\QAx\\projects\\mark85-robot-express\\logs\\browser\\traces\\temp\\278868df-07ba-48ac-bd64-0c041b859a9b"}</msg>
<msg time="2025-06-11T16:43:20.333736" level="INFO">Starting Browser process C:\Python313\Lib\site-packages\Browser\wrapper\index.js using at 127.0.0.1:62760</msg>
<msg time="2025-06-11T16:43:25.765876" level="INFO">Successfully created browser with options: {"browser":"chromium","headless":false,"chromiumSandbox":false,"devtools":false,"handleSIGHUP":true,"handleSIGINT":true,"handleSIGTERM":true,"slowMo":0,"timeout":30000,"tracesDir":"C:\\QAx\\projects\\mark85-robot-express\\logs\\browser\\traces\\temp\\278868df-07ba-48ac-bd64-0c041b859a9b"}</msg>
<arg>browser=chromium</arg>
<arg>headless=False</arg>
<tag>BrowserControl</tag>
<tag>Setter</tag>
<doc>Create a new playwright Browser with specified options.</doc>
<status status="PASS" start="2025-06-11T16:43:20.224714" elapsed="5.541703"/>
</kw>
<kw name="New Page" owner="Browser">
<msg time="2025-06-11T16:43:27.667746" level="INFO">Successfully initialized new page object and opened url: http://localhost:3000</msg>
<msg time="2025-06-11T16:43:27.667912" level="INFO">No context was open. New context was automatically opened when this page is created.</msg>
<arg>${BASE_URL}</arg>
<tag>BrowserControl</tag>
<tag>Setter</tag>
<doc>Open a new Page.</doc>
<status status="PASS" start="2025-06-11T16:43:25.767134" elapsed="1.901196"/>
</kw>
<status status="PASS" start="2025-06-11T16:43:20.222077" elapsed="7.446608"/>
</kw>
<kw name="Create Dictionary" owner="BuiltIn">
<msg time="2025-06-11T16:43:27.671272" level="INFO">${user} = {'name': 'Cassia', 'email': 'cy@gmail.com', 'password': 'pdw123'}</msg>
<var>${user}</var>
<arg>name=Cassia</arg>
<arg>email=cy@gmail.com</arg>
<arg>password=pdw123</arg>
<doc>Creates and returns a dictionary based on the given ``items``.</doc>
<status status="PASS" start="2025-06-11T16:43:27.669639" elapsed="0.001780"/>
</kw>
<kw name="Remove user from database" owner="database">
<msg time="2025-06-11T16:43:28.881966" level="INFO">User removed successfully cy@gmail.com</msg>
<arg>${user}[email]</arg>
<status status="PASS" start="2025-06-11T16:43:27.672467" elapsed="1.209853"/>
</kw>
<kw name="Insert user into database" owner="database">
<msg time="2025-06-11T16:43:29.199681" level="INFO">{'name': 'Cassia', 'email': 'cy@gmail.com', 'password': 'pdw123'}</msg>
<arg>${user}</arg>
<status status="PASS" start="2025-06-11T16:43:28.883748" elapsed="0.316409"/>
</kw>
<kw name="Submit login form" owner="LoginPage">
<kw name="Fill Text" owner="Browser">
<msg time="2025-06-11T16:43:29.207004" level="INFO">Fills the text 'cy@gmail.com' in the given field.</msg>
<arg>css=input[placeholder$=mail]</arg>
<arg>${user}[email]</arg>
<tag>PageContent</tag>
<tag>Setter</tag>
<doc>Clears and fills the given ``txt`` into the text field found by ``selector``.</doc>
<status status="PASS" start="2025-06-11T16:43:29.204118" elapsed="0.215730"/>
</kw>
<kw name="Fill Text" owner="Browser">
<msg time="2025-06-11T16:43:29.424387" level="INFO">Fills the text 'pdw123' in the given field.</msg>
<arg>css=input[placeholder=Senha]</arg>
<arg>${user}[password]</arg>
<tag>PageContent</tag>
<tag>Setter</tag>
<doc>Clears and fills the given ``txt`` into the text field found by ``selector``.</doc>
<status status="PASS" start="2025-06-11T16:43:29.420864" elapsed="0.083315"/>
</kw>
<kw name="Click" owner="Browser">
<msg time="2025-06-11T16:43:29.506183" level="INFO">Clicks the element 'css=button &gt;&gt; text=Entrar'.</msg>
<arg>css=button &gt;&gt; text=Entrar</arg>
<tag>PageContent</tag>
<tag>Setter</tag>
<doc>Simulates mouse click on the element found by ``selector``.</doc>
<status status="PASS" start="2025-06-11T16:43:29.504712" elapsed="0.098844"/>
</kw>
<arg>${user}</arg>
<status status="PASS" start="2025-06-11T16:43:29.201887" elapsed="0.401977"/>
</kw>
<kw name="User should be logged in" owner="LoginPage">
<kw name="Split String" owner="String">
<msg time="2025-06-11T16:43:29.606435" level="INFO">@{splited_name} = [ Cassia ]</msg>
<var>@{splited_name}</var>
<arg>${name}</arg>
<doc>Splits the ``string`` using ``separator`` as a delimiter string.</doc>
<status status="PASS" start="2025-06-11T16:43:29.605653" elapsed="0.000897"/>
</kw>
<kw name="Set Variable" owner="BuiltIn">
<msg time="2025-06-11T16:43:29.607428" level="INFO">${element} = css=header .right small</msg>
<var>${element}</var>
<arg>css=header .right small</arg>
<doc>Returns the given values which can then be assigned to a variables.</doc>
<status status="PASS" start="2025-06-11T16:43:29.606873" elapsed="0.000624"/>
</kw>
<kw name="Wait For Elements State" owner="Browser">
<msg time="2025-06-11T16:43:30.475079" level="INFO">Waited for Element with selector css=header .right small at state visible</msg>
<arg>${element}</arg>
<arg>visible</arg>
<arg>5</arg>
<tag>PageContent</tag>
<tag>Wait</tag>
<doc>Waits for the element found by ``selector`` to satisfy state option.</doc>
<status status="PASS" start="2025-06-11T16:43:29.607793" elapsed="0.867663"/>
</kw>
<kw name="Get Text" owner="Browser">
<msg time="2025-06-11T16:43:30.534046" level="INFO">Text: 'Olá, Cassia'</msg>
<arg>${element}</arg>
<arg>equal</arg>
<arg>Olá, ${splited_name}[0]</arg>
<tag>Assertion</tag>
<tag>Getter</tag>
<tag>PageContent</tag>
<doc>Returns text attribute of the element found by ``selector``.</doc>
<status status="PASS" start="2025-06-11T16:43:30.475950" elapsed="0.058308"/>
</kw>
<arg>${user}[name]</arg>
<status status="PASS" start="2025-06-11T16:43:29.604704" elapsed="0.929767"/>
</kw>
<kw name="Take Screenshot" owner="Browser" type="TEARDOWN">
<msg time="2025-06-11T16:43:30.923239" level="INFO" html="true">&lt;/td&gt;&lt;/tr&gt;&lt;tr&gt;&lt;td colspan="3"&gt;&lt;a href="browser/screenshot/robotframework-browser-screenshot-1.png" target="_blank"&gt;&lt;img src="browser/screenshot/robotframework-browser-screenshot-1.png" width="800px"/&gt;&lt;/a&gt;</msg>
<tag>PageContent</tag>
<doc>Takes a screenshot of the current window or element and saves it to disk.</doc>
<status status="PASS" start="2025-06-11T16:43:30.535283" elapsed="0.388203"/>
</kw>
<msg time="2025-06-11T16:43:30.956771" level="INFO">Switching context to context=e47ef4bf-2c71-46ac-bb16-1e2c37fa44f0 in CURRENT</msg>
<msg time="2025-06-11T16:43:30.973074" level="INFO">Successfully changed active context: context=e47ef4bf-2c71-46ac-bb16-1e2c37fa44f0</msg>
<msg time="2025-06-11T16:43:31.101745" level="INFO">Successfully closed Context</msg>
<status status="PASS" start="2025-06-11T16:43:20.219668" elapsed="10.704623"/>
</test>
<doc>Cenários de autenticação do usuário</doc>
<status status="PASS" start="2025-06-11T16:43:02.507261" elapsed="28.599360"/>
</suite>
<statistics>
<total>
<stat pass="1" fail="0" skip="0">All Tests</stat>
</total>
<tag>
</tag>
<suite>
<stat name="Login" id="s1" pass="1" fail="0" skip="0">Login</stat>
</suite>
</statistics>
<errors>
</errors>
</robot>
