<?xml version="1.0" encoding="UTF-8"?>
<robot generator="Robot 7.2.2 (Python 3.13.3 on win32)" generated="2025-05-20T16:43:21.538611" rpa="false" schemaversion="5">
<suite id="s1" name="Api Testing Usuarios" source="C:\Users\cassi\OneDrive\Área de Trabalho\OneDrive\Compass\ApiTesting\tests\api_testing_usuarios.robot">
<test id="s1-t1" name="Cenário 01: Cadastrar um novo usuário com sucesso na ServeRest" line="6">
<kw name="Criar um usuário novo" owner="api_testing_usuarios">
<kw name="Generate Random String" owner="String">
<msg time="2025-05-20T16:43:22.134721" level="INFO">${palavra_aleatoria} = fAXs</msg>
<var>${palavra_aleatoria}</var>
<arg>length=4</arg>
<arg>chars=[LETTERS]</arg>
<doc>Generates a string with a desired ``length`` from the given ``chars``.</doc>
<status status="PASS" start="2025-05-20T16:43:22.134416" elapsed="0.000348"/>
</kw>
<kw name="Convert To Lower Case" owner="String">
<msg time="2025-05-20T16:43:22.135069" level="INFO">${palavra_aleatoria} = faxs</msg>
<var>${palavra_aleatoria}</var>
<arg>${palavra_aleatoria}</arg>
<doc>Converts string to lower case.</doc>
<status status="PASS" start="2025-05-20T16:43:22.134902" elapsed="0.000196"/>
</kw>
<kw name="Set Test Variable" owner="BuiltIn">
<msg time="2025-05-20T16:43:22.135825" level="INFO">${EMAIL_TESTE} = faxs@emailteste.com</msg>
<arg>${EMAIL_TESTE}</arg>
<arg>${palavra_aleatoria}@emailteste.com</arg>
<doc>Makes a variable available everywhere within the scope of the current test.</doc>
<status status="PASS" start="2025-05-20T16:43:22.135212" elapsed="0.000659"/>
</kw>
<kw name="Log" owner="BuiltIn">
<msg time="2025-05-20T16:43:22.136107" level="INFO">faxs@emailteste.com</msg>
<arg>${EMAIL_TESTE}</arg>
<doc>Logs the given message with the given level.</doc>
<status status="PASS" start="2025-05-20T16:43:22.135976" elapsed="0.000178"/>
</kw>
<status status="PASS" start="2025-05-20T16:43:22.133789" elapsed="0.002431"/>
</kw>
<kw name="Cadastrar o usuário criado na ServeRest" owner="api_testing_usuarios">
<kw name="Create Dictionary" owner="BuiltIn">
<msg time="2025-05-20T16:43:22.137242" level="INFO">${body} = {'nome': 'Fulano da Silva', 'email': 'faxs@emailteste.com', 'password': '1234', 'administrador': 'true'}</msg>
<var>${body}</var>
<arg>nome=Fulano da Silva</arg>
<arg>email=${email}</arg>
<arg>password=1234</arg>
<arg>administrador=true</arg>
<doc>Creates and returns a dictionary based on the given ``items``.</doc>
<status status="PASS" start="2025-05-20T16:43:22.136936" elapsed="0.000335"/>
</kw>
<kw name="Log" owner="BuiltIn">
<msg time="2025-05-20T16:43:22.137494" level="INFO">{'nome': 'Fulano da Silva', 'email': 'faxs@emailteste.com', 'password': '1234', 'administrador': 'true'}</msg>
<arg>${body}</arg>
<doc>Logs the given message with the given level.</doc>
<status status="PASS" start="2025-05-20T16:43:22.137380" elapsed="0.000155"/>
</kw>
<kw name="Criar Sessão na ServeRest" owner="api_testing_usuarios">
<kw name="Create Dictionary" owner="BuiltIn">
<msg time="2025-05-20T16:43:22.137998" level="INFO">${headers} = {'accept': 'application/json', 'Content-Type': 'application/json'}</msg>
<var>${headers}</var>
<arg>accept=application/json</arg>
<arg>Content-Type=application/json</arg>
<doc>Creates and returns a dictionary based on the given ``items``.</doc>
<status status="PASS" start="2025-05-20T16:43:22.137856" elapsed="0.000166"/>
</kw>
<kw name="Create Session" owner="RequestsLibrary">
<msg time="2025-05-20T16:43:22.138293" level="INFO">Creating Session using : alias=ServeRest, url=https://serverest.dev, headers={'accept': 'application/json', 'Content-Type': 'application/json'},                     cookies={}, auth=None, timeout=None, proxies=None, verify=False,                     debug=0 </msg>
<arg>alias=ServeRest</arg>
<arg>url=https://serverest.dev</arg>
<arg>headers=${headers}</arg>
<doc>Create Session: create a HTTP session to a server</doc>
<status status="PASS" start="2025-05-20T16:43:22.138129" elapsed="0.000346"/>
</kw>
<status status="PASS" start="2025-05-20T16:43:22.137663" elapsed="0.000882"/>
</kw>
<kw name="POST On Session" owner="RequestsLibrary">
<msg time="2025-05-20T16:43:22.530215" level="INFO">POST Request : url=https://serverest.dev/usuarios 
 path_url=/usuarios 
 headers={'User-Agent': 'python-requests/2.32.3', 'Accept-Encoding': 'gzip, deflate', 'accept': 'application/json', 'Connection': 'keep-alive', 'Content-Type': 'application/json', 'Content-Length': '104'} 
 body=b'{"nome": "Fulano da Silva", "email": "faxs@emailteste.com", "password": "1234", "administrador": "true"}' 
 </msg>
<msg time="2025-05-20T16:43:22.530521" level="INFO">POST Response : url=https://serverest.dev/usuarios 
 status=201, reason=Created 
 headers={'access-control-allow-origin': '*', 'x-dns-prefetch-control': 'off', 'x-frame-options': 'SAMEORIGIN', 'strict-transport-security': 'max-age=15552000; includeSubDomains', 'x-download-options': 'noopen', 'x-content-type-options': 'nosniff', 'x-xss-protection': '1; mode=block', 'content-type': 'application/json; charset=utf-8', 'x-cloud-trace-context': '171346da0ce0132f58ac27957c6427da;o=1', 'date': 'Tue, 20 May 2025 19:43:26 GMT', 'server': 'Google Frontend', 'Content-Length': '82'} 
 body={
    "message": "Cadastro realizado com sucesso",
    "_id": "oAgl29hsEyeGhGse"
} 
 </msg>
<msg time="2025-05-20T16:43:22.530709" level="INFO">c:\Users\cassi\OneDrive\Área de Trabalho\OneDrive\Compass\ApiTesting\.venv\Lib\site-packages\urllib3\connectionpool.py:1097: InsecureRequestWarning: Unverified HTTPS request is being made to host 'serverest.dev'. Adding certificate verification is strongly advised. See: https://urllib3.readthedocs.io/en/latest/advanced-usage.html#tls-warnings
  warnings.warn(</msg>
<msg time="2025-05-20T16:43:22.531458" level="INFO">${resposta} = &lt;Response [201]&gt;</msg>
<var>${resposta}</var>
<arg>alias=ServeRest</arg>
<arg>url=/usuarios</arg>
<arg>json=${body}</arg>
<arg>expected_status=${status_code_desejado}</arg>
<doc>Sends a POST request on a previously created HTTP Session.</doc>
<status status="PASS" start="2025-05-20T16:43:22.138628" elapsed="0.392959"/>
</kw>
<kw name="Log" owner="BuiltIn">
<msg time="2025-05-20T16:43:22.533233" level="INFO">{'message': 'Cadastro realizado com sucesso', '_id': 'oAgl29hsEyeGhGse'}</msg>
<arg>${resposta.json()}</arg>
<doc>Logs the given message with the given level.</doc>
<status status="PASS" start="2025-05-20T16:43:22.532055" elapsed="0.001315"/>
</kw>
<if>
<branch type="IF" condition="${resposta.status_code} == 201">
<kw name="Set Test Variable" owner="BuiltIn">
<msg time="2025-05-20T16:43:22.537168" level="INFO">${ID_USUARIO} = oAgl29hsEyeGhGse</msg>
<arg>${ID_USUARIO}</arg>
<arg>${resposta.json()["_id"]}</arg>
<doc>Makes a variable available everywhere within the scope of the current test.</doc>
<status status="PASS" start="2025-05-20T16:43:22.534774" elapsed="0.002617"/>
</kw>
<status status="PASS" start="2025-05-20T16:43:22.533625" elapsed="0.003948"/>
</branch>
<status status="PASS" start="2025-05-20T16:43:22.533549" elapsed="0.004175"/>
</if>
<kw name="Set Test Variable" owner="BuiltIn">
<msg time="2025-05-20T16:43:22.540232" level="INFO">${RESPOSTA} = {'message': 'Cadastro realizado com sucesso', '_id': 'oAgl29hsEyeGhGse'}</msg>
<arg>${RESPOSTA}</arg>
<arg>${resposta.json()}</arg>
<doc>Makes a variable available everywhere within the scope of the current test.</doc>
<status status="PASS" start="2025-05-20T16:43:22.538189" elapsed="0.002264"/>
</kw>
<arg>email=${EMAIL_TESTE}</arg>
<arg>status_code_desejado=201</arg>
<status status="PASS" start="2025-05-20T16:43:22.136598" elapsed="0.404170"/>
</kw>
<kw name="Conferir se o usuário foi cadastrado corretamente" owner="api_testing_usuarios">
<kw name="Log" owner="BuiltIn">
<msg time="2025-05-20T16:43:22.542689" level="INFO">{'message': 'Cadastro realizado com sucesso', '_id': 'oAgl29hsEyeGhGse'}</msg>
<arg>${RESPOSTA}</arg>
<doc>Logs the given message with the given level.</doc>
<status status="PASS" start="2025-05-20T16:43:22.542334" elapsed="0.000511"/>
</kw>
<kw name="Dictionary Should Contain Item" owner="Collections">
<arg>${RESPOSTA}</arg>
<arg>message</arg>
<arg>Cadastro realizado com sucesso</arg>
<doc>An item of ``key`` / ``value`` must be found in a ``dictionary``.</doc>
<status status="PASS" start="2025-05-20T16:43:22.543472" elapsed="0.000502"/>
</kw>
<kw name="Dictionary Should Contain Key" owner="Collections">
<arg>${RESPOSTA}</arg>
<arg>_id</arg>
<doc>Fails if ``key`` is not found from ``dictionary``.</doc>
<status status="PASS" start="2025-05-20T16:43:22.544392" elapsed="0.000582"/>
</kw>
<status status="PASS" start="2025-05-20T16:43:22.541554" elapsed="0.003640"/>
</kw>
<status status="PASS" start="2025-05-20T16:43:22.132810" elapsed="0.413045"/>
</test>
<test id="s1-t2" name="Cenário 02: Cadastrar um usuário já existente" line="11">
<kw name="Criar um usuário novo" owner="api_testing_usuarios">
<kw name="Generate Random String" owner="String">
<msg time="2025-05-20T16:43:22.550233" level="INFO">${palavra_aleatoria} = YdXb</msg>
<var>${palavra_aleatoria}</var>
<arg>length=4</arg>
<arg>chars=[LETTERS]</arg>
<doc>Generates a string with a desired ``length`` from the given ``chars``.</doc>
<status status="PASS" start="2025-05-20T16:43:22.549514" elapsed="0.000809"/>
</kw>
<kw name="Convert To Lower Case" owner="String">
<msg time="2025-05-20T16:43:22.551196" level="INFO">${palavra_aleatoria} = ydxb</msg>
<var>${palavra_aleatoria}</var>
<arg>${palavra_aleatoria}</arg>
<doc>Converts string to lower case.</doc>
<status status="PASS" start="2025-05-20T16:43:22.550689" elapsed="0.000597"/>
</kw>
<kw name="Set Test Variable" owner="BuiltIn">
<msg time="2025-05-20T16:43:22.553317" level="INFO">${EMAIL_TESTE} = ydxb@emailteste.com</msg>
<arg>${EMAIL_TESTE}</arg>
<arg>${palavra_aleatoria}@emailteste.com</arg>
<doc>Makes a variable available everywhere within the scope of the current test.</doc>
<status status="PASS" start="2025-05-20T16:43:22.551660" elapsed="0.001826"/>
</kw>
<kw name="Log" owner="BuiltIn">
<msg time="2025-05-20T16:43:22.554256" level="INFO">ydxb@emailteste.com</msg>
<arg>${EMAIL_TESTE}</arg>
<doc>Logs the given message with the given level.</doc>
<status status="PASS" start="2025-05-20T16:43:22.553827" elapsed="0.000596"/>
</kw>
<status status="PASS" start="2025-05-20T16:43:22.548731" elapsed="0.005934"/>
</kw>
<kw name="Cadastrar o usuário criado na ServeRest" owner="api_testing_usuarios">
<kw name="Create Dictionary" owner="BuiltIn">
<msg time="2025-05-20T16:43:22.557480" level="INFO">${body} = {'nome': 'Fulano da Silva', 'email': 'ydxb@emailteste.com', 'password': '1234', 'administrador': 'true'}</msg>
<var>${body}</var>
<arg>nome=Fulano da Silva</arg>
<arg>email=${email}</arg>
<arg>password=1234</arg>
<arg>administrador=true</arg>
<doc>Creates and returns a dictionary based on the given ``items``.</doc>
<status status="PASS" start="2025-05-20T16:43:22.556993" elapsed="0.000539"/>
</kw>
<kw name="Log" owner="BuiltIn">
<msg time="2025-05-20T16:43:22.557875" level="INFO">{'nome': 'Fulano da Silva', 'email': 'ydxb@emailteste.com', 'password': '1234', 'administrador': 'true'}</msg>
<arg>${body}</arg>
<doc>Logs the given message with the given level.</doc>
<status status="PASS" start="2025-05-20T16:43:22.557700" elapsed="0.000255"/>
</kw>
<kw name="Criar Sessão na ServeRest" owner="api_testing_usuarios">
<kw name="Create Dictionary" owner="BuiltIn">
<msg time="2025-05-20T16:43:22.558699" level="INFO">${headers} = {'accept': 'application/json', 'Content-Type': 'application/json'}</msg>
<var>${headers}</var>
<arg>accept=application/json</arg>
<arg>Content-Type=application/json</arg>
<doc>Creates and returns a dictionary based on the given ``items``.</doc>
<status status="PASS" start="2025-05-20T16:43:22.558467" elapsed="0.000270"/>
</kw>
<kw name="Create Session" owner="RequestsLibrary">
<msg time="2025-05-20T16:43:22.559373" level="INFO">Creating Session using : alias=ServeRest, url=https://serverest.dev, headers={'accept': 'application/json', 'Content-Type': 'application/json'},                     cookies={}, auth=None, timeout=None, proxies=None, verify=False,                     debug=0 </msg>
<arg>alias=ServeRest</arg>
<arg>url=https://serverest.dev</arg>
<arg>headers=${headers}</arg>
<doc>Create Session: create a HTTP session to a server</doc>
<status status="PASS" start="2025-05-20T16:43:22.558911" elapsed="0.000856"/>
</kw>
<status status="PASS" start="2025-05-20T16:43:22.558144" elapsed="0.001819"/>
</kw>
<kw name="POST On Session" owner="RequestsLibrary">
<msg time="2025-05-20T16:43:22.963774" level="INFO">POST Request : url=https://serverest.dev/usuarios 
 path_url=/usuarios 
 headers={'User-Agent': 'python-requests/2.32.3', 'Accept-Encoding': 'gzip, deflate', 'accept': 'application/json', 'Connection': 'keep-alive', 'Content-Type': 'application/json', 'Content-Length': '104'} 
 body=b'{"nome": "Fulano da Silva", "email": "ydxb@emailteste.com", "password": "1234", "administrador": "true"}' 
 </msg>
<msg time="2025-05-20T16:43:22.963972" level="INFO">POST Response : url=https://serverest.dev/usuarios 
 status=201, reason=Created 
 headers={'access-control-allow-origin': '*', 'x-dns-prefetch-control': 'off', 'x-frame-options': 'SAMEORIGIN', 'strict-transport-security': 'max-age=15552000; includeSubDomains', 'x-download-options': 'noopen', 'x-content-type-options': 'nosniff', 'x-xss-protection': '1; mode=block', 'content-type': 'application/json; charset=utf-8', 'x-cloud-trace-context': '437a6ec44e3fbd1c8e66a596868380ad', 'date': 'Tue, 20 May 2025 19:43:26 GMT', 'server': 'Google Frontend', 'Content-Length': '82'} 
 body={
    "message": "Cadastro realizado com sucesso",
    "_id": "PcARAh0QpY97W25T"
} 
 </msg>
<msg time="2025-05-20T16:43:22.964174" level="INFO">c:\Users\cassi\OneDrive\Área de Trabalho\OneDrive\Compass\ApiTesting\.venv\Lib\site-packages\urllib3\connectionpool.py:1097: InsecureRequestWarning: Unverified HTTPS request is being made to host 'serverest.dev'. Adding certificate verification is strongly advised. See: https://urllib3.readthedocs.io/en/latest/advanced-usage.html#tls-warnings
  warnings.warn(</msg>
<msg time="2025-05-20T16:43:22.964986" level="INFO">${resposta} = &lt;Response [201]&gt;</msg>
<var>${resposta}</var>
<arg>alias=ServeRest</arg>
<arg>url=/usuarios</arg>
<arg>json=${body}</arg>
<arg>expected_status=${status_code_desejado}</arg>
<doc>Sends a POST request on a previously created HTTP Session.</doc>
<status status="PASS" start="2025-05-20T16:43:22.560297" elapsed="0.404782"/>
</kw>
<kw name="Log" owner="BuiltIn">
<msg time="2025-05-20T16:43:22.966680" level="INFO">{'message': 'Cadastro realizado com sucesso', '_id': 'PcARAh0QpY97W25T'}</msg>
<arg>${resposta.json()}</arg>
<doc>Logs the given message with the given level.</doc>
<status status="PASS" start="2025-05-20T16:43:22.965437" elapsed="0.001393"/>
</kw>
<if>
<branch type="IF" condition="${resposta.status_code} == 201">
<kw name="Set Test Variable" owner="BuiltIn">
<msg time="2025-05-20T16:43:22.970638" level="INFO">${ID_USUARIO} = PcARAh0QpY97W25T</msg>
<arg>${ID_USUARIO}</arg>
<arg>${resposta.json()["_id"]}</arg>
<doc>Makes a variable available everywhere within the scope of the current test.</doc>
<status status="PASS" start="2025-05-20T16:43:22.968434" elapsed="0.002344"/>
</kw>
<status status="PASS" start="2025-05-20T16:43:22.967088" elapsed="0.003803"/>
</branch>
<status status="PASS" start="2025-05-20T16:43:22.967015" elapsed="0.003964"/>
</if>
<kw name="Set Test Variable" owner="BuiltIn">
<msg time="2025-05-20T16:43:22.972365" level="INFO">${RESPOSTA} = {'message': 'Cadastro realizado com sucesso', '_id': 'PcARAh0QpY97W25T'}</msg>
<arg>${RESPOSTA}</arg>
<arg>${resposta.json()}</arg>
<doc>Makes a variable available everywhere within the scope of the current test.</doc>
<status status="PASS" start="2025-05-20T16:43:22.971248" elapsed="0.001241"/>
</kw>
<arg>email=${EMAIL_TESTE}</arg>
<arg>status_code_desejado=201</arg>
<status status="PASS" start="2025-05-20T16:43:22.556226" elapsed="0.416459"/>
</kw>
<kw name="Vou repetir o cadastro do usuário" owner="api_testing_usuarios">
<kw name="Cadastrar o usuário criado na ServeRest" owner="api_testing_usuarios">
<kw name="Create Dictionary" owner="BuiltIn">
<msg time="2025-05-20T16:43:22.975928" level="INFO">${body} = {'nome': 'Fulano da Silva', 'email': 'ydxb@emailteste.com', 'password': '1234', 'administrador': 'true'}</msg>
<var>${body}</var>
<arg>nome=Fulano da Silva</arg>
<arg>email=${email}</arg>
<arg>password=1234</arg>
<arg>administrador=true</arg>
<doc>Creates and returns a dictionary based on the given ``items``.</doc>
<status status="PASS" start="2025-05-20T16:43:22.975374" elapsed="0.000630"/>
</kw>
<kw name="Log" owner="BuiltIn">
<msg time="2025-05-20T16:43:22.976588" level="INFO">{'nome': 'Fulano da Silva', 'email': 'ydxb@emailteste.com', 'password': '1234', 'administrador': 'true'}</msg>
<arg>${body}</arg>
<doc>Logs the given message with the given level.</doc>
<status status="PASS" start="2025-05-20T16:43:22.976275" elapsed="0.000429"/>
</kw>
<kw name="Criar Sessão na ServeRest" owner="api_testing_usuarios">
<kw name="Create Dictionary" owner="BuiltIn">
<msg time="2025-05-20T16:43:22.978040" level="INFO">${headers} = {'accept': 'application/json', 'Content-Type': 'application/json'}</msg>
<var>${headers}</var>
<arg>accept=application/json</arg>
<arg>Content-Type=application/json</arg>
<doc>Creates and returns a dictionary based on the given ``items``.</doc>
<status status="PASS" start="2025-05-20T16:43:22.977640" elapsed="0.000482"/>
</kw>
<kw name="Create Session" owner="RequestsLibrary">
<msg time="2025-05-20T16:43:22.978839" level="INFO">Creating Session using : alias=ServeRest, url=https://serverest.dev, headers={'accept': 'application/json', 'Content-Type': 'application/json'},                     cookies={}, auth=None, timeout=None, proxies=None, verify=False,                     debug=0 </msg>
<arg>alias=ServeRest</arg>
<arg>url=https://serverest.dev</arg>
<arg>headers=${headers}</arg>
<doc>Create Session: create a HTTP session to a server</doc>
<status status="PASS" start="2025-05-20T16:43:22.978380" elapsed="0.000823"/>
</kw>
<status status="PASS" start="2025-05-20T16:43:22.977047" elapsed="0.002327"/>
</kw>
<kw name="POST On Session" owner="RequestsLibrary">
<msg time="2025-05-20T16:43:23.360600" level="INFO">POST Request : url=https://serverest.dev/usuarios 
 path_url=/usuarios 
 headers={'User-Agent': 'python-requests/2.32.3', 'Accept-Encoding': 'gzip, deflate', 'accept': 'application/json', 'Connection': 'keep-alive', 'Content-Type': 'application/json', 'Content-Length': '104'} 
 body=b'{"nome": "Fulano da Silva", "email": "ydxb@emailteste.com", "password": "1234", "administrador": "true"}' 
 </msg>
<msg time="2025-05-20T16:43:23.360747" level="INFO">POST Response : url=https://serverest.dev/usuarios 
 status=400, reason=Bad Request 
 headers={'access-control-allow-origin': '*', 'x-dns-prefetch-control': 'off', 'x-frame-options': 'SAMEORIGIN', 'strict-transport-security': 'max-age=15552000; includeSubDomains', 'x-download-options': 'noopen', 'x-content-type-options': 'nosniff', 'x-xss-protection': '1; mode=block', 'content-type': 'application/json; charset=utf-8', 'x-cloud-trace-context': '057a0556e548b64211e6d3aad59cc2b2', 'date': 'Tue, 20 May 2025 19:43:27 GMT', 'server': 'Google Frontend', 'Content-Length': '53'} 
 body={
    "message": "Este email já está sendo usado"
} 
 </msg>
<msg time="2025-05-20T16:43:23.360899" level="INFO">c:\Users\cassi\OneDrive\Área de Trabalho\OneDrive\Compass\ApiTesting\.venv\Lib\site-packages\urllib3\connectionpool.py:1097: InsecureRequestWarning: Unverified HTTPS request is being made to host 'serverest.dev'. Adding certificate verification is strongly advised. See: https://urllib3.readthedocs.io/en/latest/advanced-usage.html#tls-warnings
  warnings.warn(</msg>
<msg time="2025-05-20T16:43:23.361378" level="INFO">${resposta} = &lt;Response [400]&gt;</msg>
<var>${resposta}</var>
<arg>alias=ServeRest</arg>
<arg>url=/usuarios</arg>
<arg>json=${body}</arg>
<arg>expected_status=${status_code_desejado}</arg>
<doc>Sends a POST request on a previously created HTTP Session.</doc>
<status status="PASS" start="2025-05-20T16:43:22.979599" elapsed="0.381840"/>
</kw>
<kw name="Log" owner="BuiltIn">
<msg time="2025-05-20T16:43:23.362509" level="INFO">{'message': 'Este email já está sendo usado'}</msg>
<arg>${resposta.json()}</arg>
<doc>Logs the given message with the given level.</doc>
<status status="PASS" start="2025-05-20T16:43:23.361763" elapsed="0.000833"/>
</kw>
<if>
<branch type="IF" condition="${resposta.status_code} == 201">
<kw name="Set Test Variable" owner="BuiltIn">
<arg>${ID_USUARIO}</arg>
<arg>${resposta.json()["_id"]}</arg>
<doc>Makes a variable available everywhere within the scope of the current test.</doc>
<status status="NOT RUN" start="2025-05-20T16:43:23.363477" elapsed="0.000040"/>
</kw>
<status status="NOT RUN" start="2025-05-20T16:43:23.362736" elapsed="0.000846"/>
</branch>
<status status="PASS" start="2025-05-20T16:43:23.362697" elapsed="0.000935"/>
</if>
<kw name="Set Test Variable" owner="BuiltIn">
<msg time="2025-05-20T16:43:23.364516" level="INFO">${RESPOSTA} = {'message': 'Este email já está sendo usado'}</msg>
<arg>${RESPOSTA}</arg>
<arg>${resposta.json()}</arg>
<doc>Makes a variable available everywhere within the scope of the current test.</doc>
<status status="PASS" start="2025-05-20T16:43:23.363778" elapsed="0.000820"/>
</kw>
<arg>email=${EMAIL_TESTE}</arg>
<arg>status_code_desejado=400</arg>
<status status="PASS" start="2025-05-20T16:43:22.974534" elapsed="0.390183"/>
</kw>
<status status="PASS" start="2025-05-20T16:43:22.973443" elapsed="0.391359"/>
</kw>
<kw name="Verificar se a API não permitiu o cadastro repetido" owner="api_testing_usuarios">
<kw name="Dictionary Should Contain Item" owner="Collections">
<arg>${RESPOSTA}</arg>
<arg>message</arg>
<arg>Este email já está sendo usado</arg>
<doc>An item of ``key`` / ``value`` must be found in a ``dictionary``.</doc>
<status status="PASS" start="2025-05-20T16:43:23.366151" elapsed="0.000379"/>
</kw>
<status status="PASS" start="2025-05-20T16:43:23.365375" elapsed="0.001364"/>
</kw>
<status status="PASS" start="2025-05-20T16:43:22.547224" elapsed="0.820207"/>
</test>
<test id="s1-t3" name="Cenário 03: Consultar os dados de um novo usuário" line="17">
<kw name="Criar um usuário novo" owner="api_testing_usuarios">
<kw name="Generate Random String" owner="String">
<msg time="2025-05-20T16:43:23.371268" level="INFO">${palavra_aleatoria} = hZTC</msg>
<var>${palavra_aleatoria}</var>
<arg>length=4</arg>
<arg>chars=[LETTERS]</arg>
<doc>Generates a string with a desired ``length`` from the given ``chars``.</doc>
<status status="PASS" start="2025-05-20T16:43:23.370063" elapsed="0.001256"/>
</kw>
<kw name="Convert To Lower Case" owner="String">
<msg time="2025-05-20T16:43:23.371761" level="INFO">${palavra_aleatoria} = hztc</msg>
<var>${palavra_aleatoria}</var>
<arg>${palavra_aleatoria}</arg>
<doc>Converts string to lower case.</doc>
<status status="PASS" start="2025-05-20T16:43:23.371522" elapsed="0.000278"/>
</kw>
<kw name="Set Test Variable" owner="BuiltIn">
<msg time="2025-05-20T16:43:23.373023" level="INFO">${EMAIL_TESTE} = hztc@emailteste.com</msg>
<arg>${EMAIL_TESTE}</arg>
<arg>${palavra_aleatoria}@emailteste.com</arg>
<doc>Makes a variable available everywhere within the scope of the current test.</doc>
<status status="PASS" start="2025-05-20T16:43:23.371950" elapsed="0.001165"/>
</kw>
<kw name="Log" owner="BuiltIn">
<msg time="2025-05-20T16:43:23.373520" level="INFO">hztc@emailteste.com</msg>
<arg>${EMAIL_TESTE}</arg>
<doc>Logs the given message with the given level.</doc>
<status status="PASS" start="2025-05-20T16:43:23.373312" elapsed="0.000274"/>
</kw>
<status status="PASS" start="2025-05-20T16:43:23.369520" elapsed="0.004165"/>
</kw>
<kw name="Cadastrar o usuário criado na ServeRest" owner="api_testing_usuarios">
<kw name="Create Dictionary" owner="BuiltIn">
<msg time="2025-05-20T16:43:23.375174" level="INFO">${body} = {'nome': 'Fulano da Silva', 'email': 'hztc@emailteste.com', 'password': '1234', 'administrador': 'true'}</msg>
<var>${body}</var>
<arg>nome=Fulano da Silva</arg>
<arg>email=${email}</arg>
<arg>password=1234</arg>
<arg>administrador=true</arg>
<doc>Creates and returns a dictionary based on the given ``items``.</doc>
<status status="PASS" start="2025-05-20T16:43:23.374792" elapsed="0.000540"/>
</kw>
<kw name="Log" owner="BuiltIn">
<msg time="2025-05-20T16:43:23.375754" level="INFO">{'nome': 'Fulano da Silva', 'email': 'hztc@emailteste.com', 'password': '1234', 'administrador': 'true'}</msg>
<arg>${body}</arg>
<doc>Logs the given message with the given level.</doc>
<status status="PASS" start="2025-05-20T16:43:23.375540" elapsed="0.000313"/>
</kw>
<kw name="Criar Sessão na ServeRest" owner="api_testing_usuarios">
<kw name="Create Dictionary" owner="BuiltIn">
<msg time="2025-05-20T16:43:23.376881" level="INFO">${headers} = {'accept': 'application/json', 'Content-Type': 'application/json'}</msg>
<var>${headers}</var>
<arg>accept=application/json</arg>
<arg>Content-Type=application/json</arg>
<doc>Creates and returns a dictionary based on the given ``items``.</doc>
<status status="PASS" start="2025-05-20T16:43:23.376544" elapsed="0.000394"/>
</kw>
<kw name="Create Session" owner="RequestsLibrary">
<msg time="2025-05-20T16:43:23.377607" level="INFO">Creating Session using : alias=ServeRest, url=https://serverest.dev, headers={'accept': 'application/json', 'Content-Type': 'application/json'},                     cookies={}, auth=None, timeout=None, proxies=None, verify=False,                     debug=0 </msg>
<arg>alias=ServeRest</arg>
<arg>url=https://serverest.dev</arg>
<arg>headers=${headers}</arg>
<doc>Create Session: create a HTTP session to a server</doc>
<status status="PASS" start="2025-05-20T16:43:23.377201" elapsed="0.000800"/>
</kw>
<status status="PASS" start="2025-05-20T16:43:23.376085" elapsed="0.002134"/>
</kw>
<kw name="POST On Session" owner="RequestsLibrary">
<msg time="2025-05-20T16:43:23.771821" level="INFO">POST Request : url=https://serverest.dev/usuarios 
 path_url=/usuarios 
 headers={'User-Agent': 'python-requests/2.32.3', 'Accept-Encoding': 'gzip, deflate', 'accept': 'application/json', 'Connection': 'keep-alive', 'Content-Type': 'application/json', 'Content-Length': '104'} 
 body=b'{"nome": "Fulano da Silva", "email": "hztc@emailteste.com", "password": "1234", "administrador": "true"}' 
 </msg>
<msg time="2025-05-20T16:43:23.772149" level="INFO">POST Response : url=https://serverest.dev/usuarios 
 status=201, reason=Created 
 headers={'access-control-allow-origin': '*', 'x-dns-prefetch-control': 'off', 'x-frame-options': 'SAMEORIGIN', 'strict-transport-security': 'max-age=15552000; includeSubDomains', 'x-download-options': 'noopen', 'x-content-type-options': 'nosniff', 'x-xss-protection': '1; mode=block', 'content-type': 'application/json; charset=utf-8', 'x-cloud-trace-context': 'f23c395d8645143c9334bc039d8ee232', 'date': 'Tue, 20 May 2025 19:43:27 GMT', 'server': 'Google Frontend', 'Content-Length': '82'} 
 body={
    "message": "Cadastro realizado com sucesso",
    "_id": "IyFu1PMKmFKs90pN"
} 
 </msg>
<msg time="2025-05-20T16:43:23.772460" level="INFO">c:\Users\cassi\OneDrive\Área de Trabalho\OneDrive\Compass\ApiTesting\.venv\Lib\site-packages\urllib3\connectionpool.py:1097: InsecureRequestWarning: Unverified HTTPS request is being made to host 'serverest.dev'. Adding certificate verification is strongly advised. See: https://urllib3.readthedocs.io/en/latest/advanced-usage.html#tls-warnings
  warnings.warn(</msg>
<msg time="2025-05-20T16:43:23.773697" level="INFO">${resposta} = &lt;Response [201]&gt;</msg>
<var>${resposta}</var>
<arg>alias=ServeRest</arg>
<arg>url=/usuarios</arg>
<arg>json=${body}</arg>
<arg>expected_status=${status_code_desejado}</arg>
<doc>Sends a POST request on a previously created HTTP Session.</doc>
<status status="PASS" start="2025-05-20T16:43:23.378483" elapsed="0.395435"/>
</kw>
<kw name="Log" owner="BuiltIn">
<msg time="2025-05-20T16:43:23.776516" level="INFO">{'message': 'Cadastro realizado com sucesso', '_id': 'IyFu1PMKmFKs90pN'}</msg>
<arg>${resposta.json()}</arg>
<doc>Logs the given message with the given level.</doc>
<status status="PASS" start="2025-05-20T16:43:23.774542" elapsed="0.002210"/>
</kw>
<if>
<branch type="IF" condition="${resposta.status_code} == 201">
<kw name="Set Test Variable" owner="BuiltIn">
<msg time="2025-05-20T16:43:23.781980" level="INFO">${ID_USUARIO} = IyFu1PMKmFKs90pN</msg>
<arg>${ID_USUARIO}</arg>
<arg>${resposta.json()["_id"]}</arg>
<doc>Makes a variable available everywhere within the scope of the current test.</doc>
<status status="PASS" start="2025-05-20T16:43:23.778991" elapsed="0.003149"/>
</kw>
<status status="PASS" start="2025-05-20T16:43:23.777156" elapsed="0.005114"/>
</branch>
<status status="PASS" start="2025-05-20T16:43:23.777056" elapsed="0.005305"/>
</if>
<kw name="Set Test Variable" owner="BuiltIn">
<msg time="2025-05-20T16:43:23.784408" level="INFO">${RESPOSTA} = {'message': 'Cadastro realizado com sucesso', '_id': 'IyFu1PMKmFKs90pN'}</msg>
<arg>${RESPOSTA}</arg>
<arg>${resposta.json()}</arg>
<doc>Makes a variable available everywhere within the scope of the current test.</doc>
<status status="PASS" start="2025-05-20T16:43:23.782739" elapsed="0.002479"/>
</kw>
<arg>email=${EMAIL_TESTE}</arg>
<arg>status_code_desejado=201</arg>
<status status="PASS" start="2025-05-20T16:43:23.374195" elapsed="0.411361"/>
</kw>
<kw name="Consultar os dados do novo usuário" owner="api_testing_usuarios">
<kw name="GET On Session" owner="RequestsLibrary">
<msg time="2025-05-20T16:43:23.962637" level="INFO">GET Request : url=https://serverest.dev/usuarios/IyFu1PMKmFKs90pN 
 path_url=/usuarios/IyFu1PMKmFKs90pN 
 headers={'User-Agent': 'python-requests/2.32.3', 'Accept-Encoding': 'gzip, deflate', 'accept': 'application/json', 'Connection': 'keep-alive', 'Content-Type': 'application/json'} 
 body=None 
 </msg>
<msg time="2025-05-20T16:43:23.962999" level="INFO">GET Response : url=https://serverest.dev/usuarios/IyFu1PMKmFKs90pN 
 status=200, reason=OK 
 headers={'access-control-allow-origin': '*', 'x-dns-prefetch-control': 'off', 'x-frame-options': 'SAMEORIGIN', 'strict-transport-security': 'max-age=15552000; includeSubDomains', 'x-download-options': 'noopen', 'x-content-type-options': 'nosniff', 'x-xss-protection': '1; mode=block', 'content-type': 'application/json; charset=utf-8', 'x-cloud-trace-context': 'f4a2af301756da889334bc039d8eecd7', 'date': 'Tue, 20 May 2025 19:43:27 GMT', 'server': 'Google Frontend', 'Content-Length': '153'} 
 body={
    "nome": "Fulano da Silva",
    "email": "hztc@emailteste.com",
    "password": "1234",
    "administrador": "true",
    "_id": "IyFu1PMKmFKs90pN"
} 
 </msg>
<msg time="2025-05-20T16:43:23.963321" level="INFO">c:\Users\cassi\OneDrive\Área de Trabalho\OneDrive\Compass\ApiTesting\.venv\Lib\site-packages\urllib3\connectionpool.py:1097: InsecureRequestWarning: Unverified HTTPS request is being made to host 'serverest.dev'. Adding certificate verification is strongly advised. See: https://urllib3.readthedocs.io/en/latest/advanced-usage.html#tls-warnings
  warnings.warn(</msg>
<msg time="2025-05-20T16:43:23.964612" level="INFO">${resposta_consulta} = &lt;Response [200]&gt;</msg>
<var>${resposta_consulta}</var>
<arg>alias=ServeRest</arg>
<arg>url=/usuarios/${ID_USUARIO}</arg>
<arg>expected_status=200</arg>
<doc>Sends a GET request on a previously created HTTP Session.</doc>
<status status="PASS" start="2025-05-20T16:43:23.788290" elapsed="0.176548"/>
</kw>
<kw name="Log" owner="BuiltIn">
<msg time="2025-05-20T16:43:23.967717" level="INFO">200</msg>
<arg>${resposta_consulta.status_code}</arg>
<doc>Logs the given message with the given level.</doc>
<status status="PASS" start="2025-05-20T16:43:23.965712" elapsed="0.002267"/>
</kw>
<kw name="Log" owner="BuiltIn">
<msg time="2025-05-20T16:43:23.970252" level="INFO">OK</msg>
<arg>${resposta_consulta.reason}</arg>
<doc>Logs the given message with the given level.</doc>
<status status="PASS" start="2025-05-20T16:43:23.968498" elapsed="0.001974"/>
</kw>
<kw name="Log" owner="BuiltIn">
<msg time="2025-05-20T16:43:23.973054" level="INFO">{'access-control-allow-origin': '*', 'x-dns-prefetch-control': 'off', 'x-frame-options': 'SAMEORIGIN', 'strict-transport-security': 'max-age=15552000; includeSubDomains', 'x-download-options': 'noopen', 'x-content-type-options': 'nosniff', 'x-xss-protection': '1; mode=block', 'content-type': 'application/json; charset=utf-8', 'x-cloud-trace-context': 'f4a2af301756da889334bc039d8eecd7', 'date': 'Tue, 20 May 2025 19:43:27 GMT', 'server': 'Google Frontend', 'Content-Length': '153'}</msg>
<arg>${resposta_consulta.headers}</arg>
<doc>Logs the given message with the given level.</doc>
<status status="PASS" start="2025-05-20T16:43:23.970935" elapsed="0.002357"/>
</kw>
<kw name="Log" owner="BuiltIn">
<msg time="2025-05-20T16:43:23.975325" level="INFO">0:00:00.171087</msg>
<arg>${resposta_consulta.elapsed}</arg>
<doc>Logs the given message with the given level.</doc>
<status status="PASS" start="2025-05-20T16:43:23.973756" elapsed="0.001779"/>
</kw>
<kw name="Log" owner="BuiltIn">
<msg time="2025-05-20T16:43:23.977726" level="INFO">{
    "nome": "Fulano da Silva",
    "email": "hztc@emailteste.com",
    "password": "1234",
    "administrador": "true",
    "_id": "IyFu1PMKmFKs90pN"
}</msg>
<arg>${resposta_consulta.text}</arg>
<doc>Logs the given message with the given level.</doc>
<status status="PASS" start="2025-05-20T16:43:23.975975" elapsed="0.001973"/>
</kw>
<kw name="Log" owner="BuiltIn">
<msg time="2025-05-20T16:43:23.980029" level="INFO">{'nome': 'Fulano da Silva', 'email': 'hztc@emailteste.com', 'password': '1234', 'administrador': 'true', '_id': 'IyFu1PMKmFKs90pN'}</msg>
<arg>${resposta_consulta.json()}</arg>
<doc>Logs the given message with the given level.</doc>
<status status="PASS" start="2025-05-20T16:43:23.978440" elapsed="0.002115"/>
</kw>
<kw name="Set Test Variable" owner="BuiltIn">
<msg time="2025-05-20T16:43:23.987320" level="INFO">${RESP_CONSULTA} = {'nome': 'Fulano da Silva', 'email': 'hztc@emailteste.com', 'password': '1234', 'administrador': 'true', '_id': 'IyFu1PMKmFKs90pN'}</msg>
<arg>${RESP_CONSULTA}</arg>
<arg>${resposta_consulta.json()}</arg>
<doc>Makes a variable available everywhere within the scope of the current test.</doc>
<status status="PASS" start="2025-05-20T16:43:23.981337" elapsed="0.006380"/>
</kw>
<status status="PASS" start="2025-05-20T16:43:23.787032" elapsed="0.200991"/>
</kw>
<kw name="Conferir os dados retornados" owner="api_testing_usuarios">
<kw name="Log" owner="BuiltIn">
<msg time="2025-05-20T16:43:23.990961" level="INFO">{'nome': 'Fulano da Silva', 'email': 'hztc@emailteste.com', 'password': '1234', 'administrador': 'true', '_id': 'IyFu1PMKmFKs90pN'}</msg>
<arg>${RESP_CONSULTA}</arg>
<doc>Logs the given message with the given level.</doc>
<status status="PASS" start="2025-05-20T16:43:23.990397" elapsed="0.000787"/>
</kw>
<kw name="Dictionary Should Contain Item" owner="Collections">
<arg>${RESP_CONSULTA}</arg>
<arg>nome</arg>
<arg>Fulano da Silva</arg>
<doc>An item of ``key`` / ``value`` must be found in a ``dictionary``.</doc>
<status status="PASS" start="2025-05-20T16:43:23.991628" elapsed="0.000679"/>
</kw>
<kw name="Dictionary Should Contain Item" owner="Collections">
<arg>${RESP_CONSULTA}</arg>
<arg>email</arg>
<arg>${EMAIL_TESTE}</arg>
<doc>An item of ``key`` / ``value`` must be found in a ``dictionary``.</doc>
<status status="PASS" start="2025-05-20T16:43:23.992797" elapsed="0.000570"/>
</kw>
<kw name="Dictionary Should Contain Item" owner="Collections">
<arg>${RESP_CONSULTA}</arg>
<arg>password</arg>
<arg>1234</arg>
<doc>An item of ``key`` / ``value`` must be found in a ``dictionary``.</doc>
<status status="PASS" start="2025-05-20T16:43:23.993685" elapsed="0.000459"/>
</kw>
<kw name="Dictionary Should Contain Item" owner="Collections">
<arg>${RESP_CONSULTA}</arg>
<arg>administrador</arg>
<arg>true</arg>
<doc>An item of ``key`` / ``value`` must be found in a ``dictionary``.</doc>
<status status="PASS" start="2025-05-20T16:43:23.994447" elapsed="0.000416"/>
</kw>
<kw name="Dictionary Should Contain Item" owner="Collections">
<arg>${RESP_CONSULTA}</arg>
<arg>_id</arg>
<arg>${ID_USUARIO}</arg>
<doc>An item of ``key`` / ``value`` must be found in a ``dictionary``.</doc>
<status status="PASS" start="2025-05-20T16:43:23.995159" elapsed="0.000466"/>
</kw>
<status status="PASS" start="2025-05-20T16:43:23.989028" elapsed="0.006817"/>
</kw>
<status status="PASS" start="2025-05-20T16:43:23.368556" elapsed="0.627853"/>
</test>
<test id="s1-t4" name="Cenário 04: Logar com o novo usuário criado" line="23">
<kw name="Criar um usuário novo" owner="api_testing_usuarios">
<kw name="Generate Random String" owner="String">
<msg time="2025-05-20T16:43:24.002828" level="INFO">${palavra_aleatoria} = ciab</msg>
<var>${palavra_aleatoria}</var>
<arg>length=4</arg>
<arg>chars=[LETTERS]</arg>
<doc>Generates a string with a desired ``length`` from the given ``chars``.</doc>
<status status="PASS" start="2025-05-20T16:43:24.002197" elapsed="0.000723"/>
</kw>
<kw name="Convert To Lower Case" owner="String">
<msg time="2025-05-20T16:43:24.003785" level="INFO">${palavra_aleatoria} = ciab</msg>
<var>${palavra_aleatoria}</var>
<arg>${palavra_aleatoria}</arg>
<doc>Converts string to lower case.</doc>
<status status="PASS" start="2025-05-20T16:43:24.003240" elapsed="0.000624"/>
</kw>
<kw name="Set Test Variable" owner="BuiltIn">
<msg time="2025-05-20T16:43:24.005652" level="INFO">${EMAIL_TESTE} = ciab@emailteste.com</msg>
<arg>${EMAIL_TESTE}</arg>
<arg>${palavra_aleatoria}@emailteste.com</arg>
<doc>Makes a variable available everywhere within the scope of the current test.</doc>
<status status="PASS" start="2025-05-20T16:43:24.004168" elapsed="0.001590"/>
</kw>
<kw name="Log" owner="BuiltIn">
<msg time="2025-05-20T16:43:24.006239" level="INFO">ciab@emailteste.com</msg>
<arg>${EMAIL_TESTE}</arg>
<doc>Logs the given message with the given level.</doc>
<status status="PASS" start="2025-05-20T16:43:24.005991" elapsed="0.000362"/>
</kw>
<status status="PASS" start="2025-05-20T16:43:24.001548" elapsed="0.004925"/>
</kw>
<kw name="Cadastrar o usuário criado na ServeRest" owner="api_testing_usuarios">
<kw name="Create Dictionary" owner="BuiltIn">
<msg time="2025-05-20T16:43:24.008093" level="INFO">${body} = {'nome': 'Fulano da Silva', 'email': 'ciab@emailteste.com', 'password': '1234', 'administrador': 'true'}</msg>
<var>${body}</var>
<arg>nome=Fulano da Silva</arg>
<arg>email=${email}</arg>
<arg>password=1234</arg>
<arg>administrador=true</arg>
<doc>Creates and returns a dictionary based on the given ``items``.</doc>
<status status="PASS" start="2025-05-20T16:43:24.007493" elapsed="0.000684"/>
</kw>
<kw name="Log" owner="BuiltIn">
<msg time="2025-05-20T16:43:24.008795" level="INFO">{'nome': 'Fulano da Silva', 'email': 'ciab@emailteste.com', 'password': '1234', 'administrador': 'true'}</msg>
<arg>${body}</arg>
<doc>Logs the given message with the given level.</doc>
<status status="PASS" start="2025-05-20T16:43:24.008498" elapsed="0.000420"/>
</kw>
<kw name="Criar Sessão na ServeRest" owner="api_testing_usuarios">
<kw name="Create Dictionary" owner="BuiltIn">
<msg time="2025-05-20T16:43:24.009832" level="INFO">${headers} = {'accept': 'application/json', 'Content-Type': 'application/json'}</msg>
<var>${headers}</var>
<arg>accept=application/json</arg>
<arg>Content-Type=application/json</arg>
<doc>Creates and returns a dictionary based on the given ``items``.</doc>
<status status="PASS" start="2025-05-20T16:43:24.009591" elapsed="0.000281"/>
</kw>
<kw name="Create Session" owner="RequestsLibrary">
<msg time="2025-05-20T16:43:24.010288" level="INFO">Creating Session using : alias=ServeRest, url=https://serverest.dev, headers={'accept': 'application/json', 'Content-Type': 'application/json'},                     cookies={}, auth=None, timeout=None, proxies=None, verify=False,                     debug=0 </msg>
<arg>alias=ServeRest</arg>
<arg>url=https://serverest.dev</arg>
<arg>headers=${headers}</arg>
<doc>Create Session: create a HTTP session to a server</doc>
<status status="PASS" start="2025-05-20T16:43:24.010033" elapsed="0.000455"/>
</kw>
<status status="PASS" start="2025-05-20T16:43:24.009202" elapsed="0.001474"/>
</kw>
<kw name="POST On Session" owner="RequestsLibrary">
<msg time="2025-05-20T16:43:24.393566" level="INFO">POST Request : url=https://serverest.dev/usuarios 
 path_url=/usuarios 
 headers={'User-Agent': 'python-requests/2.32.3', 'Accept-Encoding': 'gzip, deflate', 'accept': 'application/json', 'Connection': 'keep-alive', 'Content-Type': 'application/json', 'Content-Length': '104'} 
 body=b'{"nome": "Fulano da Silva", "email": "ciab@emailteste.com", "password": "1234", "administrador": "true"}' 
 </msg>
<msg time="2025-05-20T16:43:24.393719" level="INFO">POST Response : url=https://serverest.dev/usuarios 
 status=201, reason=Created 
 headers={'access-control-allow-origin': '*', 'x-dns-prefetch-control': 'off', 'x-frame-options': 'SAMEORIGIN', 'strict-transport-security': 'max-age=15552000; includeSubDomains', 'x-download-options': 'noopen', 'x-content-type-options': 'nosniff', 'x-xss-protection': '1; mode=block', 'content-type': 'application/json; charset=utf-8', 'x-cloud-trace-context': '2939746a92c9a613567c56566d5f43eb', 'date': 'Tue, 20 May 2025 19:43:28 GMT', 'server': 'Google Frontend', 'Content-Length': '82'} 
 body={
    "message": "Cadastro realizado com sucesso",
    "_id": "xLYxJCxrXKjVQnug"
} 
 </msg>
<msg time="2025-05-20T16:43:24.393835" level="INFO">c:\Users\cassi\OneDrive\Área de Trabalho\OneDrive\Compass\ApiTesting\.venv\Lib\site-packages\urllib3\connectionpool.py:1097: InsecureRequestWarning: Unverified HTTPS request is being made to host 'serverest.dev'. Adding certificate verification is strongly advised. See: https://urllib3.readthedocs.io/en/latest/advanced-usage.html#tls-warnings
  warnings.warn(</msg>
<msg time="2025-05-20T16:43:24.394329" level="INFO">${resposta} = &lt;Response [201]&gt;</msg>
<var>${resposta}</var>
<arg>alias=ServeRest</arg>
<arg>url=/usuarios</arg>
<arg>json=${body}</arg>
<arg>expected_status=${status_code_desejado}</arg>
<doc>Sends a POST request on a previously created HTTP Session.</doc>
<status status="PASS" start="2025-05-20T16:43:24.010808" elapsed="0.383585"/>
</kw>
<kw name="Log" owner="BuiltIn">
<msg time="2025-05-20T16:43:24.395534" level="INFO">{'message': 'Cadastro realizado com sucesso', '_id': 'xLYxJCxrXKjVQnug'}</msg>
<arg>${resposta.json()}</arg>
<doc>Logs the given message with the given level.</doc>
<status status="PASS" start="2025-05-20T16:43:24.394718" elapsed="0.000908"/>
</kw>
<if>
<branch type="IF" condition="${resposta.status_code} == 201">
<kw name="Set Test Variable" owner="BuiltIn">
<msg time="2025-05-20T16:43:24.398157" level="INFO">${ID_USUARIO} = xLYxJCxrXKjVQnug</msg>
<arg>${ID_USUARIO}</arg>
<arg>${resposta.json()["_id"]}</arg>
<doc>Makes a variable available everywhere within the scope of the current test.</doc>
<status status="PASS" start="2025-05-20T16:43:24.396540" elapsed="0.001845"/>
</kw>
<status status="PASS" start="2025-05-20T16:43:24.395772" elapsed="0.002803"/>
</branch>
<status status="PASS" start="2025-05-20T16:43:24.395733" elapsed="0.002931"/>
</if>
<kw name="Set Test Variable" owner="BuiltIn">
<msg time="2025-05-20T16:43:24.400073" level="INFO">${RESPOSTA} = {'message': 'Cadastro realizado com sucesso', '_id': 'xLYxJCxrXKjVQnug'}</msg>
<arg>${RESPOSTA}</arg>
<arg>${resposta.json()}</arg>
<doc>Makes a variable available everywhere within the scope of the current test.</doc>
<status status="PASS" start="2025-05-20T16:43:24.398956" elapsed="0.001226"/>
</kw>
<arg>email=${EMAIL_TESTE}</arg>
<arg>status_code_desejado=201</arg>
<status status="PASS" start="2025-05-20T16:43:24.007021" elapsed="0.393288"/>
</kw>
<kw name="Realizar o login com usuário" owner="api_testing_usuarios">
<kw name="Create Dictionary" owner="BuiltIn">
<msg time="2025-05-20T16:43:24.401737" level="INFO">${body} = {'email': 'ciab@emailteste.com', 'password': '1234'}</msg>
<var>${body}</var>
<arg>email=${EMAIL_TESTE}</arg>
<arg>password=1234</arg>
<doc>Creates and returns a dictionary based on the given ``items``.</doc>
<status status="PASS" start="2025-05-20T16:43:24.401409" elapsed="0.000375"/>
</kw>
<kw name="Log" owner="BuiltIn">
<msg time="2025-05-20T16:43:24.402141" level="INFO">{'email': 'ciab@emailteste.com', 'password': '1234'}</msg>
<arg>${body}</arg>
<doc>Logs the given message with the given level.</doc>
<status status="PASS" start="2025-05-20T16:43:24.401960" elapsed="0.000251"/>
</kw>
<kw name="POST On Session" owner="RequestsLibrary">
<msg time="2025-05-20T16:43:24.573680" level="INFO">POST Request : url=https://serverest.dev/login 
 path_url=/login 
 headers={'User-Agent': 'python-requests/2.32.3', 'Accept-Encoding': 'gzip, deflate', 'accept': 'application/json', 'Connection': 'keep-alive', 'Content-Type': 'application/json', 'Content-Length': '52'} 
 body=b'{"email": "ciab@emailteste.com", "password": "1234"}' 
 </msg>
<msg time="2025-05-20T16:43:24.573807" level="INFO">POST Response : url=https://serverest.dev/login 
 status=200, reason=OK 
 headers={'access-control-allow-origin': '*', 'x-dns-prefetch-control': 'off', 'x-frame-options': 'SAMEORIGIN', 'strict-transport-security': 'max-age=15552000; includeSubDomains', 'x-download-options': 'noopen', 'x-content-type-options': 'nosniff', 'x-xss-protection': '1; mode=block', 'content-type': 'application/json; charset=utf-8', 'x-cloud-trace-context': '2c07928cf0599f1e567c56566d5f4165', 'date': 'Tue, 20 May 2025 19:43:28 GMT', 'server': 'Google Frontend', 'Content-Length': '272'} 
 body={
    "message": "Login realizado com sucesso",
    "authorization": "Bearer eyJhbGciOiJIUzI1NiIsInR5cCI6IkpXVCJ9.eyJlbWFpbCI6ImNpYWJAZW1haWx0ZXN0ZS5jb20iLCJwYXNzd29yZCI6IjEyMzQiLCJpYXQiOjE3NDc3NzAyMDgsImV4cCI6MTc0Nzc3MDgwOH0.JT9d2h3ypQiyVpTAc9y-M8uFufJmWGJc0s-g0U9KzqU"
} 
 </msg>
<msg time="2025-05-20T16:43:24.573934" level="INFO">c:\Users\cassi\OneDrive\Área de Trabalho\OneDrive\Compass\ApiTesting\.venv\Lib\site-packages\urllib3\connectionpool.py:1097: InsecureRequestWarning: Unverified HTTPS request is being made to host 'serverest.dev'. Adding certificate verification is strongly advised. See: https://urllib3.readthedocs.io/en/latest/advanced-usage.html#tls-warnings
  warnings.warn(</msg>
<msg time="2025-05-20T16:43:24.574450" level="INFO">${login} = &lt;Response [200]&gt;</msg>
<var>${login}</var>
<arg>alias=ServeRest</arg>
<arg>url=/login</arg>
<arg>json=${body}</arg>
<doc>Sends a POST request on a previously created HTTP Session.</doc>
<status status="PASS" start="2025-05-20T16:43:24.402352" elapsed="0.172178"/>
</kw>
<kw name="Log" owner="BuiltIn">
<msg time="2025-05-20T16:43:24.575607" level="INFO">{'message': 'Login realizado com sucesso', 'authorization': 'Bearer eyJhbGciOiJIUzI1NiIsInR5cCI6IkpXVCJ9.eyJlbWFpbCI6ImNpYWJAZW1haWx0ZXN0ZS5jb20iLCJwYXNzd29yZCI6IjEyMzQiLCJpYXQiOjE3NDc3NzAyMDgsImV4cCI6MTc0Nzc3MDgwOH0.JT9d2h3ypQiyVpTAc9y-M8uFufJmWGJc0s-g0U9KzqU'}</msg>
<arg>${login.json()}</arg>
<doc>Logs the given message with the given level.</doc>
<status status="PASS" start="2025-05-20T16:43:24.574843" elapsed="0.000863"/>
</kw>
<kw name="Set Test Variable" owner="BuiltIn">
<msg time="2025-05-20T16:43:24.577346" level="INFO">${RES_LOGIN} = {'message': 'Login realizado com sucesso', 'authorization': 'Bearer eyJhbGciOiJIUzI1NiIsInR5cCI6IkpXVCJ9.eyJlbWFpbCI6ImNpYWJAZW1haWx0ZXN0ZS5jb20iLCJwYXNzd29yZCI6IjEyMzQiLCJpYXQiOjE3NDc3NzAyMDgsImV4cCI...</msg>
<arg>${RES_LOGIN}</arg>
<arg>${login.json()}</arg>
<doc>Makes a variable available everywhere within the scope of the current test.</doc>
<status status="PASS" start="2025-05-20T16:43:24.575901" elapsed="0.001529"/>
</kw>
<status status="PASS" start="2025-05-20T16:43:24.400980" elapsed="0.176558"/>
</kw>
<kw name="Conferir se o login ocorreu com sucesso" owner="api_testing_usuarios">
<kw name="Log" owner="BuiltIn">
<msg time="2025-05-20T16:43:24.578650" level="INFO">{'message': 'Login realizado com sucesso', 'authorization': 'Bearer eyJhbGciOiJIUzI1NiIsInR5cCI6IkpXVCJ9.eyJlbWFpbCI6ImNpYWJAZW1haWx0ZXN0ZS5jb20iLCJwYXNzd29yZCI6IjEyMzQiLCJpYXQiOjE3NDc3NzAyMDgsImV4cCI6MTc0Nzc3MDgwOH0.JT9d2h3ypQiyVpTAc9y-M8uFufJmWGJc0s-g0U9KzqU'}</msg>
<arg>${RES_LOGIN}</arg>
<doc>Logs the given message with the given level.</doc>
<status status="PASS" start="2025-05-20T16:43:24.578449" elapsed="0.000433"/>
</kw>
<kw name="Dictionary Should Contain Item" owner="Collections">
<arg>${RES_LOGIN}</arg>
<arg>message</arg>
<arg>Login realizado com sucesso</arg>
<doc>An item of ``key`` / ``value`` must be found in a ``dictionary``.</doc>
<status status="PASS" start="2025-05-20T16:43:24.579051" elapsed="0.000246"/>
</kw>
<kw name="Dictionary Should Contain Key" owner="Collections">
<arg>${RES_LOGIN}</arg>
<arg>authorization</arg>
<doc>Fails if ``key`` is not found from ``dictionary``.</doc>
<status status="PASS" start="2025-05-20T16:43:24.579462" elapsed="0.000256"/>
</kw>
<status status="PASS" start="2025-05-20T16:43:24.578022" elapsed="0.001798"/>
</kw>
<status status="PASS" start="2025-05-20T16:43:23.999770" elapsed="0.580432"/>
</test>
<status status="PASS" start="2025-05-20T16:43:21.541578" elapsed="3.040465"/>
</suite>
<statistics>
<total>
<stat pass="4" fail="0" skip="0">All Tests</stat>
</total>
<tag>
</tag>
<suite>
<stat name="Api Testing Usuarios" id="s1" pass="4" fail="0" skip="0">Api Testing Usuarios</stat>
</suite>
</statistics>
<errors>
</errors>
</robot>
